<?xml version="1.0" encoding="UTF-8"?>
<testng-results ignored="0" total="3" passed="3" failed="0" skipped="0">
  <reporter-output>
  </reporter-output>
  <suite started-at="2025-11-13T23:12:23 IST" name="Default suite" finished-at="2025-11-13T23:13:09 IST" duration-ms="45962">
    <groups>
      <group name="cucumber">
        <method signature="AbstractTestNGCucumberTests.runScenario(io.cucumber.testng.PickleWrapper,io.cucumber.testng.FeatureWrapper)[pri:0, instance:com.runner.TestRunnerTestNG@7b02881e]" name="runScenario" class="io.cucumber.testng.AbstractTestNGCucumberTests"/>
      </group> <!-- cucumber -->
    </groups>
    <test started-at="2025-11-13T23:12:23 IST" name="Default test" finished-at="2025-11-13T23:13:09 IST" duration-ms="45962">
      <class name="com.runner.TestRunnerTestNG">
        <test-method is-config="true" signature="setUpClass(org.testng.ITestContext)[pri:0, instance:com.runner.TestRunnerTestNG@7b02881e]" started-at="2025-11-13T23:12:23 IST" name="setUpClass" finished-at="2025-11-13T23:12:24 IST" duration-ms="972" status="PASS">
          <params>
            <param index="0">
              <value>
                <![CDATA[org.testng.TestRunner@9accff0]]>
              </value>
            </param>
          </params>
          <reporter-output>
          </reporter-output>
        </test-method> <!-- setUpClass -->
        <test-method signature="runScenario(io.cucumber.testng.PickleWrapper,io.cucumber.testng.FeatureWrapper)[pri:0, instance:com.runner.TestRunnerTestNG@7b02881e]" started-at="2025-11-13T23:12:24 IST" name="runScenario" description="Runs Cucumber Scenarios" data-provider="scenarios" finished-at="2025-11-13T23:12:39 IST" duration-ms="15163" status="PASS">
          <params>
            <param index="0">
              <value>
                <![CDATA["User searches and validates courses dynamically from Excel"]]>
              </value>
            </param>
            <param index="1">
              <value>
                <![CDATA["Navigate to Edureka Blog and open Machine Learning with Mahout article"]]>
              </value>
            </param>
          </params>
          <reporter-output>
          </reporter-output>
        </test-method> <!-- runScenario -->
        <test-method signature="runScenario(io.cucumber.testng.PickleWrapper,io.cucumber.testng.FeatureWrapper)[pri:0, instance:com.runner.TestRunnerTestNG@7b02881e]" started-at="2025-11-13T23:12:39 IST" name="runScenario" description="Runs Cucumber Scenarios" data-provider="scenarios" finished-at="2025-11-13T23:12:54 IST" duration-ms="14973" status="PASS">
          <params>
            <param index="0">
              <value>
                <![CDATA["User searches and validates courses dynamically from Excel"]]>
              </value>
            </param>
            <param index="1">
              <value>
                <![CDATA["Navigate to Edureka Blog and open Machine Learning with Mahout article"]]>
              </value>
            </param>
          </params>
          <reporter-output>
          </reporter-output>
        </test-method> <!-- runScenario -->
        <test-method signature="runScenario(io.cucumber.testng.PickleWrapper,io.cucumber.testng.FeatureWrapper)[pri:0, instance:com.runner.TestRunnerTestNG@7b02881e]" started-at="2025-11-13T23:12:54 IST" name="runScenario" description="Runs Cucumber Scenarios" data-provider="scenarios" finished-at="2025-11-13T23:13:09 IST" duration-ms="14648" status="PASS">
          <params>
            <param index="0">
              <value>
                <![CDATA["User searches and validates courses dynamically from Excel"]]>
              </value>
            </param>
            <param index="1">
              <value>
                <![CDATA["Navigate to Edureka Blog and open Machine Learning with Mahout article"]]>
              </value>
            </param>
          </params>
          <reporter-output>
          </reporter-output>
        </test-method> <!-- runScenario -->
        <test-method is-config="true" signature="tearDownClass()[pri:0, instance:com.runner.TestRunnerTestNG@7b02881e]" started-at="2025-11-13T23:13:09 IST" name="tearDownClass" finished-at="2025-11-13T23:13:09 IST" duration-ms="137" status="PASS">
          <reporter-output>
          </reporter-output>
        </test-method> <!-- tearDownClass -->
      </class> <!-- com.runner.TestRunnerTestNG -->
    </test> <!-- Default test -->
  </suite> <!-- Default suite -->
</testng-results>
