<?xml version="1.0" encoding="UTF-8"?>
<testng-results ignored="0" total="4" passed="0" failed="4" skipped="0">
  <reporter-output>
  </reporter-output>
  <suite started-at="2025-11-12T23:54:39 IST" name="Default suite" finished-at="2025-11-12T23:54:52 IST" duration-ms="12397">
    <groups>
      <group name="cucumber">
        <method signature="AbstractTestNGCucumberTests.runScenario(io.cucumber.testng.PickleWrapper,io.cucumber.testng.FeatureWrapper)[pri:0, instance:com.runner.TestRunnerTestNG@3c0be339]" name="runScenario" class="io.cucumber.testng.AbstractTestNGCucumberTests"/>
      </group> <!-- cucumber -->
    </groups>
    <test started-at="2025-11-12T23:54:39 IST" name="Default test" finished-at="2025-11-12T23:54:52 IST" duration-ms="12397">
      <class name="com.runner.TestRunnerTestNG">
        <test-method is-config="true" signature="setUpClass(org.testng.ITestContext)[pri:0, instance:com.runner.TestRunnerTestNG@3c0be339]" started-at="2025-11-12T23:54:40 IST" name="setUpClass" finished-at="2025-11-12T23:54:40 IST" duration-ms="744" status="PASS">
          <params>
            <param index="0">
              <value>
                <![CDATA[org.testng.TestRunner@31db34da]]>
              </value>
            </param>
          </params>
          <reporter-output>
          </reporter-output>
        </test-method> <!-- setUpClass -->
        <test-method signature="runScenario(io.cucumber.testng.PickleWrapper,io.cucumber.testng.FeatureWrapper)[pri:0, instance:com.runner.TestRunnerTestNG@3c0be339]" started-at="2025-11-12T23:54:40 IST" name="runScenario" description="Runs Cucumber Scenarios" data-provider="scenarios" finished-at="2025-11-12T23:54:44 IST" duration-ms="3903" status="FAIL">
          <params>
            <param index="0">
              <value>
                <![CDATA["User searches and joins a community on Edureka"]]>
              </value>
            </param>
            <param index="1">
              <value>
                <![CDATA["Navigate to Edureka Blog and open Machine Learning with Mahout article"]]>
              </value>
            </param>
          </params>
          <exception class="java.lang.NoSuchMethodError">
            <message>
              <![CDATA['org.apache.commons.compress.archivers.zip.ZipArchiveEntry org.apache.commons.compress.archivers.zip.ZipArchiveInputStream.getNextEntry()']]>
            </message>
            <full-stacktrace>
              <![CDATA[java.lang.NoSuchMethodError: 'org.apache.commons.compress.archivers.zip.ZipArchiveEntry org.apache.commons.compress.archivers.zip.ZipArchiveInputStream.getNextEntry()'
at org.apache.poi.openxml4j.util.ZipArchiveThresholdInputStream.getNextEntry(ZipArchiveThresholdInputStream.java:150)
at org.apache.poi.openxml4j.util.ZipInputStreamZipEntrySource.<init>(ZipInputStreamZipEntrySource.java:101)
at org.apache.poi.openxml4j.opc.ZipPackage.<init>(ZipPackage.java:211)
at org.apache.poi.openxml4j.opc.OPCPackage.open(OPCPackage.java:517)
at org.apache.poi.openxml4j.opc.OPCPackage.open(OPCPackage.java:490)
at org.apache.poi.ooxml.util.PackageHelper.open(PackageHelper.java:67)
at org.apache.poi.xssf.usermodel.XSSFWorkbook.<init>(XSSFWorkbook.java:315)
at org.apache.poi.xssf.usermodel.XSSFWorkbook.<init>(XSSFWorkbook.java:289)
at com.Parameters.ExcelReader.getLocalityByRow(ExcelReader.java:10)
at com.stepDefinitionTestNG.Community.the_user_navigates_to_the_homepage_from_excel(Community.java:21)
at ✽.the user navigates to the homepage from Property file with row 0(file:///C:/Sprint/resources/src/test/resources/Features/resources.feature:26)
]]>
            </full-stacktrace>
          </exception> <!-- java.lang.NoSuchMethodError -->
          <reporter-output>
          </reporter-output>
        </test-method> <!-- runScenario -->
        <test-method signature="runScenario(io.cucumber.testng.PickleWrapper,io.cucumber.testng.FeatureWrapper)[pri:0, instance:com.runner.TestRunnerTestNG@3c0be339]" started-at="2025-11-12T23:54:44 IST" name="runScenario" description="Runs Cucumber Scenarios" data-provider="scenarios" finished-at="2025-11-12T23:54:47 IST" duration-ms="2701" status="FAIL">
          <params>
            <param index="0">
              <value>
                <![CDATA["User searches and joins a community on Edureka"]]>
              </value>
            </param>
            <param index="1">
              <value>
                <![CDATA["Navigate to Edureka Blog and open Machine Learning with Mahout article"]]>
              </value>
            </param>
          </params>
          <exception class="java.lang.NoSuchMethodError">
            <message>
              <![CDATA['org.apache.commons.compress.archivers.zip.ZipArchiveEntry org.apache.commons.compress.archivers.zip.ZipArchiveInputStream.getNextEntry()']]>
            </message>
            <full-stacktrace>
              <![CDATA[java.lang.NoSuchMethodError: 'org.apache.commons.compress.archivers.zip.ZipArchiveEntry org.apache.commons.compress.archivers.zip.ZipArchiveInputStream.getNextEntry()'
at org.apache.poi.openxml4j.util.ZipArchiveThresholdInputStream.getNextEntry(ZipArchiveThresholdInputStream.java:150)
at org.apache.poi.openxml4j.util.ZipInputStreamZipEntrySource.<init>(ZipInputStreamZipEntrySource.java:101)
at org.apache.poi.openxml4j.opc.ZipPackage.<init>(ZipPackage.java:211)
at org.apache.poi.openxml4j.opc.OPCPackage.open(OPCPackage.java:517)
at org.apache.poi.openxml4j.opc.OPCPackage.open(OPCPackage.java:490)
at org.apache.poi.ooxml.util.PackageHelper.open(PackageHelper.java:67)
at org.apache.poi.xssf.usermodel.XSSFWorkbook.<init>(XSSFWorkbook.java:315)
at org.apache.poi.xssf.usermodel.XSSFWorkbook.<init>(XSSFWorkbook.java:289)
at com.Parameters.ExcelReader.getLocalityByRow(ExcelReader.java:10)
at com.stepDefinitionTestNG.Community.the_user_navigates_to_the_homepage_from_excel(Community.java:21)
at ✽.the user navigates to the homepage from Property file with row 1(file:///C:/Sprint/resources/src/test/resources/Features/resources.feature:26)
]]>
            </full-stacktrace>
          </exception> <!-- java.lang.NoSuchMethodError -->
          <reporter-output>
          </reporter-output>
        </test-method> <!-- runScenario -->
        <test-method signature="runScenario(io.cucumber.testng.PickleWrapper,io.cucumber.testng.FeatureWrapper)[pri:0, instance:com.runner.TestRunnerTestNG@3c0be339]" started-at="2025-11-12T23:54:47 IST" name="runScenario" description="Runs Cucumber Scenarios" data-provider="scenarios" finished-at="2025-11-12T23:54:49 IST" duration-ms="2456" status="FAIL">
          <params>
            <param index="0">
              <value>
                <![CDATA["User searches and joins a community on Edureka"]]>
              </value>
            </param>
            <param index="1">
              <value>
                <![CDATA["Navigate to Edureka Blog and open Machine Learning with Mahout article"]]>
              </value>
            </param>
          </params>
          <exception class="java.lang.NoSuchMethodError">
            <message>
              <![CDATA['org.apache.commons.compress.archivers.zip.ZipArchiveEntry org.apache.commons.compress.archivers.zip.ZipArchiveInputStream.getNextEntry()']]>
            </message>
            <full-stacktrace>
              <![CDATA[java.lang.NoSuchMethodError: 'org.apache.commons.compress.archivers.zip.ZipArchiveEntry org.apache.commons.compress.archivers.zip.ZipArchiveInputStream.getNextEntry()'
at org.apache.poi.openxml4j.util.ZipArchiveThresholdInputStream.getNextEntry(ZipArchiveThresholdInputStream.java:150)
at org.apache.poi.openxml4j.util.ZipInputStreamZipEntrySource.<init>(ZipInputStreamZipEntrySource.java:101)
at org.apache.poi.openxml4j.opc.ZipPackage.<init>(ZipPackage.java:211)
at org.apache.poi.openxml4j.opc.OPCPackage.open(OPCPackage.java:517)
at org.apache.poi.openxml4j.opc.OPCPackage.open(OPCPackage.java:490)
at org.apache.poi.ooxml.util.PackageHelper.open(PackageHelper.java:67)
at org.apache.poi.xssf.usermodel.XSSFWorkbook.<init>(XSSFWorkbook.java:315)
at org.apache.poi.xssf.usermodel.XSSFWorkbook.<init>(XSSFWorkbook.java:289)
at com.Parameters.ExcelReader.getLocalityByRow(ExcelReader.java:10)
at com.stepDefinitionTestNG.Community.the_user_navigates_to_the_homepage_from_excel(Community.java:21)
at ✽.the user navigates to the homepage from Property file with row 2(file:///C:/Sprint/resources/src/test/resources/Features/resources.feature:26)
]]>
            </full-stacktrace>
          </exception> <!-- java.lang.NoSuchMethodError -->
          <reporter-output>
          </reporter-output>
        </test-method> <!-- runScenario -->
        <test-method signature="runScenario(io.cucumber.testng.PickleWrapper,io.cucumber.testng.FeatureWrapper)[pri:0, instance:com.runner.TestRunnerTestNG@3c0be339]" started-at="2025-11-12T23:54:49 IST" name="runScenario" description="Runs Cucumber Scenarios" data-provider="scenarios" finished-at="2025-11-12T23:54:52 IST" duration-ms="2458" status="FAIL">
          <params>
            <param index="0">
              <value>
                <![CDATA["User searches and joins a community on Edureka"]]>
              </value>
            </param>
            <param index="1">
              <value>
                <![CDATA["Navigate to Edureka Blog and open Machine Learning with Mahout article"]]>
              </value>
            </param>
          </params>
          <exception class="java.lang.NoSuchMethodError">
            <message>
              <![CDATA['org.apache.commons.compress.archivers.zip.ZipArchiveEntry org.apache.commons.compress.archivers.zip.ZipArchiveInputStream.getNextEntry()']]>
            </message>
            <full-stacktrace>
              <![CDATA[java.lang.NoSuchMethodError: 'org.apache.commons.compress.archivers.zip.ZipArchiveEntry org.apache.commons.compress.archivers.zip.ZipArchiveInputStream.getNextEntry()'
at org.apache.poi.openxml4j.util.ZipArchiveThresholdInputStream.getNextEntry(ZipArchiveThresholdInputStream.java:150)
at org.apache.poi.openxml4j.util.ZipInputStreamZipEntrySource.<init>(ZipInputStreamZipEntrySource.java:101)
at org.apache.poi.openxml4j.opc.ZipPackage.<init>(ZipPackage.java:211)
at org.apache.poi.openxml4j.opc.OPCPackage.open(OPCPackage.java:517)
at org.apache.poi.openxml4j.opc.OPCPackage.open(OPCPackage.java:490)
at org.apache.poi.ooxml.util.PackageHelper.open(PackageHelper.java:67)
at org.apache.poi.xssf.usermodel.XSSFWorkbook.<init>(XSSFWorkbook.java:315)
at org.apache.poi.xssf.usermodel.XSSFWorkbook.<init>(XSSFWorkbook.java:289)
at com.Parameters.ExcelReader.getLocalityByRow(ExcelReader.java:10)
at com.stepDefinitionTestNG.Community.the_user_navigates_to_the_homepage_from_excel(Community.java:21)
at ✽.the user navigates to the homepage from Property file with row 3(file:///C:/Sprint/resources/src/test/resources/Features/resources.feature:26)
]]>
            </full-stacktrace>
          </exception> <!-- java.lang.NoSuchMethodError -->
          <reporter-output>
          </reporter-output>
        </test-method> <!-- runScenario -->
        <test-method is-config="true" signature="tearDownClass()[pri:0, instance:com.runner.TestRunnerTestNG@3c0be339]" started-at="2025-11-12T23:54:52 IST" name="tearDownClass" finished-at="2025-11-12T23:54:52 IST" duration-ms="64" status="PASS">
          <reporter-output>
          </reporter-output>
        </test-method> <!-- tearDownClass -->
      </class> <!-- com.runner.TestRunnerTestNG -->
    </test> <!-- Default test -->
  </suite> <!-- Default suite -->
</testng-results>
