<?xml version="1.0" encoding="UTF-8"?>
<!-- Generated by org.testng.reporters.JUnitReportReporter -->
<testsuite hostname="LIN-5CD53088KL" failures="0" tests="1" name="com.runner.TestRunnerTestNG" time="4.310" errors="1" timestamp="2025-11-11T23:17:33 IST" skipped="0">
  <testcase classname="com.runner.TestRunnerTestNG" name="runScenario" time="4.310">
    <error message="Cannot invoke &quot;org.openqa.selenium.JavascriptExecutor.executeScript(String, Object[])&quot; because &quot;com.pages.TrendingCoursesPage.driver&quot; is null" type="java.lang.NullPointerException">
      <![CDATA[java.lang.NullPointerException: Cannot invoke "org.openqa.selenium.JavascriptExecutor.executeScript(String, Object[])" because "com.pages.TrendingCoursesPage.driver" is null
at com.pages.TrendingCoursesPage.scrollToTrendingCourses(TrendingCoursesPage.java:38)
at com.stepDefinitionTestNG.TrendingCourses.the_user_scrolls_to_the_trending_courses_section(TrendingCourses.java:30)
at ✽.the user scrolls to the Trending Courses section(file:///C:/Users/murvyshn/Sprint/TrendingCourses/src/test/resources/Features/trending_course.feature:5)
]]>
    </error>
  </testcase> <!-- runScenario -->
</testsuite> <!-- com.runner.TestRunnerTestNG -->
