<?xml version="1.0" encoding="UTF-8"?>
<!-- Generated by org.testng.reporters.JUnitReportReporter -->
<testsuite hostname="LIN-5CD5308691" failures="0" tests="5" name="com.runner.RunnerTestNG" time="112.691" errors="0" timestamp="2025-11-13T18:05:26 IST" skipped="0">
  <testcase classname="com.runner.RunnerTestNG" name="runScenario" time="18.027"/>
  <testcase classname="com.runner.RunnerTestNG" name="runScenario" time="49.342"/>
  <testcase classname="com.runner.RunnerTestNG" name="runScenario" time="11.739"/>
  <testcase classname="com.runner.RunnerTestNG" name="runScenario" time="13.763"/>
  <testcase classname="com.runner.RunnerTestNG" name="runScenario" time="19.820"/>
</testsuite> <!-- com.runner.RunnerTestNG -->
