<?xml version="1.0" encoding="UTF-8"?>
<!-- Generated by org.testng.reporters.JUnitReportReporter -->
<testsuite hostname="LIN-5CD53088K3" failures="0" tests="3" name="com.runner.TestRunnerTestNG" time="89.636" errors="0" timestamp="2025-11-12T23:15:04 IST" skipped="0">
  <testcase classname="com.runner.TestRunnerTestNG" name="runScenario" time="29.182"/>
  <testcase classname="com.runner.TestRunnerTestNG" name="runScenario" time="29.149"/>
  <testcase classname="com.runner.TestRunnerTestNG" name="runScenario" time="31.305"/>
</testsuite> <!-- com.runner.TestRunnerTestNG -->
