<?xml version="1.0" encoding="UTF-8"?>
<!-- Generated by org.testng.reporters.JUnitReportReporter -->
<testsuite hostname="LIN-5CD53088K3" failures="0" tests="3" name="com.runner.TestRunnerTestNG" time="97.409" errors="0" timestamp="2025-11-13T15:42:15 IST" skipped="0">
  <testcase classname="com.runner.TestRunnerTestNG" name="runScenario" time="28.810"/>
  <testcase classname="com.runner.TestRunnerTestNG" name="runScenario" time="35.720"/>
  <testcase classname="com.runner.TestRunnerTestNG" name="runScenario" time="32.879"/>
</testsuite> <!-- com.runner.TestRunnerTestNG -->
