<?xml version="1.0" encoding="UTF-8"?>
<!-- Generated by org.testng.reporters.JUnitReportReporter -->
<testsuite hostname="LIN-5CD53088K3" failures="0" tests="3" name="com.runner.TestRunnerTestNG" time="42.127" errors="0" timestamp="2025-11-11T19:16:58 IST" skipped="0">
  <testcase classname="com.runner.TestRunnerTestNG" name="runScenario" time="22.406"/>
  <testcase classname="com.runner.TestRunnerTestNG" name="runScenario" time="19.719"/>
  <testcase classname="com.runner.TestRunnerTestNG" name="runScenario" time="0.002"/>
</testsuite> <!-- com.runner.TestRunnerTestNG -->
