<?xml version="1.0" encoding="UTF-8"?>
<!-- Generated by org.testng.reporters.JUnitXMLReporter -->
<testsuite ignored="0" hostname="LIN-5CD53088KL" failures="1" tests="1" name="Default test" time="5.45" errors="0" timestamp="2025-11-11T23:17:33 IST">
  <testcase classname="io.cucumber.testng.AbstractTestNGCucumberTests" name="runScenario" time="4.31">
    <failure type="java.lang.NullPointerException" message="Cannot invoke &amp;quot;org.openqa.selenium.JavascriptExecutor.executeScript(String, Object[])&amp;quot; because &amp;quot;com.pages.TrendingCoursesPage.driver&amp;quot; is null">
      <![CDATA[java.lang.NullPointerException: Cannot invoke "org.openqa.selenium.JavascriptExecutor.executeScript(String, Object[])" because "com.pages.TrendingCoursesPage.driver" is null
at com.pages.TrendingCoursesPage.scrollToTrendingCourses(TrendingCoursesPage.java:38)
at com.stepDefinitionTestNG.TrendingCourses.the_user_scrolls_to_the_trending_courses_section(TrendingCourses.java:30)
at ✽.the user scrolls to the Trending Courses section(file:///C:/Users/murvyshn/Sprint/TrendingCourses/src/test/resources/Features/trending_course.feature:5)
]]>
    </failure>
  </testcase> <!-- runScenario -->
</testsuite> <!-- Default test -->
