<?xml version="1.0" encoding="UTF-8"?>
<testsuite name="Cucumber" time="179.588" tests="8" skipped="0" failures="0" errors="0" timestamp="2025-11-17T06:06:23.750079600Z">
<testcase classname="Validate Search Course functionality on Edureka website" name="Verify scarch navigation and course details for valid course" time="29.085">
<system-out><![CDATA[
Given The browser is launched and the Edureka homepage is opened............passed
When I click on the Search course bar.......................................passed
And I enter Manasa in the search input field................................passed
Then The result should be Your search did not match any courses.............passed
]]></system-out>
</testcase>
<testcase classname="Validate Search Course functionality on Edureka website" name="Verify navigating through Popular Courses and applying filters" time="29.152">
<system-out><![CDATA[
Given The browser is launched and the Edureka homepage is opened............passed
When I click on the Search course bar.......................................passed
And I click on aws technology...............................................passed
And The user clicks on Job Role.............................................passed
And Select filter from AWS page.............................................passed
Then The page should display Cloud Devops courses...........................passed
]]></system-out>
</testcase>
<testcase classname="Validate Search Course functionality on Edureka website" name="Verify Search Courses - #1.1" time="17.506">
<system-out><![CDATA[
Given The browser is launched and the Edureka homepage is opened............passed
When I click on the Search course bar.......................................passed
And I enter course name from sheet 0 and row 0..............................passed
Then Search results page should be displayed................................passed
]]></system-out>
</testcase>
<testcase classname="Validate Search Course functionality on Edureka website" name="Verify Search Courses - #1.2" time="15.968">
<system-out><![CDATA[
Given The browser is launched and the Edureka homepage is opened............passed
When I click on the Search course bar.......................................passed
And I enter course name from sheet 0 and row 1..............................passed
Then Search results page should be displayed................................passed
]]></system-out>
</testcase>
<testcase classname="Validate Search Course functionality on Edureka website" name="Verify Form Submission - #1.1" time="25.166">
<system-out><![CDATA[
Given The browser is launched and the Edureka homepage is opened............passed
When I click on the Search course bar.......................................passed
And I click on ChatGPT......................................................passed
And I click on Generative AI Course Masters Program.........................passed
And I click Get in Touch....................................................passed
And I fill the form using data from sheet 2 and row 1.......................passed
And I click on submit.......................................................passed
Then Thank You is displayed.................................................passed
]]></system-out>
</testcase>
<testcase classname="Validate Search Course functionality on Edureka website" name="Verify Form Submission - #1.2" time="28.064">
<system-out><![CDATA[
Given The browser is launched and the Edureka homepage is opened............passed
When I click on the Search course bar.......................................passed
And I click on ChatGPT......................................................passed
And I click on Generative AI Course Masters Program.........................passed
And I click Get in Touch....................................................passed
And I fill the form using data from sheet 2 and row 2.......................passed
And I click on submit.......................................................passed
Then Thank You is displayed.................................................passed
]]></system-out>
</testcase>
<testcase classname="Validate Search Course functionality on Edureka website" name="Verify View Courses" time="10.584">
<system-out><![CDATA[
Given The browser is launched and the Edureka homepage is opened............passed
When I click on the Search course bar.......................................passed
And I click on DevOps.......................................................passed
And I click on View Details.................................................passed
And I click on Times Now....................................................passed
Then Times Now Article is visible...........................................passed
]]></system-out>
</testcase>
<testcase classname="Validate Search Course functionality on Edureka website" name="Verify Popular Course Categories" time="22.825">
<system-out><![CDATA[
Given The browser is launched and the Edureka homepage is opened............passed
When I click on the Search course bar.......................................passed
And I click on Power BI.....................................................passed
And I click on course.......................................................passed
And I click on Google Reviews...............................................passed
Then Google Reviews page is displayed.......................................passed
]]></system-out>
</testcase>
</testsuite>
