<?xml version="1.0" encoding="UTF-8"?>
<testng-results ignored="0" total="3" passed="0" failed="3" skipped="0">
  <reporter-output>
  </reporter-output>
  <suite started-at="2025-11-14T18:03:56 IST" name="Default suite" finished-at="2025-11-14T18:04:13 IST" duration-ms="17514">
    <groups>
      <group name="cucumber">
        <method signature="AbstractTestNGCucumberTests.runScenario(io.cucumber.testng.PickleWrapper,io.cucumber.testng.FeatureWrapper)[pri:0, instance:com.runner.TestRunnerTestNG@7e9131d5]" name="runScenario" class="io.cucumber.testng.AbstractTestNGCucumberTests"/>
      </group> <!-- cucumber -->
    </groups>
    <test started-at="2025-11-14T18:03:56 IST" name="Default test" finished-at="2025-11-14T18:04:13 IST" duration-ms="17514">
      <class name="com.runner.TestRunnerTestNG">
        <test-method is-config="true" signature="setUpClass(org.testng.ITestContext)[pri:0, instance:com.runner.TestRunnerTestNG@7e9131d5]" started-at="2025-11-14T18:03:56 IST" name="setUpClass" finished-at="2025-11-14T18:03:57 IST" duration-ms="923" status="PASS">
          <params>
            <param index="0">
              <value>
                <![CDATA[org.testng.TestRunner@15b82644]]>
              </value>
            </param>
          </params>
          <reporter-output>
          </reporter-output>
        </test-method> <!-- setUpClass -->
        <test-method signature="runScenario(io.cucumber.testng.PickleWrapper,io.cucumber.testng.FeatureWrapper)[pri:0, instance:com.runner.TestRunnerTestNG@7e9131d5]" started-at="2025-11-14T18:03:57 IST" name="runScenario" description="Runs Cucumber Scenarios" data-provider="scenarios" finished-at="2025-11-14T18:04:03 IST" duration-ms="6720" status="FAIL">
          <params>
            <param index="0">
              <value>
                <![CDATA["View More"]]>
              </value>
            </param>
            <param index="1">
              <value>
                <![CDATA["Trending Courses"]]>
              </value>
            </param>
          </params>
          <exception class="java.lang.NullPointerException">
            <message>
              <![CDATA[Cannot invoke "com.pages.ViewMorePage.clickViewMore()" because "this.viewMorePage" is null]]>
            </message>
            <full-stacktrace>
              <![CDATA[java.lang.NullPointerException: Cannot invoke "com.pages.ViewMorePage.clickViewMore()" because "this.viewMorePage" is null
at com.stepDefinitionTestNG.ViewMore.the_user_clicks_on_view_more_button(ViewMore.java:33)
at ✽.the user clicks on View More button(file:///C:/Users/murvyshn/Sprint/TrendingCourses/src/test/resources/Features/trending_course.feature:34)
]]>
            </full-stacktrace>
          </exception> <!-- java.lang.NullPointerException -->
          <reporter-output>
          </reporter-output>
        </test-method> <!-- runScenario -->
        <test-method signature="runScenario(io.cucumber.testng.PickleWrapper,io.cucumber.testng.FeatureWrapper)[pri:0, instance:com.runner.TestRunnerTestNG@7e9131d5]" started-at="2025-11-14T18:04:03 IST" name="runScenario" description="Runs Cucumber Scenarios" data-provider="scenarios" finished-at="2025-11-14T18:04:08 IST" duration-ms="4796" status="FAIL">
          <params>
            <param index="0">
              <value>
                <![CDATA["View More"]]>
              </value>
            </param>
            <param index="1">
              <value>
                <![CDATA["Trending Courses"]]>
              </value>
            </param>
          </params>
          <exception class="java.lang.NullPointerException">
            <message>
              <![CDATA[Cannot invoke "com.pages.ViewMorePage.clickViewMore()" because "this.viewMorePage" is null]]>
            </message>
            <full-stacktrace>
              <![CDATA[java.lang.NullPointerException: Cannot invoke "com.pages.ViewMorePage.clickViewMore()" because "this.viewMorePage" is null
at com.stepDefinitionTestNG.ViewMore.the_user_clicks_on_view_more_button(ViewMore.java:33)
at ✽.the user clicks on View More button(file:///C:/Users/murvyshn/Sprint/TrendingCourses/src/test/resources/Features/trending_course.feature:34)
]]>
            </full-stacktrace>
          </exception> <!-- java.lang.NullPointerException -->
          <reporter-output>
          </reporter-output>
        </test-method> <!-- runScenario -->
        <test-method signature="runScenario(io.cucumber.testng.PickleWrapper,io.cucumber.testng.FeatureWrapper)[pri:0, instance:com.runner.TestRunnerTestNG@7e9131d5]" started-at="2025-11-14T18:04:08 IST" name="runScenario" description="Runs Cucumber Scenarios" data-provider="scenarios" finished-at="2025-11-14T18:04:13 IST" duration-ms="4935" status="FAIL">
          <params>
            <param index="0">
              <value>
                <![CDATA["View More"]]>
              </value>
            </param>
            <param index="1">
              <value>
                <![CDATA["Trending Courses"]]>
              </value>
            </param>
          </params>
          <exception class="java.lang.NullPointerException">
            <message>
              <![CDATA[Cannot invoke "com.pages.ViewMorePage.clickViewMore()" because "this.viewMorePage" is null]]>
            </message>
            <full-stacktrace>
              <![CDATA[java.lang.NullPointerException: Cannot invoke "com.pages.ViewMorePage.clickViewMore()" because "this.viewMorePage" is null
at com.stepDefinitionTestNG.ViewMore.the_user_clicks_on_view_more_button(ViewMore.java:33)
at ✽.the user clicks on View More button(file:///C:/Users/murvyshn/Sprint/TrendingCourses/src/test/resources/Features/trending_course.feature:34)
]]>
            </full-stacktrace>
          </exception> <!-- java.lang.NullPointerException -->
          <reporter-output>
          </reporter-output>
        </test-method> <!-- runScenario -->
        <test-method is-config="true" signature="tearDownClass()[pri:0, instance:com.runner.TestRunnerTestNG@7e9131d5]" started-at="2025-11-14T18:04:13 IST" name="tearDownClass" finished-at="2025-11-14T18:04:13 IST" duration-ms="62" status="PASS">
          <reporter-output>
          </reporter-output>
        </test-method> <!-- tearDownClass -->
      </class> <!-- com.runner.TestRunnerTestNG -->
    </test> <!-- Default test -->
  </suite> <!-- Default suite -->
</testng-results>
