<?xml version="1.0" encoding="UTF-8"?>
<!-- Generated by org.testng.reporters.JUnitReportReporter -->
<testsuite hostname="LIN-5CD53088KL" failures="0" tests="3" name="com.runner.TestRunnerTestNG" time="16.451" errors="3" timestamp="2025-11-14T18:04:13 IST" skipped="0">
  <testcase classname="com.runner.TestRunnerTestNG" name="runScenario" time="6.720">
    <error message="Cannot invoke &quot;com.pages.ViewMorePage.clickViewMore()&quot; because &quot;this.viewMorePage&quot; is null" type="java.lang.NullPointerException">
      <![CDATA[java.lang.NullPointerException: Cannot invoke "com.pages.ViewMorePage.clickViewMore()" because "this.viewMorePage" is null
at com.stepDefinitionTestNG.ViewMore.the_user_clicks_on_view_more_button(ViewMore.java:33)
at ✽.the user clicks on View More button(file:///C:/Users/murvyshn/Sprint/TrendingCourses/src/test/resources/Features/trending_course.feature:34)
]]>
    </error>
  </testcase> <!-- runScenario -->
  <testcase classname="com.runner.TestRunnerTestNG" name="runScenario" time="4.935">
    <error message="Cannot invoke &quot;com.pages.ViewMorePage.clickViewMore()&quot; because &quot;this.viewMorePage&quot; is null" type="java.lang.NullPointerException">
      <![CDATA[java.lang.NullPointerException: Cannot invoke "com.pages.ViewMorePage.clickViewMore()" because "this.viewMorePage" is null
at com.stepDefinitionTestNG.ViewMore.the_user_clicks_on_view_more_button(ViewMore.java:33)
at ✽.the user clicks on View More button(file:///C:/Users/murvyshn/Sprint/TrendingCourses/src/test/resources/Features/trending_course.feature:34)
]]>
    </error>
  </testcase> <!-- runScenario -->
  <testcase classname="com.runner.TestRunnerTestNG" name="runScenario" time="4.796">
    <error message="Cannot invoke &quot;com.pages.ViewMorePage.clickViewMore()&quot; because &quot;this.viewMorePage&quot; is null" type="java.lang.NullPointerException">
      <![CDATA[java.lang.NullPointerException: Cannot invoke "com.pages.ViewMorePage.clickViewMore()" because "this.viewMorePage" is null
at com.stepDefinitionTestNG.ViewMore.the_user_clicks_on_view_more_button(ViewMore.java:33)
at ✽.the user clicks on View More button(file:///C:/Users/murvyshn/Sprint/TrendingCourses/src/test/resources/Features/trending_course.feature:34)
]]>
    </error>
  </testcase> <!-- runScenario -->
</testsuite> <!-- com.runner.TestRunnerTestNG -->
