<?xml version="1.0" encoding="UTF-8"?>
<testng-results ignored="0" total="1" passed="0" failed="1" skipped="0">
  <reporter-output>
  </reporter-output>
  <suite started-at="2025-11-11T23:17:27 IST" name="Default suite" finished-at="2025-11-11T23:17:33 IST" duration-ms="5450">
    <groups>
      <group name="cucumber">
        <method signature="AbstractTestNGCucumberTests.runScenario(io.cucumber.testng.PickleWrapper,io.cucumber.testng.FeatureWrapper)[pri:0, instance:com.runner.TestRunnerTestNG@7e9131d5]" name="runScenario" class="io.cucumber.testng.AbstractTestNGCucumberTests"/>
      </group> <!-- cucumber -->
    </groups>
    <test started-at="2025-11-11T23:17:27 IST" name="Default test" finished-at="2025-11-11T23:17:33 IST" duration-ms="5450">
      <class name="com.runner.TestRunnerTestNG">
        <test-method is-config="true" signature="setUpClass(org.testng.ITestContext)[pri:0, instance:com.runner.TestRunnerTestNG@7e9131d5]" started-at="2025-11-11T23:17:27 IST" name="setUpClass" finished-at="2025-11-11T23:17:28 IST" duration-ms="972" status="PASS">
          <params>
            <param index="0">
              <value>
                <![CDATA[org.testng.TestRunner@7063686f]]>
              </value>
            </param>
          </params>
          <reporter-output>
          </reporter-output>
        </test-method> <!-- setUpClass -->
        <test-method signature="runScenario(io.cucumber.testng.PickleWrapper,io.cucumber.testng.FeatureWrapper)[pri:0, instance:com.runner.TestRunnerTestNG@7e9131d5]" started-at="2025-11-11T23:17:28 IST" name="runScenario" description="Runs Cucumber Scenarios" data-provider="scenarios" finished-at="2025-11-11T23:17:33 IST" duration-ms="4310" status="FAIL">
          <params>
            <param index="0">
              <value>
                <![CDATA["Open Edureka and access LLM Prompt Engineering Certification"]]>
              </value>
            </param>
            <param index="1">
              <value>
                <![CDATA["View Trending Courses"]]>
              </value>
            </param>
          </params>
          <exception class="java.lang.NullPointerException">
            <message>
              <![CDATA[Cannot invoke "org.openqa.selenium.JavascriptExecutor.executeScript(String, Object[])" because "com.pages.TrendingCoursesPage.driver" is null]]>
            </message>
            <full-stacktrace>
              <![CDATA[java.lang.NullPointerException: Cannot invoke "org.openqa.selenium.JavascriptExecutor.executeScript(String, Object[])" because "com.pages.TrendingCoursesPage.driver" is null
at com.pages.TrendingCoursesPage.scrollToTrendingCourses(TrendingCoursesPage.java:38)
at com.stepDefinitionTestNG.TrendingCourses.the_user_scrolls_to_the_trending_courses_section(TrendingCourses.java:30)
at ✽.the user scrolls to the Trending Courses section(file:///C:/Users/murvyshn/Sprint/TrendingCourses/src/test/resources/Features/trending_course.feature:5)
]]>
            </full-stacktrace>
          </exception> <!-- java.lang.NullPointerException -->
          <reporter-output>
          </reporter-output>
        </test-method> <!-- runScenario -->
        <test-method is-config="true" signature="tearDownClass()[pri:0, instance:com.runner.TestRunnerTestNG@7e9131d5]" started-at="2025-11-11T23:17:33 IST" name="tearDownClass" finished-at="2025-11-11T23:17:33 IST" duration-ms="69" status="PASS">
          <reporter-output>
          </reporter-output>
        </test-method> <!-- tearDownClass -->
      </class> <!-- com.runner.TestRunnerTestNG -->
    </test> <!-- Default test -->
  </suite> <!-- Default suite -->
</testng-results>
