<?xml version="1.0" encoding="UTF-8"?>
<!-- Generated by org.testng.reporters.JUnitReportReporter -->
<testsuite hostname="LIN-5CD53088KL" failures="1" tests="4" name="com.runner.TestRunnerTestNG" time="42.284" errors="0" timestamp="2025-11-13T13:50:34 IST" skipped="0">
  <testcase classname="com.runner.TestRunnerTestNG" name="runScenario" time="8.097"/>
  <testcase classname="com.runner.TestRunnerTestNG" name="runScenario" time="28.382">
    <failure message="clicked expected [true] but found [false]" type="java.lang.AssertionError">
      <![CDATA[java.lang.AssertionError: clicked expected [true] but found [false]
at org.testng.Assert.fail(Assert.java:111)
at org.testng.Assert.failNotEquals(Assert.java:1590)
at org.testng.Assert.assertTrue(Assert.java:57)
at com.stepDefinitionTestNG.CourseAccess.the_user_clicks_on_the_page_for_llm_prompt_engineering_certification_course(CourseAccess.java:41)
at âœ½.the user clicks on the page for LLM Prompt Engineering Certification Course(file:///C:/Users/murvyshn/Sprint/TrendingCourses/src/test/resources/Features/trending_course.feature:12)
]]>
    </failure>
  </testcase> <!-- runScenario -->
  <testcase classname="com.runner.TestRunnerTestNG" name="runScenario" time="2.721"/>
  <testcase classname="com.runner.TestRunnerTestNG" name="runScenario" time="3.084"/>
</testsuite> <!-- com.runner.TestRunnerTestNG -->
