<?xml version="1.0" encoding="UTF-8"?>
<!-- Generated by org.testng.reporters.JUnitReportReporter -->
<testsuite hostname="LIN-5CD53086DR" failures="0" tests="2" name="com.runner.TestRunnerTestNG" time="42.990" errors="0" timestamp="2025-11-14T17:11:21 IST" skipped="0">
  <testcase classname="com.runner.TestRunnerTestNG" name="runScenario" time="19.508"/>
  <testcase classname="com.runner.TestRunnerTestNG" name="runScenario" time="23.482"/>
</testsuite> <!-- com.runner.TestRunnerTestNG -->
