<?xml version="1.0" encoding="UTF-8"?>
<!-- Generated by org.testng.reporters.JUnitReportReporter -->
<testsuite hostname="LIN-5CD53086DR" failures="0" tests="8" name="com.runner.TestRunnerTestNG" time="178.526" errors="0" timestamp="2025-11-17T11:39:23 IST" skipped="0">
  <testcase classname="com.runner.TestRunnerTestNG" name="runScenario" time="25.172"/>
  <testcase classname="com.runner.TestRunnerTestNG" name="runScenario" time="29.169"/>
  <testcase classname="com.runner.TestRunnerTestNG" name="runScenario" time="28.070"/>
  <testcase classname="com.runner.TestRunnerTestNG" name="runScenario" time="22.826"/>
  <testcase classname="com.runner.TestRunnerTestNG" name="runScenario" time="17.520"/>
  <testcase classname="com.runner.TestRunnerTestNG" name="runScenario" time="29.211"/>
  <testcase classname="com.runner.TestRunnerTestNG" name="runScenario" time="10.586"/>
  <testcase classname="com.runner.TestRunnerTestNG" name="runScenario" time="15.972"/>
</testsuite> <!-- com.runner.TestRunnerTestNG -->
