<?xml version="1.0" encoding="UTF-8"?>
<!-- Generated by org.testng.reporters.JUnitReportReporter -->
<testsuite hostname="LIN-5CD53086DR" failures="0" tests="2" name="com.runner.TestRunnerTestNG" time="32.416" errors="0" timestamp="2025-11-11T22:51:15 IST" skipped="0">
  <testcase classname="com.runner.TestRunnerTestNG" name="runScenario" time="17.928"/>
  <testcase classname="com.runner.TestRunnerTestNG" name="runScenario" time="14.488"/>
</testsuite> <!-- com.runner.TestRunnerTestNG -->
