<?xml version="1.0" encoding="UTF-8"?>
<!-- Generated by org.testng.reporters.JUnitXMLReporter -->
<testsuite ignored="0" hostname="LIN-5CD53086DR" failures="2" tests="2" name="Default test" time="73.294" errors="0" timestamp="2025-11-13T18:14:34 IST">
  <testcase classname="io.cucumber.testng.AbstractTestNGCucumberTests" name="runScenario" time="36.477">
    <failure type="java.lang.AssertionError" message="Failed to enter website: Edureka expected [true] but found [false]">
      <![CDATA[java.lang.AssertionError: Failed to enter website: Edureka expected [true] but found [false]
at org.testng.Assert.fail(Assert.java:111)
at org.testng.Assert.failNotEquals(Assert.java:1590)
at org.testng.Assert.assertTrue(Assert.java:57)
at com.stepDefinitionTestNG.Search.i_enter_website_name_from_sheet_and_row(Search.java:121)
at ✽.I enter website name from sheet 1 and row 0(file:///C:/Sprint_Implementation/SearchCourse/src/test/resources/Features/search.feature:39)
]]>
    </failure>
  </testcase> <!-- runScenario -->
  <testcase classname="io.cucumber.testng.AbstractTestNGCucumberTests" name="runScenario" time="34.941">
    <failure type="java.lang.AssertionError" message="Failed to enter website: Google expected [true] but found [false]">
      <![CDATA[java.lang.AssertionError: Failed to enter website: Google expected [true] but found [false]
at org.testng.Assert.fail(Assert.java:111)
at org.testng.Assert.failNotEquals(Assert.java:1590)
at org.testng.Assert.assertTrue(Assert.java:57)
at com.stepDefinitionTestNG.Search.i_enter_website_name_from_sheet_and_row(Search.java:121)
at ✽.I enter website name from sheet 1 and row 1(file:///C:/Sprint_Implementation/SearchCourse/src/test/resources/Features/search.feature:39)
]]>
    </failure>
  </testcase> <!-- runScenario -->
</testsuite> <!-- Default test -->
