<?xml version="1.0" encoding="UTF-8"?>
<!-- Generated by org.testng.reporters.JUnitReportReporter -->
<testsuite hostname="LIN-5CD53088GH" failures="0" tests="3" name="com.runner.TestRunnerTestNG" time="44.784" errors="0" timestamp="2025-11-13T23:13:09 IST" skipped="0">
  <testcase classname="com.runner.TestRunnerTestNG" name="runScenario" time="14.648"/>
  <testcase classname="com.runner.TestRunnerTestNG" name="runScenario" time="14.973"/>
  <testcase classname="com.runner.TestRunnerTestNG" name="runScenario" time="15.163"/>
</testsuite> <!-- com.runner.TestRunnerTestNG -->
