<?xml version="1.0" encoding="UTF-8"?>
<!-- Generated by org.testng.reporters.JUnitReportReporter -->
<testsuite hostname="LIN-5CD53088GH" failures="0" tests="4" name="com.runner.TestRunnerTestNG" time="11.518" errors="4" timestamp="2025-11-12T23:54:52 IST" skipped="0">
  <testcase classname="com.runner.TestRunnerTestNG" name="runScenario" time="3.903">
    <error message="&#039;org.apache.commons.compress.archivers.zip.ZipArchiveEntry org.apache.commons.compress.archivers.zip.ZipArchiveInputStream.getNextEntry()&#039;" type="java.lang.NoSuchMethodError">
      <![CDATA[java.lang.NoSuchMethodError: 'org.apache.commons.compress.archivers.zip.ZipArchiveEntry org.apache.commons.compress.archivers.zip.ZipArchiveInputStream.getNextEntry()'
at org.apache.poi.openxml4j.util.ZipArchiveThresholdInputStream.getNextEntry(ZipArchiveThresholdInputStream.java:150)
at org.apache.poi.openxml4j.util.ZipInputStreamZipEntrySource.<init>(ZipInputStreamZipEntrySource.java:101)
at org.apache.poi.openxml4j.opc.ZipPackage.<init>(ZipPackage.java:211)
at org.apache.poi.openxml4j.opc.OPCPackage.open(OPCPackage.java:517)
at org.apache.poi.openxml4j.opc.OPCPackage.open(OPCPackage.java:490)
at org.apache.poi.ooxml.util.PackageHelper.open(PackageHelper.java:67)
at org.apache.poi.xssf.usermodel.XSSFWorkbook.<init>(XSSFWorkbook.java:315)
at org.apache.poi.xssf.usermodel.XSSFWorkbook.<init>(XSSFWorkbook.java:289)
at com.Parameters.ExcelReader.getLocalityByRow(ExcelReader.java:10)
at com.stepDefinitionTestNG.Community.the_user_navigates_to_the_homepage_from_excel(Community.java:21)
at ✽.the user navigates to the homepage from Property file with row 0(file:///C:/Sprint/resources/src/test/resources/Features/resources.feature:26)
]]>
    </error>
  </testcase> <!-- runScenario -->
  <testcase classname="com.runner.TestRunnerTestNG" name="runScenario" time="2.701">
    <error message="&#039;org.apache.commons.compress.archivers.zip.ZipArchiveEntry org.apache.commons.compress.archivers.zip.ZipArchiveInputStream.getNextEntry()&#039;" type="java.lang.NoSuchMethodError">
      <![CDATA[java.lang.NoSuchMethodError: 'org.apache.commons.compress.archivers.zip.ZipArchiveEntry org.apache.commons.compress.archivers.zip.ZipArchiveInputStream.getNextEntry()'
at org.apache.poi.openxml4j.util.ZipArchiveThresholdInputStream.getNextEntry(ZipArchiveThresholdInputStream.java:150)
at org.apache.poi.openxml4j.util.ZipInputStreamZipEntrySource.<init>(ZipInputStreamZipEntrySource.java:101)
at org.apache.poi.openxml4j.opc.ZipPackage.<init>(ZipPackage.java:211)
at org.apache.poi.openxml4j.opc.OPCPackage.open(OPCPackage.java:517)
at org.apache.poi.openxml4j.opc.OPCPackage.open(OPCPackage.java:490)
at org.apache.poi.ooxml.util.PackageHelper.open(PackageHelper.java:67)
at org.apache.poi.xssf.usermodel.XSSFWorkbook.<init>(XSSFWorkbook.java:315)
at org.apache.poi.xssf.usermodel.XSSFWorkbook.<init>(XSSFWorkbook.java:289)
at com.Parameters.ExcelReader.getLocalityByRow(ExcelReader.java:10)
at com.stepDefinitionTestNG.Community.the_user_navigates_to_the_homepage_from_excel(Community.java:21)
at ✽.the user navigates to the homepage from Property file with row 1(file:///C:/Sprint/resources/src/test/resources/Features/resources.feature:26)
]]>
    </error>
  </testcase> <!-- runScenario -->
  <testcase classname="com.runner.TestRunnerTestNG" name="runScenario" time="2.458">
    <error message="&#039;org.apache.commons.compress.archivers.zip.ZipArchiveEntry org.apache.commons.compress.archivers.zip.ZipArchiveInputStream.getNextEntry()&#039;" type="java.lang.NoSuchMethodError">
      <![CDATA[java.lang.NoSuchMethodError: 'org.apache.commons.compress.archivers.zip.ZipArchiveEntry org.apache.commons.compress.archivers.zip.ZipArchiveInputStream.getNextEntry()'
at org.apache.poi.openxml4j.util.ZipArchiveThresholdInputStream.getNextEntry(ZipArchiveThresholdInputStream.java:150)
at org.apache.poi.openxml4j.util.ZipInputStreamZipEntrySource.<init>(ZipInputStreamZipEntrySource.java:101)
at org.apache.poi.openxml4j.opc.ZipPackage.<init>(ZipPackage.java:211)
at org.apache.poi.openxml4j.opc.OPCPackage.open(OPCPackage.java:517)
at org.apache.poi.openxml4j.opc.OPCPackage.open(OPCPackage.java:490)
at org.apache.poi.ooxml.util.PackageHelper.open(PackageHelper.java:67)
at org.apache.poi.xssf.usermodel.XSSFWorkbook.<init>(XSSFWorkbook.java:315)
at org.apache.poi.xssf.usermodel.XSSFWorkbook.<init>(XSSFWorkbook.java:289)
at com.Parameters.ExcelReader.getLocalityByRow(ExcelReader.java:10)
at com.stepDefinitionTestNG.Community.the_user_navigates_to_the_homepage_from_excel(Community.java:21)
at ✽.the user navigates to the homepage from Property file with row 3(file:///C:/Sprint/resources/src/test/resources/Features/resources.feature:26)
]]>
    </error>
  </testcase> <!-- runScenario -->
  <testcase classname="com.runner.TestRunnerTestNG" name="runScenario" time="2.456">
    <error message="&#039;org.apache.commons.compress.archivers.zip.ZipArchiveEntry org.apache.commons.compress.archivers.zip.ZipArchiveInputStream.getNextEntry()&#039;" type="java.lang.NoSuchMethodError">
      <![CDATA[java.lang.NoSuchMethodError: 'org.apache.commons.compress.archivers.zip.ZipArchiveEntry org.apache.commons.compress.archivers.zip.ZipArchiveInputStream.getNextEntry()'
at org.apache.poi.openxml4j.util.ZipArchiveThresholdInputStream.getNextEntry(ZipArchiveThresholdInputStream.java:150)
at org.apache.poi.openxml4j.util.ZipInputStreamZipEntrySource.<init>(ZipInputStreamZipEntrySource.java:101)
at org.apache.poi.openxml4j.opc.ZipPackage.<init>(ZipPackage.java:211)
at org.apache.poi.openxml4j.opc.OPCPackage.open(OPCPackage.java:517)
at org.apache.poi.openxml4j.opc.OPCPackage.open(OPCPackage.java:490)
at org.apache.poi.ooxml.util.PackageHelper.open(PackageHelper.java:67)
at org.apache.poi.xssf.usermodel.XSSFWorkbook.<init>(XSSFWorkbook.java:315)
at org.apache.poi.xssf.usermodel.XSSFWorkbook.<init>(XSSFWorkbook.java:289)
at com.Parameters.ExcelReader.getLocalityByRow(ExcelReader.java:10)
at com.stepDefinitionTestNG.Community.the_user_navigates_to_the_homepage_from_excel(Community.java:21)
at ✽.the user navigates to the homepage from Property file with row 2(file:///C:/Sprint/resources/src/test/resources/Features/resources.feature:26)
]]>
    </error>
  </testcase> <!-- runScenario -->
</testsuite> <!-- com.runner.TestRunnerTestNG -->
