<?xml version="1.0" encoding="UTF-8"?>
<!-- Generated by org.testng.reporters.JUnitReportReporter -->
<testsuite hostname="LIN-5CD53088GH" failures="0" tests="2" name="com.runner.TestRunnerTestNG" time="21.765" errors="1" timestamp="2025-11-11T22:45:06 IST" skipped="0">
  <testcase classname="com.runner.TestRunnerTestNG" name="runScenario" time="10.923"/>
  <testcase classname="com.runner.TestRunnerTestNG" name="runScenario" time="10.842">
    <error message="element click intercepted: Element &lt;button class=&quot;register_webinar_upcoming register_webinar_btn registerbtn register-for-webinar_5_7443&quot; data-webinar-id=&quot;7443&quot; data-category-id=&quot;5&quot; data-category-name=&quot;Machine Learning&quot; data-webinar-name=&quot;AI for Marketing | Top AI Marketing Tools&quot; data-startdate=&quot;2025-11-12&quot; data-starttime=&quot;07:00 PM IST&quot; tabindex=&quot;0&quot;&gt;...&lt;/button&gt; is not clickable at point (237, 26). Other element would receive the click: &lt;div id=&quot;wl_loader&quot; class=&quot;webinar_loader&quot;&gt;...&lt;/div&gt;
  (Session info: chrome=142.0.7444.60)
Build info: version: &#039;4.34.0&#039;, revision: &#039;707dcb4246*&#039;
System info: os.name: &#039;Windows 11&#039;, os.arch: &#039;amd64&#039;, os.version: &#039;10.0&#039;, java.version: &#039;21.0.8&#039;
Driver info: org.openqa.selenium.chrome.ChromeDriver
Command: [f9580c76616d8a17a372d3b8f4d6f2ce, clickElement {id=f.35B023B1EDC7CF62718133FCF70FF174.d.F2DBE4A454023034156E482438058FF5.e.179}]
Capabilities {acceptInsecureCerts: false, browserName: chrome, browserVersion: 142.0.7444.60, chrome: {chromedriverVersion: 141.0.7390.78 (2b53b0e231fc..., userDataDir: C:\Users\baiseg\AppData\Loc...}, fedcm:accounts: true, goog:chromeOptions: {debuggerAddress: localhost:57533}, networkConnectionEnabled: false, pageLoadStrategy: normal, platformName: windows, proxy: Proxy(), se:cdp: ws://localhost:57533/devtoo..., se:cdpVersion: 142.0.7444.60, setWindowRect: true, strictFileInteractability: false, timeouts: {implicit: 0, pageLoad: 300000, script: 30000}, unhandledPromptBehavior: dismiss and notify, webauthn:extension:credBlob: true, webauthn:extension:largeBlob: true, webauthn:extension:minPinLength: true, webauthn:extension:prf: true, webauthn:virtualAuthenticators: true}
Element: [[ChromeDriver: chrome on windows (f9580c76616d8a17a372d3b8f4d6f2ce)] -&gt; xpath: //button[contains(text(),&#039;Register Now&#039;)]]
Session ID: f9580c76616d8a17a372d3b8f4d6f2ce" type="org.openqa.selenium.ElementClickInterceptedException">
      <![CDATA[org.openqa.selenium.ElementClickInterceptedException: element click intercepted: Element <button class="register_webinar_upcoming register_webinar_btn registerbtn register-for-webinar_5_7443" data-webinar-id="7443" data-category-id="5" data-category-name="Machine Learning" data-webinar-name="AI for Marketing | Top AI Marketing Tools" data-startdate="2025-11-12" data-starttime="07:00 PM IST" tabindex="0">...</button> is not clickable at point (237, 26). Other element would receive the click: <div id="wl_loader" class="webinar_loader">...</div>
  (Session info: chrome=142.0.7444.60)
Build info: version: '4.34.0', revision: '707dcb4246*'
System info: os.name: 'Windows 11', os.arch: 'amd64', os.version: '10.0', java.version: '21.0.8'
Driver info: org.openqa.selenium.chrome.ChromeDriver
Command: [f9580c76616d8a17a372d3b8f4d6f2ce, clickElement {id=f.35B023B1EDC7CF62718133FCF70FF174.d.F2DBE4A454023034156E482438058FF5.e.179}]
Capabilities {acceptInsecureCerts: false, browserName: chrome, browserVersion: 142.0.7444.60, chrome: {chromedriverVersion: 141.0.7390.78 (2b53b0e231fc..., userDataDir: C:\Users\baiseg\AppData\Loc...}, fedcm:accounts: true, goog:chromeOptions: {debuggerAddress: localhost:57533}, networkConnectionEnabled: false, pageLoadStrategy: normal, platformName: windows, proxy: Proxy(), se:cdp: ws://localhost:57533/devtoo..., se:cdpVersion: 142.0.7444.60, setWindowRect: true, strictFileInteractability: false, timeouts: {implicit: 0, pageLoad: 300000, script: 30000}, unhandledPromptBehavior: dismiss and notify, webauthn:extension:credBlob: true, webauthn:extension:largeBlob: true, webauthn:extension:minPinLength: true, webauthn:extension:prf: true, webauthn:virtualAuthenticators: true}
Element: [[ChromeDriver: chrome on windows (f9580c76616d8a17a372d3b8f4d6f2ce)] -> xpath: //button[contains(text(),'Register Now')]]
Session ID: f9580c76616d8a17a372d3b8f4d6f2ce
at java.base/jdk.internal.reflect.DirectConstructorHandleAccessor.newInstance(DirectConstructorHandleAccessor.java:62)
at java.base/java.lang.reflect.Constructor.newInstanceWithCaller(Constructor.java:502)
at java.base/java.lang.reflect.Constructor.newInstance(Constructor.java:486)
at org.openqa.selenium.remote.ErrorCodec.decode(ErrorCodec.java:167)
at org.openqa.selenium.remote.codec.w3c.W3CHttpResponseCodec.decode(W3CHttpResponseCodec.java:138)
at org.openqa.selenium.remote.codec.w3c.W3CHttpResponseCodec.decode(W3CHttpResponseCodec.java:50)
at org.openqa.selenium.remote.HttpCommandExecutor.execute(HttpCommandExecutor.java:215)
at org.openqa.selenium.remote.service.DriverCommandExecutor.invokeExecute(DriverCommandExecutor.java:216)
at org.openqa.selenium.remote.service.DriverCommandExecutor.execute(DriverCommandExecutor.java:174)
at org.openqa.selenium.remote.RemoteWebDriver.execute(RemoteWebDriver.java:544)
at org.openqa.selenium.remote.RemoteWebElement.execute(RemoteWebElement.java:223)
at org.openqa.selenium.remote.RemoteWebElement.click(RemoteWebElement.java:76)
at com.Pages.WebinarPage.clickRegister(WebinarPage.java:58)
at com.stepDefinitionTestNG.webinar.the_user_scrolls_and_clicks_on_the_register_button_from_configuration(webinar.java:52)
at ✽.the user scrolls and clicks on the register button from configuration(file:///C:/Sprint/resources/src/test/resources/Features/resources.feature:19)
]]>
    </error>
  </testcase> <!-- runScenario -->
</testsuite> <!-- com.runner.TestRunnerTestNG -->
