
@TopCategories
Scenario: Navigate to selected categories from homepage         # src/test/resources/Features/discover_top_categories.feature:4
  ✔ Given the user is on sourceUrl                              # com.stepDefinitionTestNG.DiscoverTopCategoriesSteps.the_user_is_on_source_url()
  ✔ When the user scrolls to the sectionName section            # com.stepDefinitionTestNG.DiscoverTopCategoriesSteps.the_user_scrolls_to_the_section_name_section()
  ✔ And clicks on category1                                     # com.stepDefinitionTestNG.DiscoverTopCategoriesSteps.clicks_on_category1()
  ✔ And navigates back to homepage                              # com.stepDefinitionTestNG.DiscoverTopCategoriesSteps.navigates_back_to_homepage()
  ✔ And clicks on category2                                     # com.stepDefinitionTestNG.DiscoverTopCategoriesSteps.clicks_on_category2()
  ✔ And navigates back to homepage                              # com.stepDefinitionTestNG.DiscoverTopCategoriesSteps.navigates_back_to_homepage()
  ✔ And clicks on category3                                     # com.stepDefinitionTestNG.DiscoverTopCategoriesSteps.clicks_on_category3()
  ✔ Then each respective category page should load successfully # com.stepDefinitionTestNG.DiscoverTopCategoriesSteps.each_respective_category_page_should_load_successfully()

@ViewMore
Scenario: Navigate to Selenium course under Software Testing # src/test/resources/Features/discover_top_categories.feature:15
  ✔ Given the user is on the Edureka homepage                # com.stepDefinitionTestNG.DiscoverTopCategoriesSteps.the_user_is_on_the_edureka_homepage()
  ✔ When the user scrolls to the sectionName                 # com.stepDefinitionTestNG.DiscoverTopCategoriesSteps.the_user_scrolls_to_the_section_name()
  ✔ And clicks on buttonName                                 # com.stepDefinitionTestNG.DiscoverTopCategoriesSteps.clicks_on_button_name()
  ✔ And clicks on category4                                  # com.stepDefinitionTestNG.DiscoverTopCategoriesSteps.clicks_on_category4()
  ✔ And clicks on Selenium course                            # com.stepDefinitionTestNG.DiscoverTopCategoriesSteps.clicks_on_selenium_course()
  ✔ Then the Selenium course page should load successfully   # com.stepDefinitionTestNG.DiscoverTopCategoriesSteps.the_selenium_course_page_should_load_successfully()

@AI
Scenario: Navigate to category pages from Discover Top Categories # src/test/resources/Features/discover_top_categories.feature:24
  ✔ Given the user is on the  homepage                            # com.stepDefinitionTestNG.DiscoverTopCategoriesSteps.the_user_is_on_the_homepage()
  ✔ When user scrolls to the sectionName                          # com.stepDefinitionTestNG.DiscoverTopCategoriesSteps.user_scrolls_to_the_section_name()
  ✔ And clicks on the Category2                                   # com.stepDefinitionTestNG.DiscoverTopCategoriesSteps.clicks_on_the_category2()
  ✔ Then the Category2 page should load successfully              # com.stepDefinitionTestNG.DiscoverTopCategoriesSteps.the_category2_page_should_load_successfully()
  ✔ And clicks on category5                                       # com.stepDefinitionTestNG.DiscoverTopCategoriesSteps.clicks_on_category5()
  ✔ And display relevant courses                                  # com.stepDefinitionTestNG.DiscoverTopCategoriesSteps.display_relevant_courses()

@BrochureDownload
Scenario Outline: Download brochure for PGP in Generative AI and ML and fill details from Excel # src/test/resources/Features/discover_top_categories.feature:46
  ✔ Given the user is on  Edureka homepage                                                      # com.stepDefinitionTestNG.DiscoverTopCategoriesSteps.the_user_is_on_edureka_homepage()
  ✔ When user scrolls to the sectionName                                                        # com.stepDefinitionTestNG.DiscoverTopCategoriesSteps.user_scrolls_to_the_section_name()
  ✔ And clicks on category7                                                                     # com.stepDefinitionTestNG.DiscoverTopCategoriesSteps.clicks_on_category7()
  ✔ And clicks on category8                                                                     # com.stepDefinitionTestNG.DiscoverTopCategoriesSteps.clicks_on_category8()
  ✔ And clicks on buttonName2                                                                   # com.stepDefinitionTestNG.DiscoverTopCategoriesSteps.clicks_on_button_name2()
  ✔ And the user reads data from Excel at 0 and 1                                               # com.stepDefinitionTestNG.DiscoverTopCategoriesSteps.the_user_reads_data_from_excel_at_and(java.lang.Integer,java.lang.Integer)
  ✔ And enters name, email, and phone number from Excel                                         # com.stepDefinitionTestNG.DiscoverTopCategoriesSteps.enters_name_email_and_phone_number_from_excel()
  ✔ Then the brochure request form should be submitted successfully                             # com.stepDefinitionTestNG.DiscoverTopCategoriesSteps.the_brochure_request_form_should_be_submitted_successfully()

@BrochureDownload
Scenario Outline: Download brochure for PGP in Generative AI and ML and fill details from Excel # src/test/resources/Features/discover_top_categories.feature:47
  ✔ Given the user is on  Edureka homepage                                                      # com.stepDefinitionTestNG.DiscoverTopCategoriesSteps.the_user_is_on_edureka_homepage()
  ✘ When user scrolls to the sectionName                                                        # com.stepDefinitionTestNG.DiscoverTopCategoriesSteps.user_scrolls_to_the_section_name()
        org.openqa.selenium.remote.UnreachableBrowserException: Error communicating with the remote browser. It may have died.
        Build info: version: '4.34.0', revision: '707dcb4246*'
        System info: os.name: 'Windows 11', os.arch: 'amd64', os.version: '10.0', java.version: '23.0.2'
        Driver info: org.openqa.selenium.chrome.ChromeDriver
        Command: [087ad73c8885789315a3343d75587b9c, findElement [using, value]]
        Capabilities {acceptInsecureCerts: false, browserName: chrome, browserVersion: 142.0.7444.163, chrome: {chromedriverVersion: 141.0.7390.78 (2b53b0e231fc..., userDataDir: C:\Users\perech\AppData\Loc...}, fedcm:accounts: true, goog:chromeOptions: {debuggerAddress: localhost:63373}, networkConnectionEnabled: false, pageLoadStrategy: normal, platformName: windows, proxy: Proxy(), se:cdp: ws://localhost:63373/devtoo..., se:cdpVersion: 142.0.7444.163, setWindowRect: true, strictFileInteractability: false, timeouts: {implicit: 0, pageLoad: 300000, script: 30000}, unhandledPromptBehavior: dismiss and notify, webauthn:extension:credBlob: true, webauthn:extension:largeBlob: true, webauthn:extension:minPinLength: true, webauthn:extension:prf: true, webauthn:virtualAuthenticators: true}
        Session ID: 087ad73c8885789315a3343d75587b9c
        	at org.openqa.selenium.remote.RemoteWebDriver.execute(RemoteWebDriver.java:571)
        	at org.openqa.selenium.remote.ElementLocation$ElementFinder$2.findElement(ElementLocation.java:165)
        	at org.openqa.selenium.remote.ElementLocation.findElement(ElementLocation.java:59)
        	at org.openqa.selenium.remote.RemoteWebDriver.findElement(RemoteWebDriver.java:367)
        	at org.openqa.selenium.remote.RemoteWebDriver.findElement(RemoteWebDriver.java:361)
        	at org.openqa.selenium.support.pagefactory.DefaultElementLocator.findElement(DefaultElementLocator.java:68)
        	at org.openqa.selenium.support.pagefactory.internal.LocatingElementHandler.invoke(LocatingElementHandler.java:38)
        	at jdk.proxy2/jdk.proxy2.$Proxy29.isDisplayed(Unknown Source)
        	at org.openqa.selenium.support.ui.ExpectedConditions.elementIfVisible(ExpectedConditions.java:304)
        	at org.openqa.selenium.support.ui.ExpectedConditions$10.apply(ExpectedConditions.java:290)
        	at org.openqa.selenium.support.ui.ExpectedConditions$10.apply(ExpectedConditions.java:287)
        	at org.openqa.selenium.support.ui.FluentWait.until(FluentWait.java:203)
        	at com.pages.CategoryPage.scrollToElement(CategoryPage.java:17)
        	at com.pages.HomePage.scrollToDiscoverTopCategories(HomePage.java:70)
        	at com.stepDefinitionTestNG.DiscoverTopCategoriesSteps.user_scrolls_to_the_section_name(DiscoverTopCategoriesSteps.java:232)
        	at ✽.user scrolls to the sectionName(file:///C:/Sprint_Implementation/Discover_Top_Categories/src/test/resources/Features/discover_top_categories.feature:35)
        Caused by: java.io.UncheckedIOException: java.io.IOException: HTTP/1.1 header parser received no bytes
        	at org.openqa.selenium.remote.http.jdk.JdkHttpClient.execute0(JdkHttpClient.java:500)
        	at org.openqa.selenium.remote.http.AddSeleniumUserAgent.lambda$apply$0(AddSeleniumUserAgent.java:42)
        	at org.openqa.selenium.remote.http.Filter.lambda$andFinally$1(Filter.java:55)
        	at org.openqa.selenium.remote.http.jdk.JdkHttpClient.lambda$executeAsync$2(JdkHttpClient.java:387)
        	at java.base/java.util.concurrent.Executors$RunnableAdapter.call(Executors.java:572)
        	at java.base/java.util.concurrent.FutureTask.run(FutureTask.java:317)
        	at java.base/java.util.concurrent.ThreadPoolExecutor.runWorker(ThreadPoolExecutor.java:1144)
        	at java.base/java.util.concurrent.ThreadPoolExecutor$Worker.run(ThreadPoolExecutor.java:642)
        	at java.base/java.lang.Thread.run(Thread.java:1575)
        Caused by: java.io.IOException: HTTP/1.1 header parser received no bytes
        	at java.net.http/jdk.internal.net.http.HttpClientImpl.send(HttpClientImpl.java:971)
        	at java.net.http/jdk.internal.net.http.HttpClientFacade.send(HttpClientFacade.java:133)
        	at org.openqa.selenium.remote.http.jdk.JdkHttpClient.execute0(JdkHttpClient.java:459)
        	... 8 more
        Caused by: java.io.IOException: HTTP/1.1 header parser received no bytes
        	at java.net.http/jdk.internal.net.http.common.Utils.wrapWithExtraDetail(Utils.java:440)
        	at java.net.http/jdk.internal.net.http.Http1Response$HeadersReader.onReadError(Http1Response.java:590)
        	at java.net.http/jdk.internal.net.http.Http1AsyncReceiver.checkForErrors(Http1AsyncReceiver.java:302)
        	at java.net.http/jdk.internal.net.http.Http1AsyncReceiver.flush(Http1AsyncReceiver.java:268)
        	at java.net.http/jdk.internal.net.http.common.SequentialScheduler$LockingRestartableTask.run(SequentialScheduler.java:182)
        	at java.net.http/jdk.internal.net.http.common.SequentialScheduler$CompleteRestartableTask.run(SequentialScheduler.java:149)
        	at java.net.http/jdk.internal.net.http.common.SequentialScheduler$SchedulableTask.run(SequentialScheduler.java:207)
        	... 3 more
        Caused by: java.net.SocketException: Connection reset
        	at java.base/sun.nio.ch.SocketChannelImpl.throwConnectionReset(SocketChannelImpl.java:403)
        	at java.base/sun.nio.ch.SocketChannelImpl.implRead(SocketChannelImpl.java:435)
        	at java.base/sun.nio.ch.SocketChannelImpl.read(SocketChannelImpl.java:493)
        	at java.net.http/jdk.internal.net.http.SocketTube.readAvailable(SocketTube.java:1178)
        	at java.net.http/jdk.internal.net.http.SocketTube$InternalReadPublisher$InternalReadSubscription.read(SocketTube.java:841)
        	at java.net.http/jdk.internal.net.http.SocketTube$SocketFlowTask.run(SocketTube.java:181)
        	at java.net.http/jdk.internal.net.http.common.SequentialScheduler$SchedulableTask.run(SequentialScheduler.java:207)
        	at java.net.http/jdk.internal.net.http.common.SequentialScheduler.runOrSchedule(SequentialScheduler.java:280)
        	at java.net.http/jdk.internal.net.http.common.SequentialScheduler.runOrSchedule(SequentialScheduler.java:233)
        	at java.net.http/jdk.internal.net.http.SocketTube$InternalReadPublisher$InternalReadSubscription.signalReadable(SocketTube.java:782)
        	at java.net.http/jdk.internal.net.http.SocketTube$InternalReadPublisher$ReadEvent.signalEvent(SocketTube.java:965)
        	at java.net.http/jdk.internal.net.http.SocketTube$SocketFlowEvent.handle(SocketTube.java:253)
        	at java.net.http/jdk.internal.net.http.HttpClientImpl$SelectorManager.handleEvent(HttpClientImpl.java:1478)
        	at java.net.http/jdk.internal.net.http.HttpClientImpl$SelectorManager.lambda$run$3(HttpClientImpl.java:1423)
        	at java.base/java.util.ArrayList.forEach(ArrayList.java:1597)
        	at java.net.http/jdk.internal.net.http.HttpClientImpl$SelectorManager.run(HttpClientImpl.java:1423)
  ↷ And clicks on category7                                                                     # com.stepDefinitionTestNG.DiscoverTopCategoriesSteps.clicks_on_category7()
  ↷ And clicks on category8                                                                     # com.stepDefinitionTestNG.DiscoverTopCategoriesSteps.clicks_on_category8()
  ↷ And clicks on buttonName2                                                                   # com.stepDefinitionTestNG.DiscoverTopCategoriesSteps.clicks_on_button_name2()
  ↷ And the user reads data from Excel at 0 and 2                                               # com.stepDefinitionTestNG.DiscoverTopCategoriesSteps.the_user_reads_data_from_excel_at_and(java.lang.Integer,java.lang.Integer)
  ↷ And enters name, email, and phone number from Excel                                         # com.stepDefinitionTestNG.DiscoverTopCategoriesSteps.enters_name_email_and_phone_number_from_excel()
  ↷ Then the brochure request form should be submitted successfully                             # com.stepDefinitionTestNG.DiscoverTopCategoriesSteps.the_brochure_request_form_should_be_submitted_successfully()

@EnrollNow
Scenario Outline: Enroll  for Generative AI course and fill details from Excel # src/test/resources/Features/discover_top_categories.feature:64
  ✔ Given user is on Edureka homepage                                          # com.stepDefinitionTestNG.DiscoverTopCategoriesSteps.user_is_on_edureka_homepage()
  ✘ When scroll to sectionName                                                 # com.stepDefinitionTestNG.DiscoverTopCategoriesSteps.scroll_to_section_name()
        org.openqa.selenium.remote.UnreachableBrowserException: Error communicating with the remote browser. It may have died.
        Build info: version: '4.34.0', revision: '707dcb4246*'
        System info: os.name: 'Windows 11', os.arch: 'amd64', os.version: '10.0', java.version: '23.0.2'
        Driver info: org.openqa.selenium.chrome.ChromeDriver
        Command: [40c7c24d3b424eb9d22256ba059cfc4f, findElement [using, value]]
        Capabilities {acceptInsecureCerts: false, browserName: chrome, browserVersion: 142.0.7444.163, chrome: {chromedriverVersion: 141.0.7390.78 (2b53b0e231fc..., userDataDir: C:\Users\perech\AppData\Loc...}, fedcm:accounts: true, goog:chromeOptions: {debuggerAddress: localhost:65165}, networkConnectionEnabled: false, pageLoadStrategy: normal, platformName: windows, proxy: Proxy(), se:cdp: ws://localhost:65165/devtoo..., se:cdpVersion: 142.0.7444.163, setWindowRect: true, strictFileInteractability: false, timeouts: {implicit: 0, pageLoad: 300000, script: 30000}, unhandledPromptBehavior: dismiss and notify, webauthn:extension:credBlob: true, webauthn:extension:largeBlob: true, webauthn:extension:minPinLength: true, webauthn:extension:prf: true, webauthn:virtualAuthenticators: true}
        Session ID: 40c7c24d3b424eb9d22256ba059cfc4f
        	at org.openqa.selenium.remote.RemoteWebDriver.execute(RemoteWebDriver.java:571)
        	at org.openqa.selenium.remote.ElementLocation$ElementFinder$2.findElement(ElementLocation.java:165)
        	at org.openqa.selenium.remote.ElementLocation.findElement(ElementLocation.java:59)
        	at org.openqa.selenium.remote.RemoteWebDriver.findElement(RemoteWebDriver.java:367)
        	at org.openqa.selenium.remote.RemoteWebDriver.findElement(RemoteWebDriver.java:361)
        	at org.openqa.selenium.support.pagefactory.DefaultElementLocator.findElement(DefaultElementLocator.java:68)
        	at org.openqa.selenium.support.pagefactory.internal.LocatingElementHandler.invoke(LocatingElementHandler.java:38)
        	at jdk.proxy2/jdk.proxy2.$Proxy29.isDisplayed(Unknown Source)
        	at org.openqa.selenium.support.ui.ExpectedConditions.elementIfVisible(ExpectedConditions.java:304)
        	at org.openqa.selenium.support.ui.ExpectedConditions$10.apply(ExpectedConditions.java:290)
        	at org.openqa.selenium.support.ui.ExpectedConditions$10.apply(ExpectedConditions.java:287)
        	at org.openqa.selenium.support.ui.FluentWait.until(FluentWait.java:203)
        	at com.pages.CategoryPage.scrollToElement(CategoryPage.java:17)
        	at com.pages.HomePage.scrollToDiscoverTopCategories(HomePage.java:70)
        	at com.stepDefinitionTestNG.DiscoverTopCategoriesSteps.scroll_to_section_name(DiscoverTopCategoriesSteps.java:463)
        	at ✽.scroll to sectionName(file:///C:/Sprint_Implementation/Discover_Top_Categories/src/test/resources/Features/discover_top_categories.feature:53)
        Caused by: java.io.UncheckedIOException: java.io.IOException: HTTP/1.1 header parser received no bytes
        	at org.openqa.selenium.remote.http.jdk.JdkHttpClient.execute0(JdkHttpClient.java:500)
        	at org.openqa.selenium.remote.http.AddSeleniumUserAgent.lambda$apply$0(AddSeleniumUserAgent.java:42)
        	at org.openqa.selenium.remote.http.Filter.lambda$andFinally$1(Filter.java:55)
        	at org.openqa.selenium.remote.http.jdk.JdkHttpClient.lambda$executeAsync$2(JdkHttpClient.java:387)
        	at java.base/java.util.concurrent.Executors$RunnableAdapter.call(Executors.java:572)
        	at java.base/java.util.concurrent.FutureTask.run(FutureTask.java:317)
        	at java.base/java.util.concurrent.ThreadPoolExecutor.runWorker(ThreadPoolExecutor.java:1144)
        	at java.base/java.util.concurrent.ThreadPoolExecutor$Worker.run(ThreadPoolExecutor.java:642)
        	at java.base/java.lang.Thread.run(Thread.java:1575)
        Caused by: java.io.IOException: HTTP/1.1 header parser received no bytes
        	at java.net.http/jdk.internal.net.http.HttpClientImpl.send(HttpClientImpl.java:971)
        	at java.net.http/jdk.internal.net.http.HttpClientFacade.send(HttpClientFacade.java:133)
        	at org.openqa.selenium.remote.http.jdk.JdkHttpClient.execute0(JdkHttpClient.java:459)
        	... 8 more
        Caused by: java.io.IOException: HTTP/1.1 header parser received no bytes
        	at java.net.http/jdk.internal.net.http.common.Utils.wrapWithExtraDetail(Utils.java:440)
        	at java.net.http/jdk.internal.net.http.Http1Response$HeadersReader.onReadError(Http1Response.java:590)
        	at java.net.http/jdk.internal.net.http.Http1AsyncReceiver.checkForErrors(Http1AsyncReceiver.java:302)
        	at java.net.http/jdk.internal.net.http.Http1AsyncReceiver.flush(Http1AsyncReceiver.java:268)
        	at java.net.http/jdk.internal.net.http.common.SequentialScheduler$LockingRestartableTask.run(SequentialScheduler.java:182)
        	at java.net.http/jdk.internal.net.http.common.SequentialScheduler$CompleteRestartableTask.run(SequentialScheduler.java:149)
        	at java.net.http/jdk.internal.net.http.common.SequentialScheduler$SchedulableTask.run(SequentialScheduler.java:207)
        	... 3 more
        Caused by: java.net.SocketException: Connection reset
        	at java.base/sun.nio.ch.SocketChannelImpl.throwConnectionReset(SocketChannelImpl.java:403)
        	at java.base/sun.nio.ch.SocketChannelImpl.implRead(SocketChannelImpl.java:435)
        	at java.base/sun.nio.ch.SocketChannelImpl.read(SocketChannelImpl.java:493)
        	at java.net.http/jdk.internal.net.http.SocketTube.readAvailable(SocketTube.java:1178)
        	at java.net.http/jdk.internal.net.http.SocketTube$InternalReadPublisher$InternalReadSubscription.read(SocketTube.java:841)
        	at java.net.http/jdk.internal.net.http.SocketTube$SocketFlowTask.run(SocketTube.java:181)
        	at java.net.http/jdk.internal.net.http.common.SequentialScheduler$SchedulableTask.run(SequentialScheduler.java:207)
        	at java.net.http/jdk.internal.net.http.common.SequentialScheduler.runOrSchedule(SequentialScheduler.java:280)
        	at java.net.http/jdk.internal.net.http.common.SequentialScheduler.runOrSchedule(SequentialScheduler.java:233)
        	at java.net.http/jdk.internal.net.http.SocketTube$InternalReadPublisher$InternalReadSubscription.signalReadable(SocketTube.java:782)
        	at java.net.http/jdk.internal.net.http.SocketTube$InternalReadPublisher$ReadEvent.signalEvent(SocketTube.java:965)
        	at java.net.http/jdk.internal.net.http.SocketTube$SocketFlowEvent.handle(SocketTube.java:253)
        	at java.net.http/jdk.internal.net.http.HttpClientImpl$SelectorManager.handleEvent(HttpClientImpl.java:1478)
        	at java.net.http/jdk.internal.net.http.HttpClientImpl$SelectorManager.lambda$run$3(HttpClientImpl.java:1423)
        	at java.base/java.util.ArrayList.forEach(ArrayList.java:1597)
        	at java.net.http/jdk.internal.net.http.HttpClientImpl$SelectorManager.run(HttpClientImpl.java:1423)
  ↷ And clicks on buttonName                                                   # com.stepDefinitionTestNG.DiscoverTopCategoriesSteps.clicks_on_button_name()
  ↷ And click on the category4                                                 # com.stepDefinitionTestNG.DiscoverTopCategoriesSteps.click_on_the_category4()
  ↷ And clicks on the Selenium course                                          # com.stepDefinitionTestNG.DiscoverTopCategoriesSteps.clicks_on_the_selenium_course()
  ↷ And the user reads data from Excel at 1 and 1                              # com.stepDefinitionTestNG.DiscoverTopCategoriesSteps.the_user_reads_data_from_excel_at_and(java.lang.Integer,java.lang.Integer)
  ↷ And clicks on buttonName3                                                  # com.stepDefinitionTestNG.DiscoverTopCategoriesSteps.clicks_on_button_name3()
  ↷ And email, and phone number from Excel                                     # com.stepDefinitionTestNG.DiscoverTopCategoriesSteps.email_and_phone_number_from_excel()
  ↷ Then the request form should be submitted successfully                     # com.stepDefinitionTestNG.DiscoverTopCategoriesSteps.the_request_form_should_be_submitted_successfully()

@EnrollNow
Scenario Outline: Enroll  for Generative AI course and fill details from Excel # src/test/resources/Features/discover_top_categories.feature:65
  ✔ Given user is on Edureka homepage                                          # com.stepDefinitionTestNG.DiscoverTopCategoriesSteps.user_is_on_edureka_homepage()
  ✘ When scroll to sectionName                                                 # com.stepDefinitionTestNG.DiscoverTopCategoriesSteps.scroll_to_section_name()
        org.openqa.selenium.NoSuchSessionException: invalid session id: session deleted as the browser has closed the connection
        from disconnected: unable to send message to renderer
          (Session info: chrome=142.0.7444.163)
        Build info: version: '4.34.0', revision: '707dcb4246*'
        System info: os.name: 'Windows 11', os.arch: 'amd64', os.version: '10.0', java.version: '23.0.2'
        Driver info: org.openqa.selenium.chrome.ChromeDriver
        Command: [582492c1d339b00f4b942973ecf4653e, findElement {using=xpath, value=//h2[text()='Discover Top Categories']}]
        Capabilities {acceptInsecureCerts: false, browserName: chrome, browserVersion: 142.0.7444.163, chrome: {chromedriverVersion: 141.0.7390.78 (2b53b0e231fc..., userDataDir: C:\Users\perech\AppData\Loc...}, fedcm:accounts: true, goog:chromeOptions: {debuggerAddress: localhost:49799}, networkConnectionEnabled: false, pageLoadStrategy: normal, platformName: windows, proxy: Proxy(), se:cdp: ws://localhost:49799/devtoo..., se:cdpVersion: 142.0.7444.163, setWindowRect: true, strictFileInteractability: false, timeouts: {implicit: 0, pageLoad: 300000, script: 30000}, unhandledPromptBehavior: dismiss and notify, webauthn:extension:credBlob: true, webauthn:extension:largeBlob: true, webauthn:extension:minPinLength: true, webauthn:extension:prf: true, webauthn:virtualAuthenticators: true}
        Session ID: 582492c1d339b00f4b942973ecf4653e
        	at java.base/jdk.internal.reflect.DirectConstructorHandleAccessor.newInstance(DirectConstructorHandleAccessor.java:62)
        	at java.base/java.lang.reflect.Constructor.newInstanceWithCaller(Constructor.java:501)
        	at java.base/java.lang.reflect.Constructor.newInstance(Constructor.java:485)
        	at org.openqa.selenium.remote.ErrorCodec.decode(ErrorCodec.java:167)
        	at org.openqa.selenium.remote.codec.w3c.W3CHttpResponseCodec.decode(W3CHttpResponseCodec.java:138)
        	at org.openqa.selenium.remote.codec.w3c.W3CHttpResponseCodec.decode(W3CHttpResponseCodec.java:50)
        	at org.openqa.selenium.remote.HttpCommandExecutor.execute(HttpCommandExecutor.java:215)
        	at org.openqa.selenium.remote.service.DriverCommandExecutor.invokeExecute(DriverCommandExecutor.java:216)
        	at org.openqa.selenium.remote.service.DriverCommandExecutor.execute(DriverCommandExecutor.java:174)
        	at org.openqa.selenium.remote.RemoteWebDriver.execute(RemoteWebDriver.java:544)
        	at org.openqa.selenium.remote.ElementLocation$ElementFinder$2.findElement(ElementLocation.java:165)
        	at org.openqa.selenium.remote.ElementLocation.findElement(ElementLocation.java:59)
        	at org.openqa.selenium.remote.RemoteWebDriver.findElement(RemoteWebDriver.java:367)
        	at org.openqa.selenium.remote.RemoteWebDriver.findElement(RemoteWebDriver.java:361)
        	at org.openqa.selenium.support.pagefactory.DefaultElementLocator.findElement(DefaultElementLocator.java:68)
        	at org.openqa.selenium.support.pagefactory.internal.LocatingElementHandler.invoke(LocatingElementHandler.java:38)
        	at jdk.proxy2/jdk.proxy2.$Proxy29.isDisplayed(Unknown Source)
        	at org.openqa.selenium.support.ui.ExpectedConditions.elementIfVisible(ExpectedConditions.java:304)
        	at org.openqa.selenium.support.ui.ExpectedConditions$10.apply(ExpectedConditions.java:290)
        	at org.openqa.selenium.support.ui.ExpectedConditions$10.apply(ExpectedConditions.java:287)
        	at org.openqa.selenium.support.ui.FluentWait.until(FluentWait.java:203)
        	at com.pages.CategoryPage.scrollToElement(CategoryPage.java:17)
        	at com.pages.HomePage.scrollToDiscoverTopCategories(HomePage.java:70)
        	at com.stepDefinitionTestNG.DiscoverTopCategoriesSteps.scroll_to_section_name(DiscoverTopCategoriesSteps.java:463)
        	at ✽.scroll to sectionName(file:///C:/Sprint_Implementation/Discover_Top_Categories/src/test/resources/Features/discover_top_categories.feature:53)
  ↷ And clicks on buttonName                                                   # com.stepDefinitionTestNG.DiscoverTopCategoriesSteps.clicks_on_button_name()
  ↷ And click on the category4                                                 # com.stepDefinitionTestNG.DiscoverTopCategoriesSteps.click_on_the_category4()
  ↷ And clicks on the Selenium course                                          # com.stepDefinitionTestNG.DiscoverTopCategoriesSteps.clicks_on_the_selenium_course()
  ↷ And the user reads data from Excel at 1 and 2                              # com.stepDefinitionTestNG.DiscoverTopCategoriesSteps.the_user_reads_data_from_excel_at_and(java.lang.Integer,java.lang.Integer)
  ↷ And clicks on buttonName3                                                  # com.stepDefinitionTestNG.DiscoverTopCategoriesSteps.clicks_on_button_name3()
  ↷ And email, and phone number from Excel                                     # com.stepDefinitionTestNG.DiscoverTopCategoriesSteps.email_and_phone_number_from_excel()
  ↷ Then the request form should be submitted successfully                     # com.stepDefinitionTestNG.DiscoverTopCategoriesSteps.the_request_form_should_be_submitted_successfully()

@scenario6
Scenario Outline: enroll for course with invalid data # src/test/resources/Features/discover_top_categories.feature:81
  ✔ Given user is on Edureka homepage                 # com.stepDefinitionTestNG.DiscoverTopCategoriesSteps.user_is_on_edureka_homepage()
  ✘ When scroll to sectionName                        # com.stepDefinitionTestNG.DiscoverTopCategoriesSteps.scroll_to_section_name()
        org.openqa.selenium.remote.UnreachableBrowserException: Error communicating with the remote browser. It may have died.
        Build info: version: '4.34.0', revision: '707dcb4246*'
        System info: os.name: 'Windows 11', os.arch: 'amd64', os.version: '10.0', java.version: '23.0.2'
        Driver info: org.openqa.selenium.chrome.ChromeDriver
        Command: [ba4978def6be4a141c00a8cd7f5f711e, findElement [using, value]]
        Capabilities {acceptInsecureCerts: false, browserName: chrome, browserVersion: 142.0.7444.163, chrome: {chromedriverVersion: 141.0.7390.78 (2b53b0e231fc..., userDataDir: C:\Users\perech\AppData\Loc...}, fedcm:accounts: true, goog:chromeOptions: {debuggerAddress: localhost:57492}, networkConnectionEnabled: false, pageLoadStrategy: normal, platformName: windows, proxy: Proxy(), se:cdp: ws://localhost:57492/devtoo..., se:cdpVersion: 142.0.7444.163, setWindowRect: true, strictFileInteractability: false, timeouts: {implicit: 0, pageLoad: 300000, script: 30000}, unhandledPromptBehavior: dismiss and notify, webauthn:extension:credBlob: true, webauthn:extension:largeBlob: true, webauthn:extension:minPinLength: true, webauthn:extension:prf: true, webauthn:virtualAuthenticators: true}
        Session ID: ba4978def6be4a141c00a8cd7f5f711e
        	at org.openqa.selenium.remote.RemoteWebDriver.execute(RemoteWebDriver.java:571)
        	at org.openqa.selenium.remote.ElementLocation$ElementFinder$2.findElement(ElementLocation.java:165)
        	at org.openqa.selenium.remote.ElementLocation.findElement(ElementLocation.java:59)
        	at org.openqa.selenium.remote.RemoteWebDriver.findElement(RemoteWebDriver.java:367)
        	at org.openqa.selenium.remote.RemoteWebDriver.findElement(RemoteWebDriver.java:361)
        	at org.openqa.selenium.support.pagefactory.DefaultElementLocator.findElement(DefaultElementLocator.java:68)
        	at org.openqa.selenium.support.pagefactory.internal.LocatingElementHandler.invoke(LocatingElementHandler.java:38)
        	at jdk.proxy2/jdk.proxy2.$Proxy29.isDisplayed(Unknown Source)
        	at org.openqa.selenium.support.ui.ExpectedConditions.elementIfVisible(ExpectedConditions.java:304)
        	at org.openqa.selenium.support.ui.ExpectedConditions$10.apply(ExpectedConditions.java:290)
        	at org.openqa.selenium.support.ui.ExpectedConditions$10.apply(ExpectedConditions.java:287)
        	at org.openqa.selenium.support.ui.FluentWait.until(FluentWait.java:203)
        	at com.pages.CategoryPage.scrollToElement(CategoryPage.java:17)
        	at com.pages.HomePage.scrollToDiscoverTopCategories(HomePage.java:70)
        	at com.stepDefinitionTestNG.DiscoverTopCategoriesSteps.scroll_to_section_name(DiscoverTopCategoriesSteps.java:463)
        	at ✽.scroll to sectionName(file:///C:/Sprint_Implementation/Discover_Top_Categories/src/test/resources/Features/discover_top_categories.feature:70)
        Caused by: java.io.UncheckedIOException: java.io.IOException: HTTP/1.1 header parser received no bytes
        	at org.openqa.selenium.remote.http.jdk.JdkHttpClient.execute0(JdkHttpClient.java:500)
        	at org.openqa.selenium.remote.http.AddSeleniumUserAgent.lambda$apply$0(AddSeleniumUserAgent.java:42)
        	at org.openqa.selenium.remote.http.Filter.lambda$andFinally$1(Filter.java:55)
        	at org.openqa.selenium.remote.http.jdk.JdkHttpClient.lambda$executeAsync$2(JdkHttpClient.java:387)
        	at java.base/java.util.concurrent.Executors$RunnableAdapter.call(Executors.java:572)
        	at java.base/java.util.concurrent.FutureTask.run(FutureTask.java:317)
        	at java.base/java.util.concurrent.ThreadPoolExecutor.runWorker(ThreadPoolExecutor.java:1144)
        	at java.base/java.util.concurrent.ThreadPoolExecutor$Worker.run(ThreadPoolExecutor.java:642)
        	at java.base/java.lang.Thread.run(Thread.java:1575)
        Caused by: java.io.IOException: HTTP/1.1 header parser received no bytes
        	at java.net.http/jdk.internal.net.http.HttpClientImpl.send(HttpClientImpl.java:971)
        	at java.net.http/jdk.internal.net.http.HttpClientFacade.send(HttpClientFacade.java:133)
        	at org.openqa.selenium.remote.http.jdk.JdkHttpClient.execute0(JdkHttpClient.java:459)
        	... 8 more
        Caused by: java.io.IOException: HTTP/1.1 header parser received no bytes
        	at java.net.http/jdk.internal.net.http.common.Utils.wrapWithExtraDetail(Utils.java:440)
        	at java.net.http/jdk.internal.net.http.Http1Response$HeadersReader.onReadError(Http1Response.java:590)
        	at java.net.http/jdk.internal.net.http.Http1AsyncReceiver.checkForErrors(Http1AsyncReceiver.java:302)
        	at java.net.http/jdk.internal.net.http.Http1AsyncReceiver.flush(Http1AsyncReceiver.java:268)
        	at java.net.http/jdk.internal.net.http.common.SequentialScheduler$LockingRestartableTask.run(SequentialScheduler.java:182)
        	at java.net.http/jdk.internal.net.http.common.SequentialScheduler$CompleteRestartableTask.run(SequentialScheduler.java:149)
        	at java.net.http/jdk.internal.net.http.common.SequentialScheduler$SchedulableTask.run(SequentialScheduler.java:207)
        	... 3 more
        Caused by: java.net.SocketException: Connection reset
        	at java.base/sun.nio.ch.SocketChannelImpl.throwConnectionReset(SocketChannelImpl.java:403)
        	at java.base/sun.nio.ch.SocketChannelImpl.implRead(SocketChannelImpl.java:435)
        	at java.base/sun.nio.ch.SocketChannelImpl.read(SocketChannelImpl.java:493)
        	at java.net.http/jdk.internal.net.http.SocketTube.readAvailable(SocketTube.java:1178)
        	at java.net.http/jdk.internal.net.http.SocketTube$InternalReadPublisher$InternalReadSubscription.read(SocketTube.java:841)
        	at java.net.http/jdk.internal.net.http.SocketTube$SocketFlowTask.run(SocketTube.java:181)
        	at java.net.http/jdk.internal.net.http.common.SequentialScheduler$SchedulableTask.run(SequentialScheduler.java:207)
        	at java.net.http/jdk.internal.net.http.common.SequentialScheduler.runOrSchedule(SequentialScheduler.java:280)
        	at java.net.http/jdk.internal.net.http.common.SequentialScheduler.runOrSchedule(SequentialScheduler.java:233)
        	at java.net.http/jdk.internal.net.http.SocketTube$InternalReadPublisher$InternalReadSubscription.signalReadable(SocketTube.java:782)
        	at java.net.http/jdk.internal.net.http.SocketTube$InternalReadPublisher$ReadEvent.signalEvent(SocketTube.java:965)
        	at java.net.http/jdk.internal.net.http.SocketTube$SocketFlowEvent.handle(SocketTube.java:253)
        	at java.net.http/jdk.internal.net.http.HttpClientImpl$SelectorManager.handleEvent(HttpClientImpl.java:1478)
        	at java.net.http/jdk.internal.net.http.HttpClientImpl$SelectorManager.lambda$run$3(HttpClientImpl.java:1423)
        	at java.base/java.util.ArrayList.forEach(ArrayList.java:1597)
        	at java.net.http/jdk.internal.net.http.HttpClientImpl$SelectorManager.run(HttpClientImpl.java:1423)
  ↷ And clicks on buttonName                          # com.stepDefinitionTestNG.DiscoverTopCategoriesSteps.clicks_on_button_name()
  ↷ And click on the category4                        # com.stepDefinitionTestNG.DiscoverTopCategoriesSteps.click_on_the_category4()
  ↷ And clicks on the Selenium course                 # com.stepDefinitionTestNG.DiscoverTopCategoriesSteps.clicks_on_the_selenium_course()
  ↷ And the user reads data from Excel at 2 and 1     # com.stepDefinitionTestNG.DiscoverTopCategoriesSteps.the_user_reads_data_from_excel_at_and(java.lang.Integer,java.lang.Integer)
  ↷ And clicks on buttonName3                         # com.stepDefinitionTestNG.DiscoverTopCategoriesSteps.clicks_on_button_name3()
  ↷ And email, and phone number from Excel            # com.stepDefinitionTestNG.DiscoverTopCategoriesSteps.email_and_phone_number_from_excel()
  ↷ Then the error message should be displayed        # com.stepDefinitionTestNG.DiscoverTopCategoriesSteps.the_error_message_should_be_displayed()
