<?xml version="1.0" encoding="UTF-8"?>
<!-- Generated by org.testng.reporters.JUnitXMLReporter -->
<testsuite ignored="0" hostname="LIN-5CD53088GH" failures="1" tests="2" name="Default test" time="22.753" errors="0" timestamp="2025-11-11T22:45:05 IST">
  <testcase classname="io.cucumber.testng.AbstractTestNGCucumberTests" name="runScenario" time="10.923"/>
  <testcase classname="io.cucumber.testng.AbstractTestNGCucumberTests" name="runScenario" time="10.842">
    <failure type="org.openqa.selenium.ElementClickInterceptedException" message="element click intercepted: Element &amp;lt;button class=&amp;quot;register_webinar_upcoming register_webinar_btn registerbtn register-for-webinar_5_7443&amp;quot; data-webinar-id=&amp;quot;7443&amp;quot; data-category-id=&amp;quot;5&amp;quot; data-category-name=&amp;quot;Machine Learning&amp;quot; data-webinar-name=&amp;quot;AI for Marketing | Top AI Marketing Tools&amp;quot; data-startdate=&amp;quot;2025-11-12&amp;quot; data-starttime=&amp;quot;07:00 PM IST&amp;quot; tabindex=&amp;quot;0&amp;quot;&amp;gt;...&amp;lt;/button&amp;gt; is not clickable at point (237, 26). Other element would receive the click: &amp;lt;div id=&amp;quot;wl_loader&amp;quot; class=&amp;quot;webinar_loader&amp;quot;&amp;gt;...&amp;lt;/div&amp;gt;
  (Session info: chrome=142.0.7444.60)
Build info: version: &amp;apos;4.34.0&amp;apos;, revision: &amp;apos;707dcb4246*&amp;apos;
System info: os.name: &amp;apos;Windows 11&amp;apos;, os.arch: &amp;apos;amd64&amp;apos;, os.version: &amp;apos;10.0&amp;apos;, java.version: &amp;apos;21.0.8&amp;apos;
Driver info: org.openqa.selenium.chrome.ChromeDriver
Command: [f9580c76616d8a17a372d3b8f4d6f2ce, clickElement {id=f.35B023B1EDC7CF62718133FCF70FF174.d.F2DBE4A454023034156E482438058FF5.e.179}]
Capabilities {acceptInsecureCerts: false, browserName: chrome, browserVersion: 142.0.7444.60, chrome: {chromedriverVersion: 141.0.7390.78 (2b53b0e231fc..., userDataDir: C:\Users\baiseg\AppData\Loc...}, fedcm:accounts: true, goog:chromeOptions: {debuggerAddress: localhost:57533}, networkConnectionEnabled: false, pageLoadStrategy: normal, platformName: windows, proxy: Proxy(), se:cdp: ws://localhost:57533/devtoo..., se:cdpVersion: 142.0.7444.60, setWindowRect: true, strictFileInteractability: false, timeouts: {implicit: 0, pageLoad: 300000, script: 30000}, unhandledPromptBehavior: dismiss and notify, webauthn:extension:credBlob: true, webauthn:extension:largeBlob: true, webauthn:extension:minPinLength: true, webauthn:extension:prf: true, webauthn:virtualAuthenticators: true}
Element: [[ChromeDriver: chrome on windows (f9580c76616d8a17a372d3b8f4d6f2ce)] -&amp;gt; xpath: //button[contains(text(),&amp;apos;Register Now&amp;apos;)]]
Session ID: f9580c76616d8a17a372d3b8f4d6f2ce">
      <![CDATA[org.openqa.selenium.ElementClickInterceptedException: element click intercepted: Element <button class="register_webinar_upcoming register_webinar_btn registerbtn register-for-webinar_5_7443" data-webinar-id="7443" data-category-id="5" data-category-name="Machine Learning" data-webinar-name="AI for Marketing | Top AI Marketing Tools" data-startdate="2025-11-12" data-starttime="07:00 PM IST" tabindex="0">...</button> is not clickable at point (237, 26). Other element would receive the click: <div id="wl_loader" class="webinar_loader">...</div>
  (Session info: chrome=142.0.7444.60)
Build info: version: '4.34.0', revision: '707dcb4246*'
System info: os.name: 'Windows 11', os.arch: 'amd64', os.version: '10.0', java.version: '21.0.8'
Driver info: org.openqa.selenium.chrome.ChromeDriver
Command: [f9580c76616d8a17a372d3b8f4d6f2ce, clickElement {id=f.35B023B1EDC7CF62718133FCF70FF174.d.F2DBE4A454023034156E482438058FF5.e.179}]
Capabilities {acceptInsecureCerts: false, browserName: chrome, browserVersion: 142.0.7444.60, chrome: {chromedriverVersion: 141.0.7390.78 (2b53b0e231fc..., userDataDir: C:\Users\baiseg\AppData\Loc...}, fedcm:accounts: true, goog:chromeOptions: {debuggerAddress: localhost:57533}, networkConnectionEnabled: false, pageLoadStrategy: normal, platformName: windows, proxy: Proxy(), se:cdp: ws://localhost:57533/devtoo..., se:cdpVersion: 142.0.7444.60, setWindowRect: true, strictFileInteractability: false, timeouts: {implicit: 0, pageLoad: 300000, script: 30000}, unhandledPromptBehavior: dismiss and notify, webauthn:extension:credBlob: true, webauthn:extension:largeBlob: true, webauthn:extension:minPinLength: true, webauthn:extension:prf: true, webauthn:virtualAuthenticators: true}
Element: [[ChromeDriver: chrome on windows (f9580c76616d8a17a372d3b8f4d6f2ce)] -> xpath: //button[contains(text(),'Register Now')]]
Session ID: f9580c76616d8a17a372d3b8f4d6f2ce
at java.base/jdk.internal.reflect.DirectConstructorHandleAccessor.newInstance(DirectConstructorHandleAccessor.java:62)
at java.base/java.lang.reflect.Constructor.newInstanceWithCaller(Constructor.java:502)
at java.base/java.lang.reflect.Constructor.newInstance(Constructor.java:486)
at org.openqa.selenium.remote.ErrorCodec.decode(ErrorCodec.java:167)
at org.openqa.selenium.remote.codec.w3c.W3CHttpResponseCodec.decode(W3CHttpResponseCodec.java:138)
at org.openqa.selenium.remote.codec.w3c.W3CHttpResponseCodec.decode(W3CHttpResponseCodec.java:50)
at org.openqa.selenium.remote.HttpCommandExecutor.execute(HttpCommandExecutor.java:215)
at org.openqa.selenium.remote.service.DriverCommandExecutor.invokeExecute(DriverCommandExecutor.java:216)
at org.openqa.selenium.remote.service.DriverCommandExecutor.execute(DriverCommandExecutor.java:174)
at org.openqa.selenium.remote.RemoteWebDriver.execute(RemoteWebDriver.java:544)
at org.openqa.selenium.remote.RemoteWebElement.execute(RemoteWebElement.java:223)
at org.openqa.selenium.remote.RemoteWebElement.click(RemoteWebElement.java:76)
at com.Pages.WebinarPage.clickRegister(WebinarPage.java:58)
at com.stepDefinitionTestNG.webinar.the_user_scrolls_and_clicks_on_the_register_button_from_configuration(webinar.java:52)
at ✽.the user scrolls and clicks on the register button from configuration(file:///C:/Sprint/resources/src/test/resources/Features/resources.feature:19)
]]>
    </failure>
  </testcase> <!-- runScenario -->
</testsuite> <!-- Default test -->
