<?xml version="1.0" encoding="UTF-8"?>
<!-- Generated by org.testng.reporters.JUnitXMLReporter -->
<testsuite ignored="0" hostname="LIN-5CD53088GH" failures="4" tests="4" name="Default test" time="12.397" errors="0" timestamp="2025-11-12T23:54:52 IST">
  <testcase classname="io.cucumber.testng.AbstractTestNGCucumberTests" name="runScenario" time="3.903">
    <failure type="java.lang.NoSuchMethodError" message="&amp;apos;org.apache.commons.compress.archivers.zip.ZipArchiveEntry org.apache.commons.compress.archivers.zip.ZipArchiveInputStream.getNextEntry()&amp;apos;">
      <![CDATA[java.lang.NoSuchMethodError: 'org.apache.commons.compress.archivers.zip.ZipArchiveEntry org.apache.commons.compress.archivers.zip.ZipArchiveInputStream.getNextEntry()'
at org.apache.poi.openxml4j.util.ZipArchiveThresholdInputStream.getNextEntry(ZipArchiveThresholdInputStream.java:150)
at org.apache.poi.openxml4j.util.ZipInputStreamZipEntrySource.<init>(ZipInputStreamZipEntrySource.java:101)
at org.apache.poi.openxml4j.opc.ZipPackage.<init>(ZipPackage.java:211)
at org.apache.poi.openxml4j.opc.OPCPackage.open(OPCPackage.java:517)
at org.apache.poi.openxml4j.opc.OPCPackage.open(OPCPackage.java:490)
at org.apache.poi.ooxml.util.PackageHelper.open(PackageHelper.java:67)
at org.apache.poi.xssf.usermodel.XSSFWorkbook.<init>(XSSFWorkbook.java:315)
at org.apache.poi.xssf.usermodel.XSSFWorkbook.<init>(XSSFWorkbook.java:289)
at com.Parameters.ExcelReader.getLocalityByRow(ExcelReader.java:10)
at com.stepDefinitionTestNG.Community.the_user_navigates_to_the_homepage_from_excel(Community.java:21)
at ✽.the user navigates to the homepage from Property file with row 0(file:///C:/Sprint/resources/src/test/resources/Features/resources.feature:26)
]]>
    </failure>
  </testcase> <!-- runScenario -->
  <testcase classname="io.cucumber.testng.AbstractTestNGCucumberTests" name="runScenario" time="2.701">
    <failure type="java.lang.NoSuchMethodError" message="&amp;apos;org.apache.commons.compress.archivers.zip.ZipArchiveEntry org.apache.commons.compress.archivers.zip.ZipArchiveInputStream.getNextEntry()&amp;apos;">
      <![CDATA[java.lang.NoSuchMethodError: 'org.apache.commons.compress.archivers.zip.ZipArchiveEntry org.apache.commons.compress.archivers.zip.ZipArchiveInputStream.getNextEntry()'
at org.apache.poi.openxml4j.util.ZipArchiveThresholdInputStream.getNextEntry(ZipArchiveThresholdInputStream.java:150)
at org.apache.poi.openxml4j.util.ZipInputStreamZipEntrySource.<init>(ZipInputStreamZipEntrySource.java:101)
at org.apache.poi.openxml4j.opc.ZipPackage.<init>(ZipPackage.java:211)
at org.apache.poi.openxml4j.opc.OPCPackage.open(OPCPackage.java:517)
at org.apache.poi.openxml4j.opc.OPCPackage.open(OPCPackage.java:490)
at org.apache.poi.ooxml.util.PackageHelper.open(PackageHelper.java:67)
at org.apache.poi.xssf.usermodel.XSSFWorkbook.<init>(XSSFWorkbook.java:315)
at org.apache.poi.xssf.usermodel.XSSFWorkbook.<init>(XSSFWorkbook.java:289)
at com.Parameters.ExcelReader.getLocalityByRow(ExcelReader.java:10)
at com.stepDefinitionTestNG.Community.the_user_navigates_to_the_homepage_from_excel(Community.java:21)
at ✽.the user navigates to the homepage from Property file with row 1(file:///C:/Sprint/resources/src/test/resources/Features/resources.feature:26)
]]>
    </failure>
  </testcase> <!-- runScenario -->
  <testcase classname="io.cucumber.testng.AbstractTestNGCucumberTests" name="runScenario" time="2.456">
    <failure type="java.lang.NoSuchMethodError" message="&amp;apos;org.apache.commons.compress.archivers.zip.ZipArchiveEntry org.apache.commons.compress.archivers.zip.ZipArchiveInputStream.getNextEntry()&amp;apos;">
      <![CDATA[java.lang.NoSuchMethodError: 'org.apache.commons.compress.archivers.zip.ZipArchiveEntry org.apache.commons.compress.archivers.zip.ZipArchiveInputStream.getNextEntry()'
at org.apache.poi.openxml4j.util.ZipArchiveThresholdInputStream.getNextEntry(ZipArchiveThresholdInputStream.java:150)
at org.apache.poi.openxml4j.util.ZipInputStreamZipEntrySource.<init>(ZipInputStreamZipEntrySource.java:101)
at org.apache.poi.openxml4j.opc.ZipPackage.<init>(ZipPackage.java:211)
at org.apache.poi.openxml4j.opc.OPCPackage.open(OPCPackage.java:517)
at org.apache.poi.openxml4j.opc.OPCPackage.open(OPCPackage.java:490)
at org.apache.poi.ooxml.util.PackageHelper.open(PackageHelper.java:67)
at org.apache.poi.xssf.usermodel.XSSFWorkbook.<init>(XSSFWorkbook.java:315)
at org.apache.poi.xssf.usermodel.XSSFWorkbook.<init>(XSSFWorkbook.java:289)
at com.Parameters.ExcelReader.getLocalityByRow(ExcelReader.java:10)
at com.stepDefinitionTestNG.Community.the_user_navigates_to_the_homepage_from_excel(Community.java:21)
at ✽.the user navigates to the homepage from Property file with row 2(file:///C:/Sprint/resources/src/test/resources/Features/resources.feature:26)
]]>
    </failure>
  </testcase> <!-- runScenario -->
  <testcase classname="io.cucumber.testng.AbstractTestNGCucumberTests" name="runScenario" time="2.458">
    <failure type="java.lang.NoSuchMethodError" message="&amp;apos;org.apache.commons.compress.archivers.zip.ZipArchiveEntry org.apache.commons.compress.archivers.zip.ZipArchiveInputStream.getNextEntry()&amp;apos;">
      <![CDATA[java.lang.NoSuchMethodError: 'org.apache.commons.compress.archivers.zip.ZipArchiveEntry org.apache.commons.compress.archivers.zip.ZipArchiveInputStream.getNextEntry()'
at org.apache.poi.openxml4j.util.ZipArchiveThresholdInputStream.getNextEntry(ZipArchiveThresholdInputStream.java:150)
at org.apache.poi.openxml4j.util.ZipInputStreamZipEntrySource.<init>(ZipInputStreamZipEntrySource.java:101)
at org.apache.poi.openxml4j.opc.ZipPackage.<init>(ZipPackage.java:211)
at org.apache.poi.openxml4j.opc.OPCPackage.open(OPCPackage.java:517)
at org.apache.poi.openxml4j.opc.OPCPackage.open(OPCPackage.java:490)
at org.apache.poi.ooxml.util.PackageHelper.open(PackageHelper.java:67)
at org.apache.poi.xssf.usermodel.XSSFWorkbook.<init>(XSSFWorkbook.java:315)
at org.apache.poi.xssf.usermodel.XSSFWorkbook.<init>(XSSFWorkbook.java:289)
at com.Parameters.ExcelReader.getLocalityByRow(ExcelReader.java:10)
at com.stepDefinitionTestNG.Community.the_user_navigates_to_the_homepage_from_excel(Community.java:21)
at ✽.the user navigates to the homepage from Property file with row 3(file:///C:/Sprint/resources/src/test/resources/Features/resources.feature:26)
]]>
    </failure>
  </testcase> <!-- runScenario -->
</testsuite> <!-- Default test -->
