<?xml version="1.0" encoding="UTF-8"?>
<testng-results ignored="0" total="8" passed="8" failed="0" skipped="0">
  <reporter-output>
  </reporter-output>
  <suite started-at="2025-11-17T11:36:23 IST" name="Default suite" finished-at="2025-11-17T11:39:23 IST" duration-ms="180532">
    <groups>
      <group name="cucumber">
        <method signature="AbstractTestNGCucumberTests.runScenario(io.cucumber.testng.PickleWrapper,io.cucumber.testng.FeatureWrapper)[pri:0, instance:com.runner.TestRunnerTestNG@1649b0e6]" name="runScenario" class="io.cucumber.testng.AbstractTestNGCucumberTests"/>
      </group> <!-- cucumber -->
    </groups>
    <test started-at="2025-11-17T11:36:23 IST" name="Default test" finished-at="2025-11-17T11:39:23 IST" duration-ms="180532">
      <class name="com.runner.TestRunnerTestNG">
        <test-method is-config="true" signature="setUpClass(org.testng.ITestContext)[pri:0, instance:com.runner.TestRunnerTestNG@1649b0e6]" started-at="2025-11-17T11:36:23 IST" name="setUpClass" finished-at="2025-11-17T11:36:24 IST" duration-ms="1111" status="PASS">
          <params>
            <param index="0">
              <value>
                <![CDATA[org.testng.TestRunner@37c87fcc]]>
              </value>
            </param>
          </params>
          <reporter-output>
          </reporter-output>
        </test-method> <!-- setUpClass -->
        <test-method signature="runScenario(io.cucumber.testng.PickleWrapper,io.cucumber.testng.FeatureWrapper)[pri:0, instance:com.runner.TestRunnerTestNG@1649b0e6]" started-at="2025-11-17T11:36:24 IST" name="runScenario" description="Runs Cucumber Scenarios" data-provider="scenarios" finished-at="2025-11-17T11:36:53 IST" duration-ms="29211" status="PASS">
          <params>
            <param index="0">
              <value>
                <![CDATA["Verify scarch navigation and course details for valid course"]]>
              </value>
            </param>
            <param index="1">
              <value>
                <![CDATA["Validate Search Course functionality on Edureka website"]]>
              </value>
            </param>
          </params>
          <reporter-output>
          </reporter-output>
        </test-method> <!-- runScenario -->
        <test-method signature="runScenario(io.cucumber.testng.PickleWrapper,io.cucumber.testng.FeatureWrapper)[pri:0, instance:com.runner.TestRunnerTestNG@1649b0e6]" started-at="2025-11-17T11:36:53 IST" name="runScenario" description="Runs Cucumber Scenarios" data-provider="scenarios" finished-at="2025-11-17T11:37:22 IST" duration-ms="29169" status="PASS">
          <params>
            <param index="0">
              <value>
                <![CDATA["Verify navigating through Popular Courses and applying filters"]]>
              </value>
            </param>
            <param index="1">
              <value>
                <![CDATA["Validate Search Course functionality on Edureka website"]]>
              </value>
            </param>
          </params>
          <reporter-output>
          </reporter-output>
        </test-method> <!-- runScenario -->
        <test-method signature="runScenario(io.cucumber.testng.PickleWrapper,io.cucumber.testng.FeatureWrapper)[pri:0, instance:com.runner.TestRunnerTestNG@1649b0e6]" started-at="2025-11-17T11:37:22 IST" name="runScenario" description="Runs Cucumber Scenarios" data-provider="scenarios" finished-at="2025-11-17T11:37:40 IST" duration-ms="17520" status="PASS">
          <params>
            <param index="0">
              <value>
                <![CDATA["Verify Search Courses"]]>
              </value>
            </param>
            <param index="1">
              <value>
                <![CDATA["Validate Search Course functionality on Edureka website"]]>
              </value>
            </param>
          </params>
          <reporter-output>
          </reporter-output>
        </test-method> <!-- runScenario -->
        <test-method signature="runScenario(io.cucumber.testng.PickleWrapper,io.cucumber.testng.FeatureWrapper)[pri:0, instance:com.runner.TestRunnerTestNG@1649b0e6]" started-at="2025-11-17T11:37:40 IST" name="runScenario" description="Runs Cucumber Scenarios" data-provider="scenarios" finished-at="2025-11-17T11:37:56 IST" duration-ms="15972" status="PASS">
          <params>
            <param index="0">
              <value>
                <![CDATA["Verify Search Courses"]]>
              </value>
            </param>
            <param index="1">
              <value>
                <![CDATA["Validate Search Course functionality on Edureka website"]]>
              </value>
            </param>
          </params>
          <reporter-output>
          </reporter-output>
        </test-method> <!-- runScenario -->
        <test-method signature="runScenario(io.cucumber.testng.PickleWrapper,io.cucumber.testng.FeatureWrapper)[pri:0, instance:com.runner.TestRunnerTestNG@1649b0e6]" started-at="2025-11-17T11:37:56 IST" name="runScenario" description="Runs Cucumber Scenarios" data-provider="scenarios" finished-at="2025-11-17T11:38:21 IST" duration-ms="25172" status="PASS">
          <params>
            <param index="0">
              <value>
                <![CDATA["Verify Form Submission"]]>
              </value>
            </param>
            <param index="1">
              <value>
                <![CDATA["Validate Search Course functionality on Edureka website"]]>
              </value>
            </param>
          </params>
          <reporter-output>
          </reporter-output>
        </test-method> <!-- runScenario -->
        <test-method signature="runScenario(io.cucumber.testng.PickleWrapper,io.cucumber.testng.FeatureWrapper)[pri:0, instance:com.runner.TestRunnerTestNG@1649b0e6]" started-at="2025-11-17T11:38:21 IST" name="runScenario" description="Runs Cucumber Scenarios" data-provider="scenarios" finished-at="2025-11-17T11:38:49 IST" duration-ms="28070" status="PASS">
          <params>
            <param index="0">
              <value>
                <![CDATA["Verify Form Submission"]]>
              </value>
            </param>
            <param index="1">
              <value>
                <![CDATA["Validate Search Course functionality on Edureka website"]]>
              </value>
            </param>
          </params>
          <reporter-output>
          </reporter-output>
        </test-method> <!-- runScenario -->
        <test-method signature="runScenario(io.cucumber.testng.PickleWrapper,io.cucumber.testng.FeatureWrapper)[pri:0, instance:com.runner.TestRunnerTestNG@1649b0e6]" started-at="2025-11-17T11:38:49 IST" name="runScenario" description="Runs Cucumber Scenarios" data-provider="scenarios" finished-at="2025-11-17T11:38:59 IST" duration-ms="10586" status="PASS">
          <params>
            <param index="0">
              <value>
                <![CDATA["Verify View Courses"]]>
              </value>
            </param>
            <param index="1">
              <value>
                <![CDATA["Validate Search Course functionality on Edureka website"]]>
              </value>
            </param>
          </params>
          <reporter-output>
          </reporter-output>
        </test-method> <!-- runScenario -->
        <test-method signature="runScenario(io.cucumber.testng.PickleWrapper,io.cucumber.testng.FeatureWrapper)[pri:0, instance:com.runner.TestRunnerTestNG@1649b0e6]" started-at="2025-11-17T11:38:59 IST" name="runScenario" description="Runs Cucumber Scenarios" data-provider="scenarios" finished-at="2025-11-17T11:39:22 IST" duration-ms="22826" status="PASS">
          <params>
            <param index="0">
              <value>
                <![CDATA["Verify Popular Course Categories"]]>
              </value>
            </param>
            <param index="1">
              <value>
                <![CDATA["Validate Search Course functionality on Edureka website"]]>
              </value>
            </param>
          </params>
          <reporter-output>
          </reporter-output>
        </test-method> <!-- runScenario -->
        <test-method is-config="true" signature="tearDownClass()[pri:0, instance:com.runner.TestRunnerTestNG@1649b0e6]" started-at="2025-11-17T11:39:22 IST" name="tearDownClass" finished-at="2025-11-17T11:39:23 IST" duration-ms="816" status="PASS">
          <reporter-output>
          </reporter-output>
        </test-method> <!-- tearDownClass -->
      </class> <!-- com.runner.TestRunnerTestNG -->
    </test> <!-- Default test -->
  </suite> <!-- Default suite -->
</testng-results>
