<?xml version="1.0" encoding="UTF-8"?>
<!-- Generated by org.testng.reporters.JUnitXMLReporter -->
<testsuite ignored="0" hostname="LIN-5CD53088KL" failures="3" tests="3" name="Default test" time="17.514" errors="0" timestamp="2025-11-14T18:04:13 IST">
  <testcase classname="io.cucumber.testng.AbstractTestNGCucumberTests" name="runScenario" time="6.72">
    <failure type="java.lang.NullPointerException" message="Cannot invoke &amp;quot;com.pages.ViewMorePage.clickViewMore()&amp;quot; because &amp;quot;this.viewMorePage&amp;quot; is null">
      <![CDATA[java.lang.NullPointerException: Cannot invoke "com.pages.ViewMorePage.clickViewMore()" because "this.viewMorePage" is null
at com.stepDefinitionTestNG.ViewMore.the_user_clicks_on_view_more_button(ViewMore.java:33)
at ✽.the user clicks on View More button(file:///C:/Users/murvyshn/Sprint/TrendingCourses/src/test/resources/Features/trending_course.feature:34)
]]>
    </failure>
  </testcase> <!-- runScenario -->
  <testcase classname="io.cucumber.testng.AbstractTestNGCucumberTests" name="runScenario" time="4.796">
    <failure type="java.lang.NullPointerException" message="Cannot invoke &amp;quot;com.pages.ViewMorePage.clickViewMore()&amp;quot; because &amp;quot;this.viewMorePage&amp;quot; is null">
      <![CDATA[java.lang.NullPointerException: Cannot invoke "com.pages.ViewMorePage.clickViewMore()" because "this.viewMorePage" is null
at com.stepDefinitionTestNG.ViewMore.the_user_clicks_on_view_more_button(ViewMore.java:33)
at ✽.the user clicks on View More button(file:///C:/Users/murvyshn/Sprint/TrendingCourses/src/test/resources/Features/trending_course.feature:34)
]]>
    </failure>
  </testcase> <!-- runScenario -->
  <testcase classname="io.cucumber.testng.AbstractTestNGCucumberTests" name="runScenario" time="4.935">
    <failure type="java.lang.NullPointerException" message="Cannot invoke &amp;quot;com.pages.ViewMorePage.clickViewMore()&amp;quot; because &amp;quot;this.viewMorePage&amp;quot; is null">
      <![CDATA[java.lang.NullPointerException: Cannot invoke "com.pages.ViewMorePage.clickViewMore()" because "this.viewMorePage" is null
at com.stepDefinitionTestNG.ViewMore.the_user_clicks_on_view_more_button(ViewMore.java:33)
at ✽.the user clicks on View More button(file:///C:/Users/murvyshn/Sprint/TrendingCourses/src/test/resources/Features/trending_course.feature:34)
]]>
    </failure>
  </testcase> <!-- runScenario -->
</testsuite> <!-- Default test -->
