[{"line":1,"uri":"file:src/test/resources/Features/careers.feature","id":"validate-careers-functionality-on-edureka","keyword":"Feature","name":"Validate Careers Functionality on Edureka","description":"","elements":[{"start_timestamp":"2025-11-17T12:54:26.381Z","line":3,"id":"validate-careers-functionality-on-edureka;navigate-to-careers-and-select-internship","type":"scenario","keyword":"Scenario","name":"Navigate to Careers and select Internship","description":"","steps":[{"keyword":"Given ","line":4,"match":{"location":"com.stepDefinitionTestNG.Careers.i_launch_the_edureka_website()"},"name":"I Launch the Edureka website","result":{"duration":6456866400,"status":"passed"}},{"keyword":"When ","line":5,"match":{"location":"com.stepDefinitionTestNG.Careers.i_scroll_to_the_footer()"},"name":"I scroll to the footer","result":{"duration":2967290800,"status":"failed","error_message":"java.lang.RuntimeException: org.openqa.selenium.NoSuchElementException: no such element: element not found\n  (Session info: chrome=142.0.7444.163)\nFor documentation on this error, please visit: https://www.selenium.dev/documentation/webdriver/troubleshooting/errors#no-such-element-exception\nBuild info: version: '4.34.0', revision: '707dcb4246*'\nSystem info: os.name: 'Windows 11', os.arch: 'amd64', os.version: '10.0', java.version: '23.0.2'\nDriver info: org.openqa.selenium.chrome.ChromeDriver\nCommand: [2537475f4396332e7f36fbf823c51488, executeScript {args=[{element-6066-11e4-a52e-4f735466cecf=f.C1B9A18D438BB74D3F9B6C4B2CFAE36A.d.5BEC52BBF16ACD8359461EBD50944245.e.73}], script=arguments[0].scrollIntoView(true);}]\nCapabilities {acceptInsecureCerts: false, browserName: chrome, browserVersion: 142.0.7444.163, chrome: {chromedriverVersion: 142.0.7444.162 (c076baf266c..., userDataDir: C:\\Users\\katshiri\\AppData\\L...}, fedcm:accounts: true, goog:chromeOptions: {debuggerAddress: localhost:54207}, goog:processID: 828, networkConnectionEnabled: false, pageLoadStrategy: normal, platformName: windows, proxy: Proxy(), se:cdp: ws://localhost:54207/devtoo..., se:cdpVersion: 142.0.7444.163, setWindowRect: true, strictFileInteractability: false, timeouts: {implicit: 0, pageLoad: 300000, script: 30000}, unhandledPromptBehavior: dismiss and notify, webauthn:extension:credBlob: true, webauthn:extension:largeBlob: true, webauthn:extension:minPinLength: true, webauthn:extension:prf: true, webauthn:virtualAuthenticators: true}\nSession ID: 2537475f4396332e7f36fbf823c51488\r\n\tat com.pages.BasePage.scrollToElement(BasePage.java:32)\r\n\tat com.pages.CareersPage.scrollToFooter(CareersPage.java:66)\r\n\tat com.stepDefinitionTestNG.Careers.i_scroll_to_the_footer(Careers.java:38)\r\n\tat ✽.I scroll to the footer(file:///C:/Sprint%20Implementation/Careers/./src/test/resources/Features/careers.feature:5)\r\nCaused by: org.openqa.selenium.NoSuchElementException: no such element: element not found\n  (Session info: chrome=142.0.7444.163)\nFor documentation on this error, please visit: https://www.selenium.dev/documentation/webdriver/troubleshooting/errors#no-such-element-exception\nBuild info: version: '4.34.0', revision: '707dcb4246*'\nSystem info: os.name: 'Windows 11', os.arch: 'amd64', os.version: '10.0', java.version: '23.0.2'\nDriver info: org.openqa.selenium.chrome.ChromeDriver\nCommand: [2537475f4396332e7f36fbf823c51488, executeScript {args=[{element-6066-11e4-a52e-4f735466cecf=f.C1B9A18D438BB74D3F9B6C4B2CFAE36A.d.5BEC52BBF16ACD8359461EBD50944245.e.73}], script=arguments[0].scrollIntoView(true);}]\nCapabilities {acceptInsecureCerts: false, browserName: chrome, browserVersion: 142.0.7444.163, chrome: {chromedriverVersion: 142.0.7444.162 (c076baf266c..., userDataDir: C:\\Users\\katshiri\\AppData\\L...}, fedcm:accounts: true, goog:chromeOptions: {debuggerAddress: localhost:54207}, goog:processID: 828, networkConnectionEnabled: false, pageLoadStrategy: normal, platformName: windows, proxy: Proxy(), se:cdp: ws://localhost:54207/devtoo..., se:cdpVersion: 142.0.7444.163, setWindowRect: true, strictFileInteractability: false, timeouts: {implicit: 0, pageLoad: 300000, script: 30000}, unhandledPromptBehavior: dismiss and notify, webauthn:extension:credBlob: true, webauthn:extension:largeBlob: true, webauthn:extension:minPinLength: true, webauthn:extension:prf: true, webauthn:virtualAuthenticators: true}\nSession ID: 2537475f4396332e7f36fbf823c51488\r\n\tat java.base/jdk.internal.reflect.DirectConstructorHandleAccessor.newInstance(DirectConstructorHandleAccessor.java:62)\r\n\tat java.base/java.lang.reflect.Constructor.newInstanceWithCaller(Constructor.java:501)\r\n\tat java.base/java.lang.reflect.Constructor.newInstance(Constructor.java:485)\r\n\tat org.openqa.selenium.remote.ErrorCodec.decode(ErrorCodec.java:167)\r\n\tat org.openqa.selenium.remote.codec.w3c.W3CHttpResponseCodec.decode(W3CHttpResponseCodec.java:138)\r\n\tat org.openqa.selenium.remote.codec.w3c.W3CHttpResponseCodec.decode(W3CHttpResponseCodec.java:50)\r\n\tat org.openqa.selenium.remote.HttpCommandExecutor.execute(HttpCommandExecutor.java:215)\r\n\tat org.openqa.selenium.remote.service.DriverCommandExecutor.invokeExecute(DriverCommandExecutor.java:216)\r\n\tat org.openqa.selenium.remote.service.DriverCommandExecutor.execute(DriverCommandExecutor.java:174)\r\n\tat org.openqa.selenium.remote.RemoteWebDriver.execute(RemoteWebDriver.java:544)\r\n\tat org.openqa.selenium.remote.RemoteWebDriver.executeScript(RemoteWebDriver.java:475)\r\n\tat com.pages.BasePage.scrollToElement(BasePage.java:27)\r\n\t... 3 more\r\n"}},{"keyword":"And ","line":6,"match":{"location":"com.stepDefinitionTestNG.Careers.i_click_on_the_target_link()"},"name":"I click on the target link","result":{"status":"skipped"}},{"keyword":"Then ","line":7,"match":{"location":"com.stepDefinitionTestNG.Careers.i_should_be_redirected_to_the_target_page()"},"name":"I should be redirected to the target page","result":{"status":"skipped"}},{"keyword":"When ","line":8,"match":{"location":"com.stepDefinitionTestNG.Careers.i_scroll_down_to_section_name2()"},"name":"I scroll down to sectionName2","result":{"status":"skipped"}},{"keyword":"And ","line":9,"match":{"location":"com.stepDefinitionTestNG.Careers.i_click_on_section_name3_under_marketing()"},"name":"I click on sectionName3 under Marketing","result":{"status":"skipped"}},{"keyword":"Then ","line":10,"match":{"location":"com.stepDefinitionTestNG.Careers.a_new_tab_should_open_with_job_description()"},"name":"a new tab should open with job description","result":{"status":"skipped"}},{"keyword":"And ","line":11,"match":{"location":"com.stepDefinitionTestNG.Careers.i_scroll_down_to_verify_job_details()"},"name":"I scroll down to verify job details","result":{"status":"skipped"}},{"keyword":"Then ","line":12,"match":{"location":"com.stepDefinitionTestNG.Careers.job_details_page_should_be_visible()"},"name":"Job details page should be visible","result":{"status":"skipped"}}],"before":[{"match":{"location":"com.stepDefinitionTestNG.Hooks.beforeScenario(io.cucumber.java.Scenario)"},"result":{"duration":9919944800,"status":"passed"}}],"after":[{"match":{"location":"com.stepDefinitionTestNG.Hooks.afterScenario()"},"result":{"duration":22685525700,"status":"failed","error_message":"org.openqa.selenium.WebDriverException: Timed out waiting for driver server to stop.\nBuild info: version: '4.34.0', revision: '707dcb4246*'\nSystem info: os.name: 'Windows 11', os.arch: 'amd64', os.version: '10.0', java.version: '23.0.2'\nDriver info: org.openqa.selenium.chrome.ChromeDriver\nCommand: [efb44dfe7232613e69144fb78efbba39, quit {}]\nCapabilities {acceptInsecureCerts: false, browserName: chrome, browserVersion: 142.0.7444.163, chrome: {chromedriverVersion: 142.0.7444.162 (c076baf266c..., userDataDir: C:\\Users\\katshiri\\AppData\\L...}, fedcm:accounts: true, goog:chromeOptions: {debuggerAddress: localhost:52648}, goog:processID: 3860, networkConnectionEnabled: false, pageLoadStrategy: normal, platformName: windows, proxy: Proxy(), se:cdp: ws://localhost:52648/devtoo..., se:cdpVersion: 142.0.7444.163, setWindowRect: true, strictFileInteractability: false, timeouts: {implicit: 0, pageLoad: 300000, script: 30000}, unhandledPromptBehavior: dismiss and notify, webauthn:extension:credBlob: true, webauthn:extension:largeBlob: true, webauthn:extension:minPinLength: true, webauthn:extension:prf: true, webauthn:virtualAuthenticators: true}\r\n\tat org.openqa.selenium.remote.service.DriverCommandExecutor.execute(DriverCommandExecutor.java:164)\r\n\tat org.openqa.selenium.remote.RemoteWebDriver.execute(RemoteWebDriver.java:544)\r\n\tat org.openqa.selenium.remote.RemoteWebDriver.execute(RemoteWebDriver.java:617)\r\n\tat org.openqa.selenium.remote.RemoteWebDriver.execute(RemoteWebDriver.java:621)\r\n\tat org.openqa.selenium.remote.RemoteWebDriver.quit(RemoteWebDriver.java:445)\r\n\tat org.openqa.selenium.chromium.ChromiumDriver.quit(ChromiumDriver.java:442)\r\n\tat com.setup.BaseSteps.closeBrowser(BaseSteps.java:49)\r\n\tat com.stepDefinitionTestNG.Hooks.afterScenario(Hooks.java:40)\r\nCaused by: java.util.concurrent.ExecutionException: java.io.UncheckedIOException: java.io.IOException: Task jdk.internal.net.http.common.SequentialScheduler$SchedulableTask@7e562163 rejected from java.util.concurrent.ThreadPoolExecutor@418a9c80[Shutting down, pool size = 4, active threads = 4, queued tasks = 0, completed tasks = 196]\r\n\tat java.base/java.util.concurrent.CompletableFuture.wrapInExecutionException(CompletableFuture.java:345)\r\n\tat java.base/java.util.concurrent.CompletableFuture.reportGet(CompletableFuture.java:440)\r\n\tat java.base/java.util.concurrent.CompletableFuture.get(CompletableFuture.java:2140)\r\n\tat org.openqa.selenium.remote.service.DriverCommandExecutor.execute(DriverCommandExecutor.java:160)\r\n\t... 7 more\r\nCaused by: java.io.UncheckedIOException: java.io.IOException: Task jdk.internal.net.http.common.SequentialScheduler$SchedulableTask@7e562163 rejected from java.util.concurrent.ThreadPoolExecutor@418a9c80[Shutting down, pool size = 4, active threads = 4, queued tasks = 0, completed tasks = 196]\r\n\tat org.openqa.selenium.remote.http.jdk.JdkHttpClient.execute0(JdkHttpClient.java:500)\r\n\tat org.openqa.selenium.remote.http.AddSeleniumUserAgent.lambda$apply$0(AddSeleniumUserAgent.java:42)\r\n\tat org.openqa.selenium.remote.http.Filter.lambda$andFinally$1(Filter.java:55)\r\n\tat org.openqa.selenium.remote.http.jdk.JdkHttpClient.lambda$executeAsync$2(JdkHttpClient.java:387)\r\n\tat java.base/java.util.concurrent.Executors$RunnableAdapter.call(Executors.java:572)\r\n\tat java.base/java.util.concurrent.FutureTask.run(FutureTask.java:317)\r\n\tat java.base/java.util.concurrent.ThreadPoolExecutor.runWorker(ThreadPoolExecutor.java:1144)\r\n\tat java.base/java.util.concurrent.ThreadPoolExecutor$Worker.run(ThreadPoolExecutor.java:642)\r\n\tat java.base/java.lang.Thread.run(Thread.java:1575)\r\nCaused by: java.io.IOException: Task jdk.internal.net.http.common.SequentialScheduler$SchedulableTask@7e562163 rejected from java.util.concurrent.ThreadPoolExecutor@418a9c80[Shutting down, pool size = 4, active threads = 4, queued tasks = 0, completed tasks = 196]\r\n\tat java.net.http/jdk.internal.net.http.HttpClientImpl.send(HttpClientImpl.java:973)\r\n\tat java.net.http/jdk.internal.net.http.HttpClientFacade.send(HttpClientFacade.java:133)\r\n\tat org.openqa.selenium.remote.http.jdk.JdkHttpClient.execute0(JdkHttpClient.java:459)\r\n\t... 8 more\r\nCaused by: java.util.concurrent.RejectedExecutionException: Task jdk.internal.net.http.common.SequentialScheduler$SchedulableTask@7e562163 rejected from java.util.concurrent.ThreadPoolExecutor@418a9c80[Shutting down, pool size = 4, active threads = 4, queued tasks = 0, completed tasks = 196]\r\n\tat java.base/java.util.concurrent.ThreadPoolExecutor$AbortPolicy.rejectedExecution(ThreadPoolExecutor.java:2082)\r\n\tat java.base/java.util.concurrent.ThreadPoolExecutor.reject(ThreadPoolExecutor.java:841)\r\n\tat java.base/java.util.concurrent.ThreadPoolExecutor.execute(ThreadPoolExecutor.java:1377)\r\n\tat java.net.http/jdk.internal.net.http.HttpClientImpl$DelegatingExecutor.ensureExecutedAsync(HttpClientImpl.java:184)\r\n\tat java.net.http/jdk.internal.net.http.HttpClientImpl$DelegatingExecutor.execute(HttpClientImpl.java:176)\r\n\tat java.net.http/jdk.internal.net.http.common.SequentialScheduler.runOrSchedule(SequentialScheduler.java:282)\r\n\tat java.net.http/jdk.internal.net.http.common.SequentialScheduler.runOrSchedule(SequentialScheduler.java:251)\r\n\tat java.net.http/jdk.internal.net.http.Http1AsyncReceiver.asyncReceive(Http1AsyncReceiver.java:468)\r\n\tat java.net.http/jdk.internal.net.http.Http1AsyncReceiver$Http1TubeSubscriber.onNext(Http1AsyncReceiver.java:589)\r\n\tat java.net.http/jdk.internal.net.http.Http1AsyncReceiver$Http1TubeSubscriber.onNext(Http1AsyncReceiver.java:546)\r\n\tat java.net.http/jdk.internal.net.http.SocketTube$InternalReadPublisher$InternalReadSubscription.read(SocketTube.java:865)\r\n\tat java.net.http/jdk.internal.net.http.SocketTube$SocketFlowTask.run(SocketTube.java:181)\r\n\tat java.net.http/jdk.internal.net.http.common.SequentialScheduler$SchedulableTask.run(SequentialScheduler.java:207)\r\n\tat java.net.http/jdk.internal.net.http.common.SequentialScheduler.runOrSchedule(SequentialScheduler.java:280)\r\n\tat java.net.http/jdk.internal.net.http.common.SequentialScheduler.runOrSchedule(SequentialScheduler.java:233)\r\n\tat java.net.http/jdk.internal.net.http.SocketTube$InternalReadPublisher$InternalReadSubscription.signalReadable(SocketTube.java:782)\r\n\tat java.net.http/jdk.internal.net.http.SocketTube$InternalReadPublisher$ReadEvent.signalEvent(SocketTube.java:965)\r\n\tat java.net.http/jdk.internal.net.http.SocketTube$SocketFlowEvent.handle(SocketTube.java:253)\r\n\tat java.net.http/jdk.internal.net.http.HttpClientImpl$SelectorManager.handleEvent(HttpClientImpl.java:1478)\r\n\tat java.net.http/jdk.internal.net.http.HttpClientImpl$SelectorManager.lambda$run$3(HttpClientImpl.java:1423)\r\n\tat java.base/java.util.ArrayList.forEach(ArrayList.java:1597)\r\n\tat java.net.http/jdk.internal.net.http.HttpClientImpl$SelectorManager.run(HttpClientImpl.java:1423)\r\n"}}],"tags":[{"name":"@TS_01"}]},{"start_timestamp":"2025-11-17T12:54:26.375Z","line":15,"id":"validate-careers-functionality-on-edureka;verify-blog-navigation-and-select-ebook","type":"scenario","keyword":"Scenario","name":"verify Blog navigation and select Ebook","description":"","steps":[{"keyword":"Given ","line":16,"match":{"location":"com.stepDefinitionTestNG.Careers.i_launch_the_edureka_website()"},"name":"I Launch the Edureka website","result":{"duration":8531398800,"status":"passed"}},{"keyword":"When ","line":17,"match":{"location":"com.stepDefinitionTestNG.Careers.i_scroll_to_the_footer()"},"name":"I scroll to the footer","result":{"duration":3494989000,"status":"failed","error_message":"java.lang.RuntimeException: org.openqa.selenium.NoSuchElementException: no such element: element not found\n  (Session info: chrome=142.0.7444.163)\nFor documentation on this error, please visit: https://www.selenium.dev/documentation/webdriver/troubleshooting/errors#no-such-element-exception\nBuild info: version: '4.34.0', revision: '707dcb4246*'\nSystem info: os.name: 'Windows 11', os.arch: 'amd64', os.version: '10.0', java.version: '23.0.2'\nDriver info: org.openqa.selenium.chrome.ChromeDriver\nCommand: [8d5297473c2161421bea2e5e11cdffde, executeScript {args=[{element-6066-11e4-a52e-4f735466cecf=f.C1B9A18D438BB74D3F9B6C4B2CFAE36A.d.5BEC52BBF16ACD8359461EBD50944245.e.73}], script=arguments[0].scrollIntoView(true);}]\nCapabilities {acceptInsecureCerts: false, browserName: chrome, browserVersion: 142.0.7444.163, chrome: {chromedriverVersion: 142.0.7444.162 (c076baf266c..., userDataDir: C:\\Users\\katshiri\\AppData\\L...}, fedcm:accounts: true, goog:chromeOptions: {debuggerAddress: localhost:56073}, goog:processID: 3108, networkConnectionEnabled: false, pageLoadStrategy: normal, platformName: windows, proxy: Proxy(), se:cdp: ws://localhost:56073/devtoo..., se:cdpVersion: 142.0.7444.163, setWindowRect: true, strictFileInteractability: false, timeouts: {implicit: 0, pageLoad: 300000, script: 30000}, unhandledPromptBehavior: dismiss and notify, webauthn:extension:credBlob: true, webauthn:extension:largeBlob: true, webauthn:extension:minPinLength: true, webauthn:extension:prf: true, webauthn:virtualAuthenticators: true}\nSession ID: 8d5297473c2161421bea2e5e11cdffde\r\n\tat com.pages.BasePage.scrollToElement(BasePage.java:32)\r\n\tat com.pages.CareersPage.scrollToFooter(CareersPage.java:66)\r\n\tat com.stepDefinitionTestNG.Careers.i_scroll_to_the_footer(Careers.java:38)\r\n\tat ✽.I scroll to the footer(file:///C:/Sprint%20Implementation/Careers/./src/test/resources/Features/careers.feature:17)\r\nCaused by: org.openqa.selenium.NoSuchElementException: no such element: element not found\n  (Session info: chrome=142.0.7444.163)\nFor documentation on this error, please visit: https://www.selenium.dev/documentation/webdriver/troubleshooting/errors#no-such-element-exception\nBuild info: version: '4.34.0', revision: '707dcb4246*'\nSystem info: os.name: 'Windows 11', os.arch: 'amd64', os.version: '10.0', java.version: '23.0.2'\nDriver info: org.openqa.selenium.chrome.ChromeDriver\nCommand: [8d5297473c2161421bea2e5e11cdffde, executeScript {args=[{element-6066-11e4-a52e-4f735466cecf=f.C1B9A18D438BB74D3F9B6C4B2CFAE36A.d.5BEC52BBF16ACD8359461EBD50944245.e.73}], script=arguments[0].scrollIntoView(true);}]\nCapabilities {acceptInsecureCerts: false, browserName: chrome, browserVersion: 142.0.7444.163, chrome: {chromedriverVersion: 142.0.7444.162 (c076baf266c..., userDataDir: C:\\Users\\katshiri\\AppData\\L...}, fedcm:accounts: true, goog:chromeOptions: {debuggerAddress: localhost:56073}, goog:processID: 3108, networkConnectionEnabled: false, pageLoadStrategy: normal, platformName: windows, proxy: Proxy(), se:cdp: ws://localhost:56073/devtoo..., se:cdpVersion: 142.0.7444.163, setWindowRect: true, strictFileInteractability: false, timeouts: {implicit: 0, pageLoad: 300000, script: 30000}, unhandledPromptBehavior: dismiss and notify, webauthn:extension:credBlob: true, webauthn:extension:largeBlob: true, webauthn:extension:minPinLength: true, webauthn:extension:prf: true, webauthn:virtualAuthenticators: true}\nSession ID: 8d5297473c2161421bea2e5e11cdffde\r\n\tat java.base/jdk.internal.reflect.DirectConstructorHandleAccessor.newInstance(DirectConstructorHandleAccessor.java:62)\r\n\tat java.base/java.lang.reflect.Constructor.newInstanceWithCaller(Constructor.java:501)\r\n\tat java.base/java.lang.reflect.Constructor.newInstance(Constructor.java:485)\r\n\tat org.openqa.selenium.remote.ErrorCodec.decode(ErrorCodec.java:167)\r\n\tat org.openqa.selenium.remote.codec.w3c.W3CHttpResponseCodec.decode(W3CHttpResponseCodec.java:138)\r\n\tat org.openqa.selenium.remote.codec.w3c.W3CHttpResponseCodec.decode(W3CHttpResponseCodec.java:50)\r\n\tat org.openqa.selenium.remote.HttpCommandExecutor.execute(HttpCommandExecutor.java:215)\r\n\tat org.openqa.selenium.remote.service.DriverCommandExecutor.invokeExecute(DriverCommandExecutor.java:216)\r\n\tat org.openqa.selenium.remote.service.DriverCommandExecutor.execute(DriverCommandExecutor.java:174)\r\n\tat org.openqa.selenium.remote.RemoteWebDriver.execute(RemoteWebDriver.java:544)\r\n\tat org.openqa.selenium.remote.RemoteWebDriver.executeScript(RemoteWebDriver.java:475)\r\n\tat com.pages.BasePage.scrollToElement(BasePage.java:27)\r\n\t... 3 more\r\n"}},{"keyword":"And ","line":18,"match":{"location":"com.stepDefinitionTestNG.Careers.i_click_on_the_target_link()"},"name":"I click on the target link","result":{"status":"skipped"}},{"keyword":"Then ","line":19,"match":{"location":"com.stepDefinitionTestNG.Careers.i_should_be_redirected_to_the_target_page()"},"name":"I should be redirected to the target page","result":{"status":"skipped"}},{"keyword":"And ","line":20,"match":{"location":"com.stepDefinitionTestNG.Careers.i_click_on_blog()"},"name":"I click on blog","result":{"status":"skipped"}},{"keyword":"And ","line":21,"match":{"location":"com.stepDefinitionTestNG.Careers.i_click_on_ebook_to_get_free_ebooks_in_blog_page()"},"name":"I click on ebook to get free ebooks in blog page","result":{"status":"skipped"}},{"keyword":"And ","line":22,"match":{"location":"com.stepDefinitionTestNG.Careers.i_click_on_book_name_in_ebooks_page()"},"name":"I click on bookName in ebooks page","result":{"status":"skipped"}},{"keyword":"Then ","line":23,"match":{"location":"com.stepDefinitionTestNG.Careers.the_ebook_is_displayed()"},"name":"The Ebook is displayed","result":{"status":"skipped"}}],"before":[{"match":{"location":"com.stepDefinitionTestNG.Hooks.beforeScenario(io.cucumber.java.Scenario)"},"result":{"duration":8256886600,"status":"passed"}}],"after":[{"match":{"location":"com.stepDefinitionTestNG.Hooks.afterScenario()"},"result":{"duration":22965114900,"status":"passed"}}],"tags":[{"name":"@TS_02"}]},{"start_timestamp":"2025-11-17T12:54:26.380Z","line":40,"id":"validate-careers-functionality-on-edureka;submit-form-application;;2","type":"scenario","keyword":"Scenario Outline","name":"Submit Form Application","description":"","steps":[{"keyword":"Given ","line":27,"match":{"location":"com.stepDefinitionTestNG.Careers.i_launch_the_edureka_website()"},"name":"I Launch the Edureka website","result":{"duration":8025308100,"status":"passed"}},{"keyword":"When ","line":28,"match":{"location":"com.stepDefinitionTestNG.Careers.i_scroll_to_the_footer()"},"name":"I scroll to the footer","result":{"duration":3308313600,"status":"failed","error_message":"java.lang.RuntimeException: org.openqa.selenium.NoSuchElementException: no such element: element not found\n  (Session info: chrome=142.0.7444.163)\nFor documentation on this error, please visit: https://www.selenium.dev/documentation/webdriver/troubleshooting/errors#no-such-element-exception\nBuild info: version: '4.34.0', revision: '707dcb4246*'\nSystem info: os.name: 'Windows 11', os.arch: 'amd64', os.version: '10.0', java.version: '23.0.2'\nDriver info: org.openqa.selenium.chrome.ChromeDriver\nCommand: [8d5297473c2161421bea2e5e11cdffde, executeScript {args=[{element-6066-11e4-a52e-4f735466cecf=f.C1B9A18D438BB74D3F9B6C4B2CFAE36A.d.5BEC52BBF16ACD8359461EBD50944245.e.73}], script=arguments[0].scrollIntoView(true);}]\nCapabilities {acceptInsecureCerts: false, browserName: chrome, browserVersion: 142.0.7444.163, chrome: {chromedriverVersion: 142.0.7444.162 (c076baf266c..., userDataDir: C:\\Users\\katshiri\\AppData\\L...}, fedcm:accounts: true, goog:chromeOptions: {debuggerAddress: localhost:56073}, goog:processID: 3108, networkConnectionEnabled: false, pageLoadStrategy: normal, platformName: windows, proxy: Proxy(), se:cdp: ws://localhost:56073/devtoo..., se:cdpVersion: 142.0.7444.163, setWindowRect: true, strictFileInteractability: false, timeouts: {implicit: 0, pageLoad: 300000, script: 30000}, unhandledPromptBehavior: dismiss and notify, webauthn:extension:credBlob: true, webauthn:extension:largeBlob: true, webauthn:extension:minPinLength: true, webauthn:extension:prf: true, webauthn:virtualAuthenticators: true}\nSession ID: 8d5297473c2161421bea2e5e11cdffde\r\n\tat com.pages.BasePage.scrollToElement(BasePage.java:32)\r\n\tat com.pages.CareersPage.scrollToFooter(CareersPage.java:66)\r\n\tat com.stepDefinitionTestNG.Careers.i_scroll_to_the_footer(Careers.java:38)\r\n\tat ✽.I scroll to the footer(file:///C:/Sprint%20Implementation/Careers/./src/test/resources/Features/careers.feature:28)\r\nCaused by: org.openqa.selenium.NoSuchElementException: no such element: element not found\n  (Session info: chrome=142.0.7444.163)\nFor documentation on this error, please visit: https://www.selenium.dev/documentation/webdriver/troubleshooting/errors#no-such-element-exception\nBuild info: version: '4.34.0', revision: '707dcb4246*'\nSystem info: os.name: 'Windows 11', os.arch: 'amd64', os.version: '10.0', java.version: '23.0.2'\nDriver info: org.openqa.selenium.chrome.ChromeDriver\nCommand: [8d5297473c2161421bea2e5e11cdffde, executeScript {args=[{element-6066-11e4-a52e-4f735466cecf=f.C1B9A18D438BB74D3F9B6C4B2CFAE36A.d.5BEC52BBF16ACD8359461EBD50944245.e.73}], script=arguments[0].scrollIntoView(true);}]\nCapabilities {acceptInsecureCerts: false, browserName: chrome, browserVersion: 142.0.7444.163, chrome: {chromedriverVersion: 142.0.7444.162 (c076baf266c..., userDataDir: C:\\Users\\katshiri\\AppData\\L...}, fedcm:accounts: true, goog:chromeOptions: {debuggerAddress: localhost:56073}, goog:processID: 3108, networkConnectionEnabled: false, pageLoadStrategy: normal, platformName: windows, proxy: Proxy(), se:cdp: ws://localhost:56073/devtoo..., se:cdpVersion: 142.0.7444.163, setWindowRect: true, strictFileInteractability: false, timeouts: {implicit: 0, pageLoad: 300000, script: 30000}, unhandledPromptBehavior: dismiss and notify, webauthn:extension:credBlob: true, webauthn:extension:largeBlob: true, webauthn:extension:minPinLength: true, webauthn:extension:prf: true, webauthn:virtualAuthenticators: true}\nSession ID: 8d5297473c2161421bea2e5e11cdffde\r\n\tat java.base/jdk.internal.reflect.DirectConstructorHandleAccessor.newInstance(DirectConstructorHandleAccessor.java:62)\r\n\tat java.base/java.lang.reflect.Constructor.newInstanceWithCaller(Constructor.java:501)\r\n\tat java.base/java.lang.reflect.Constructor.newInstance(Constructor.java:485)\r\n\tat org.openqa.selenium.remote.ErrorCodec.decode(ErrorCodec.java:167)\r\n\tat org.openqa.selenium.remote.codec.w3c.W3CHttpResponseCodec.decode(W3CHttpResponseCodec.java:138)\r\n\tat org.openqa.selenium.remote.codec.w3c.W3CHttpResponseCodec.decode(W3CHttpResponseCodec.java:50)\r\n\tat org.openqa.selenium.remote.HttpCommandExecutor.execute(HttpCommandExecutor.java:215)\r\n\tat org.openqa.selenium.remote.service.DriverCommandExecutor.invokeExecute(DriverCommandExecutor.java:216)\r\n\tat org.openqa.selenium.remote.service.DriverCommandExecutor.execute(DriverCommandExecutor.java:174)\r\n\tat org.openqa.selenium.remote.RemoteWebDriver.execute(RemoteWebDriver.java:544)\r\n\tat org.openqa.selenium.remote.RemoteWebDriver.executeScript(RemoteWebDriver.java:475)\r\n\tat com.pages.BasePage.scrollToElement(BasePage.java:27)\r\n\t... 3 more\r\n"}},{"keyword":"And ","line":29,"match":{"location":"com.stepDefinitionTestNG.Careers.i_click_on_the_target_link()"},"name":"I click on the target link","result":{"status":"skipped"}},{"keyword":"Then ","line":30,"match":{"location":"com.stepDefinitionTestNG.Careers.i_should_be_redirected_to_the_target_page()"},"name":"I should be redirected to the target page","result":{"status":"skipped"}},{"keyword":"And ","line":31,"match":{"location":"com.stepDefinitionTestNG.Careers.i_click_on_target1()"},"name":"I click on target1","result":{"duration":2011500,"status":"skipped"}},{"keyword":"And ","line":32,"match":{"location":"com.stepDefinitionTestNG.Careers.i_click_on_form()"},"name":"I click on form","result":{"status":"skipped"}},{"keyword":"And ","line":33,"match":{"location":"com.stepDefinitionTestNG.Careers.i_fill_the_form_using_data_from(java.lang.Integer,java.lang.Integer)","arguments":[{"val":"1","offset":32},{"val":"1","offset":34}]},"name":"I fill the form using data from 1 1","result":{"status":"skipped"}},{"keyword":"And ","line":34,"match":{"location":"com.stepDefinitionTestNG.Careers.i_submit_the_form()"},"name":"I submit the form","result":{"status":"skipped"}},{"keyword":"Then ","line":35,"match":{"location":"com.stepDefinitionTestNG.Careers.i_should_see_the_thankyou_popup_and_close_it()"},"name":"I should see the Thankyou popup and close it","result":{"status":"skipped"}}],"before":[{"match":{"location":"com.stepDefinitionTestNG.Hooks.beforeScenario(io.cucumber.java.Scenario)"},"result":{"duration":8350498100,"status":"passed"}}],"after":[{"match":{"location":"com.stepDefinitionTestNG.Hooks.afterScenario()"},"result":{"duration":22521382000,"status":"failed","error_message":"org.openqa.selenium.WebDriverException: Timed out waiting for driver server to stop.\nBuild info: version: '4.34.0', revision: '707dcb4246*'\nSystem info: os.name: 'Windows 11', os.arch: 'amd64', os.version: '10.0', java.version: '23.0.2'\nDriver info: org.openqa.selenium.chrome.ChromeDriver\nCommand: [efb44dfe7232613e69144fb78efbba39, quit {}]\nCapabilities {acceptInsecureCerts: false, browserName: chrome, browserVersion: 142.0.7444.163, chrome: {chromedriverVersion: 142.0.7444.162 (c076baf266c..., userDataDir: C:\\Users\\katshiri\\AppData\\L...}, fedcm:accounts: true, goog:chromeOptions: {debuggerAddress: localhost:52648}, goog:processID: 3860, networkConnectionEnabled: false, pageLoadStrategy: normal, platformName: windows, proxy: Proxy(), se:cdp: ws://localhost:52648/devtoo..., se:cdpVersion: 142.0.7444.163, setWindowRect: true, strictFileInteractability: false, timeouts: {implicit: 0, pageLoad: 300000, script: 30000}, unhandledPromptBehavior: dismiss and notify, webauthn:extension:credBlob: true, webauthn:extension:largeBlob: true, webauthn:extension:minPinLength: true, webauthn:extension:prf: true, webauthn:virtualAuthenticators: true}\r\n\tat org.openqa.selenium.remote.service.DriverCommandExecutor.execute(DriverCommandExecutor.java:164)\r\n\tat org.openqa.selenium.remote.RemoteWebDriver.execute(RemoteWebDriver.java:544)\r\n\tat org.openqa.selenium.remote.RemoteWebDriver.execute(RemoteWebDriver.java:617)\r\n\tat org.openqa.selenium.remote.RemoteWebDriver.execute(RemoteWebDriver.java:621)\r\n\tat org.openqa.selenium.remote.RemoteWebDriver.quit(RemoteWebDriver.java:445)\r\n\tat org.openqa.selenium.chromium.ChromiumDriver.quit(ChromiumDriver.java:442)\r\n\tat com.setup.BaseSteps.closeBrowser(BaseSteps.java:49)\r\n\tat com.stepDefinitionTestNG.Hooks.afterScenario(Hooks.java:40)\r\nCaused by: java.util.concurrent.ExecutionException: java.util.concurrent.RejectedExecutionException: Task java.util.concurrent.FutureTask@75623f3[Not completed, task = java.util.concurrent.Executors$RunnableAdapter@dae4883[Wrapped task = org.openqa.selenium.remote.http.jdk.JdkHttpClient$$Lambda/0x000001d581430f98@369b746]] rejected from java.util.concurrent.ThreadPoolExecutor@418a9c80[Shutting down, pool size = 1, active threads = 1, queued tasks = 0, completed tasks = 199]\r\n\tat java.base/java.util.concurrent.CompletableFuture.wrapInExecutionException(CompletableFuture.java:345)\r\n\tat java.base/java.util.concurrent.CompletableFuture.reportGet(CompletableFuture.java:440)\r\n\tat java.base/java.util.concurrent.CompletableFuture.get(CompletableFuture.java:2140)\r\n\tat org.openqa.selenium.remote.service.DriverCommandExecutor.execute(DriverCommandExecutor.java:160)\r\n\t... 7 more\r\nCaused by: java.util.concurrent.RejectedExecutionException: Task java.util.concurrent.FutureTask@75623f3[Not completed, task = java.util.concurrent.Executors$RunnableAdapter@dae4883[Wrapped task = org.openqa.selenium.remote.http.jdk.JdkHttpClient$$Lambda/0x000001d581430f98@369b746]] rejected from java.util.concurrent.ThreadPoolExecutor@418a9c80[Shutting down, pool size = 1, active threads = 1, queued tasks = 0, completed tasks = 199]\r\n\tat java.base/java.util.concurrent.ThreadPoolExecutor$AbortPolicy.rejectedExecution(ThreadPoolExecutor.java:2082)\r\n\tat java.base/java.util.concurrent.ThreadPoolExecutor.reject(ThreadPoolExecutor.java:841)\r\n\tat java.base/java.util.concurrent.ThreadPoolExecutor.execute(ThreadPoolExecutor.java:1377)\r\n\tat java.base/java.util.concurrent.AbstractExecutorService.submit(AbstractExecutorService.java:124)\r\n\tat org.openqa.selenium.remote.http.jdk.JdkHttpClient.executeAsync(JdkHttpClient.java:384)\r\n\tat org.openqa.selenium.remote.http.jdk.JdkHttpClient.execute(JdkHttpClient.java:413)\r\n\tat org.openqa.selenium.remote.HttpCommandExecutor.execute(HttpCommandExecutor.java:212)\r\n\tat org.openqa.selenium.remote.service.DriverCommandExecutor.invokeExecute(DriverCommandExecutor.java:216)\r\n\tat org.openqa.selenium.remote.service.DriverCommandExecutor.lambda$execute$1(DriverCommandExecutor.java:126)\r\n\tat java.base/java.util.concurrent.CompletableFuture$AsyncSupply.run(CompletableFuture.java:1812)\r\n\tat java.base/java.util.concurrent.ThreadPoolExecutor.runWorker(ThreadPoolExecutor.java:1144)\r\n\tat java.base/java.util.concurrent.ThreadPoolExecutor$Worker.run(ThreadPoolExecutor.java:642)\r\n\tat java.base/java.lang.Thread.run(Thread.java:1575)\r\n"}}],"tags":[{"name":"@TS_03"}]},{"start_timestamp":"2025-11-17T12:54:26.377Z","line":41,"id":"validate-careers-functionality-on-edureka;submit-form-application;;3","type":"scenario","keyword":"Scenario Outline","name":"Submit Form Application","description":"","steps":[{"keyword":"Given ","line":27,"match":{"location":"com.stepDefinitionTestNG.Careers.i_launch_the_edureka_website()"},"name":"I Launch the Edureka website","result":{"duration":7074799500,"status":"passed"}},{"keyword":"When ","line":28,"match":{"location":"com.stepDefinitionTestNG.Careers.i_scroll_to_the_footer()"},"name":"I scroll to the footer","result":{"duration":3484082500,"status":"failed","error_message":"java.lang.RuntimeException: org.openqa.selenium.NoSuchElementException: no such element: element not found\n  (Session info: chrome=142.0.7444.163)\nFor documentation on this error, please visit: https://www.selenium.dev/documentation/webdriver/troubleshooting/errors#no-such-element-exception\nBuild info: version: '4.34.0', revision: '707dcb4246*'\nSystem info: os.name: 'Windows 11', os.arch: 'amd64', os.version: '10.0', java.version: '23.0.2'\nDriver info: org.openqa.selenium.chrome.ChromeDriver\nCommand: [936958e9dee7c70c98919eb7032954e1, executeScript {args=[{element-6066-11e4-a52e-4f735466cecf=f.C1B9A18D438BB74D3F9B6C4B2CFAE36A.d.5BEC52BBF16ACD8359461EBD50944245.e.73}], script=arguments[0].scrollIntoView(true);}]\nCapabilities {acceptInsecureCerts: false, browserName: chrome, browserVersion: 142.0.7444.163, chrome: {chromedriverVersion: 142.0.7444.162 (c076baf266c..., userDataDir: C:\\Users\\katshiri\\AppData\\L...}, fedcm:accounts: true, goog:chromeOptions: {debuggerAddress: localhost:63355}, goog:processID: 14424, networkConnectionEnabled: false, pageLoadStrategy: normal, platformName: windows, proxy: Proxy(), se:cdp: ws://localhost:63355/devtoo..., se:cdpVersion: 142.0.7444.163, setWindowRect: true, strictFileInteractability: false, timeouts: {implicit: 0, pageLoad: 300000, script: 30000}, unhandledPromptBehavior: dismiss and notify, webauthn:extension:credBlob: true, webauthn:extension:largeBlob: true, webauthn:extension:minPinLength: true, webauthn:extension:prf: true, webauthn:virtualAuthenticators: true}\nSession ID: 936958e9dee7c70c98919eb7032954e1\r\n\tat com.pages.BasePage.scrollToElement(BasePage.java:32)\r\n\tat com.pages.CareersPage.scrollToFooter(CareersPage.java:66)\r\n\tat com.stepDefinitionTestNG.Careers.i_scroll_to_the_footer(Careers.java:38)\r\n\tat ✽.I scroll to the footer(file:///C:/Sprint%20Implementation/Careers/./src/test/resources/Features/careers.feature:28)\r\nCaused by: org.openqa.selenium.NoSuchElementException: no such element: element not found\n  (Session info: chrome=142.0.7444.163)\nFor documentation on this error, please visit: https://www.selenium.dev/documentation/webdriver/troubleshooting/errors#no-such-element-exception\nBuild info: version: '4.34.0', revision: '707dcb4246*'\nSystem info: os.name: 'Windows 11', os.arch: 'amd64', os.version: '10.0', java.version: '23.0.2'\nDriver info: org.openqa.selenium.chrome.ChromeDriver\nCommand: [936958e9dee7c70c98919eb7032954e1, executeScript {args=[{element-6066-11e4-a52e-4f735466cecf=f.C1B9A18D438BB74D3F9B6C4B2CFAE36A.d.5BEC52BBF16ACD8359461EBD50944245.e.73}], script=arguments[0].scrollIntoView(true);}]\nCapabilities {acceptInsecureCerts: false, browserName: chrome, browserVersion: 142.0.7444.163, chrome: {chromedriverVersion: 142.0.7444.162 (c076baf266c..., userDataDir: C:\\Users\\katshiri\\AppData\\L...}, fedcm:accounts: true, goog:chromeOptions: {debuggerAddress: localhost:63355}, goog:processID: 14424, networkConnectionEnabled: false, pageLoadStrategy: normal, platformName: windows, proxy: Proxy(), se:cdp: ws://localhost:63355/devtoo..., se:cdpVersion: 142.0.7444.163, setWindowRect: true, strictFileInteractability: false, timeouts: {implicit: 0, pageLoad: 300000, script: 30000}, unhandledPromptBehavior: dismiss and notify, webauthn:extension:credBlob: true, webauthn:extension:largeBlob: true, webauthn:extension:minPinLength: true, webauthn:extension:prf: true, webauthn:virtualAuthenticators: true}\nSession ID: 936958e9dee7c70c98919eb7032954e1\r\n\tat java.base/jdk.internal.reflect.DirectConstructorHandleAccessor.newInstance(DirectConstructorHandleAccessor.java:62)\r\n\tat java.base/java.lang.reflect.Constructor.newInstanceWithCaller(Constructor.java:501)\r\n\tat java.base/java.lang.reflect.Constructor.newInstance(Constructor.java:485)\r\n\tat org.openqa.selenium.remote.ErrorCodec.decode(ErrorCodec.java:167)\r\n\tat org.openqa.selenium.remote.codec.w3c.W3CHttpResponseCodec.decode(W3CHttpResponseCodec.java:138)\r\n\tat org.openqa.selenium.remote.codec.w3c.W3CHttpResponseCodec.decode(W3CHttpResponseCodec.java:50)\r\n\tat org.openqa.selenium.remote.HttpCommandExecutor.execute(HttpCommandExecutor.java:215)\r\n\tat org.openqa.selenium.remote.service.DriverCommandExecutor.invokeExecute(DriverCommandExecutor.java:216)\r\n\tat org.openqa.selenium.remote.service.DriverCommandExecutor.execute(DriverCommandExecutor.java:174)\r\n\tat org.openqa.selenium.remote.RemoteWebDriver.execute(RemoteWebDriver.java:544)\r\n\tat org.openqa.selenium.remote.RemoteWebDriver.executeScript(RemoteWebDriver.java:475)\r\n\tat com.pages.BasePage.scrollToElement(BasePage.java:27)\r\n\t... 3 more\r\n"}},{"keyword":"And ","line":29,"match":{"location":"com.stepDefinitionTestNG.Careers.i_click_on_the_target_link()"},"name":"I click on the target link","result":{"status":"skipped"}},{"keyword":"Then ","line":30,"match":{"location":"com.stepDefinitionTestNG.Careers.i_should_be_redirected_to_the_target_page()"},"name":"I should be redirected to the target page","result":{"duration":6073900,"status":"skipped"}},{"keyword":"And ","line":31,"match":{"location":"com.stepDefinitionTestNG.Careers.i_click_on_target1()"},"name":"I click on target1","result":{"status":"skipped"}},{"keyword":"And ","line":32,"match":{"location":"com.stepDefinitionTestNG.Careers.i_click_on_form()"},"name":"I click on form","result":{"status":"skipped"}},{"keyword":"And ","line":33,"match":{"location":"com.stepDefinitionTestNG.Careers.i_fill_the_form_using_data_from(java.lang.Integer,java.lang.Integer)","arguments":[{"val":"1","offset":32},{"val":"2","offset":34}]},"name":"I fill the form using data from 1 2","result":{"status":"skipped"}},{"keyword":"And ","line":34,"match":{"location":"com.stepDefinitionTestNG.Careers.i_submit_the_form()"},"name":"I submit the form","result":{"status":"skipped"}},{"keyword":"Then ","line":35,"match":{"location":"com.stepDefinitionTestNG.Careers.i_should_see_the_thankyou_popup_and_close_it()"},"name":"I should see the Thankyou popup and close it","result":{"duration":2010100,"status":"skipped"}}],"before":[{"match":{"location":"com.stepDefinitionTestNG.Hooks.beforeScenario(io.cucumber.java.Scenario)"},"result":{"duration":9305022400,"status":"passed"}}],"after":[{"match":{"location":"com.stepDefinitionTestNG.Hooks.afterScenario()"},"result":{"duration":23339132300,"status":"passed"}}],"tags":[{"name":"@TS_03"}]},{"start_timestamp":"2025-11-17T12:54:26.378Z","line":60,"id":"validate-careers-functionality-on-edureka;download-full-course-list;;2","type":"scenario","keyword":"Scenario Outline","name":"Download Full Course List","description":"","steps":[{"keyword":"Given ","line":47,"match":{"location":"com.stepDefinitionTestNG.Careers.i_launch_the_edureka_website()"},"name":"I Launch the Edureka website","result":{"duration":4861035800,"status":"passed"}},{"keyword":"When ","line":48,"match":{"location":"com.stepDefinitionTestNG.Careers.i_scroll_to_the_footer()"},"name":"I scroll to the footer","result":{"duration":3638011000,"status":"failed","error_message":"java.lang.RuntimeException: org.openqa.selenium.NoSuchElementException: no such element: element not found\n  (Session info: chrome=142.0.7444.163)\nFor documentation on this error, please visit: https://www.selenium.dev/documentation/webdriver/troubleshooting/errors#no-such-element-exception\nBuild info: version: '4.34.0', revision: '707dcb4246*'\nSystem info: os.name: 'Windows 11', os.arch: 'amd64', os.version: '10.0', java.version: '23.0.2'\nDriver info: org.openqa.selenium.chrome.ChromeDriver\nCommand: [e75b5ac8f80cb941ce9f03301a911c96, executeScript {args=[{element-6066-11e4-a52e-4f735466cecf=f.C1B9A18D438BB74D3F9B6C4B2CFAE36A.d.5BEC52BBF16ACD8359461EBD50944245.e.73}], script=arguments[0].scrollIntoView(true);}]\nCapabilities {acceptInsecureCerts: false, browserName: chrome, browserVersion: 142.0.7444.163, chrome: {chromedriverVersion: 142.0.7444.162 (c076baf266c..., userDataDir: C:\\Users\\katshiri\\AppData\\L...}, fedcm:accounts: true, goog:chromeOptions: {debuggerAddress: localhost:61933}, goog:processID: 27808, networkConnectionEnabled: false, pageLoadStrategy: normal, platformName: windows, proxy: Proxy(), se:cdp: ws://localhost:61933/devtoo..., se:cdpVersion: 142.0.7444.163, setWindowRect: true, strictFileInteractability: false, timeouts: {implicit: 0, pageLoad: 300000, script: 30000}, unhandledPromptBehavior: dismiss and notify, webauthn:extension:credBlob: true, webauthn:extension:largeBlob: true, webauthn:extension:minPinLength: true, webauthn:extension:prf: true, webauthn:virtualAuthenticators: true}\nSession ID: e75b5ac8f80cb941ce9f03301a911c96\r\n\tat com.pages.BasePage.scrollToElement(BasePage.java:32)\r\n\tat com.pages.CareersPage.scrollToFooter(CareersPage.java:66)\r\n\tat com.stepDefinitionTestNG.Careers.i_scroll_to_the_footer(Careers.java:38)\r\n\tat ✽.I scroll to the footer(file:///C:/Sprint%20Implementation/Careers/./src/test/resources/Features/careers.feature:48)\r\nCaused by: org.openqa.selenium.NoSuchElementException: no such element: element not found\n  (Session info: chrome=142.0.7444.163)\nFor documentation on this error, please visit: https://www.selenium.dev/documentation/webdriver/troubleshooting/errors#no-such-element-exception\nBuild info: version: '4.34.0', revision: '707dcb4246*'\nSystem info: os.name: 'Windows 11', os.arch: 'amd64', os.version: '10.0', java.version: '23.0.2'\nDriver info: org.openqa.selenium.chrome.ChromeDriver\nCommand: [e75b5ac8f80cb941ce9f03301a911c96, executeScript {args=[{element-6066-11e4-a52e-4f735466cecf=f.C1B9A18D438BB74D3F9B6C4B2CFAE36A.d.5BEC52BBF16ACD8359461EBD50944245.e.73}], script=arguments[0].scrollIntoView(true);}]\nCapabilities {acceptInsecureCerts: false, browserName: chrome, browserVersion: 142.0.7444.163, chrome: {chromedriverVersion: 142.0.7444.162 (c076baf266c..., userDataDir: C:\\Users\\katshiri\\AppData\\L...}, fedcm:accounts: true, goog:chromeOptions: {debuggerAddress: localhost:61933}, goog:processID: 27808, networkConnectionEnabled: false, pageLoadStrategy: normal, platformName: windows, proxy: Proxy(), se:cdp: ws://localhost:61933/devtoo..., se:cdpVersion: 142.0.7444.163, setWindowRect: true, strictFileInteractability: false, timeouts: {implicit: 0, pageLoad: 300000, script: 30000}, unhandledPromptBehavior: dismiss and notify, webauthn:extension:credBlob: true, webauthn:extension:largeBlob: true, webauthn:extension:minPinLength: true, webauthn:extension:prf: true, webauthn:virtualAuthenticators: true}\nSession ID: e75b5ac8f80cb941ce9f03301a911c96\r\n\tat java.base/jdk.internal.reflect.DirectConstructorHandleAccessor.newInstance(DirectConstructorHandleAccessor.java:62)\r\n\tat java.base/java.lang.reflect.Constructor.newInstanceWithCaller(Constructor.java:501)\r\n\tat java.base/java.lang.reflect.Constructor.newInstance(Constructor.java:485)\r\n\tat org.openqa.selenium.remote.ErrorCodec.decode(ErrorCodec.java:167)\r\n\tat org.openqa.selenium.remote.codec.w3c.W3CHttpResponseCodec.decode(W3CHttpResponseCodec.java:138)\r\n\tat org.openqa.selenium.remote.codec.w3c.W3CHttpResponseCodec.decode(W3CHttpResponseCodec.java:50)\r\n\tat org.openqa.selenium.remote.HttpCommandExecutor.execute(HttpCommandExecutor.java:215)\r\n\tat org.openqa.selenium.remote.service.DriverCommandExecutor.invokeExecute(DriverCommandExecutor.java:216)\r\n\tat org.openqa.selenium.remote.service.DriverCommandExecutor.execute(DriverCommandExecutor.java:174)\r\n\tat org.openqa.selenium.remote.RemoteWebDriver.execute(RemoteWebDriver.java:544)\r\n\tat org.openqa.selenium.remote.RemoteWebDriver.executeScript(RemoteWebDriver.java:475)\r\n\tat com.pages.BasePage.scrollToElement(BasePage.java:27)\r\n\t... 3 more\r\n"}},{"keyword":"And ","line":49,"match":{"location":"com.stepDefinitionTestNG.Careers.i_click_on_the_target_link()"},"name":"I click on the target link","result":{"status":"skipped"}},{"keyword":"Then ","line":50,"match":{"location":"com.stepDefinitionTestNG.Careers.i_should_be_redirected_to_the_target_page()"},"name":"I should be redirected to the target page","result":{"status":"skipped"}},{"keyword":"And ","line":51,"match":{"location":"com.stepDefinitionTestNG.Careers.i_click_on_target1()"},"name":"I click on target1","result":{"status":"skipped"}},{"keyword":"And ","line":52,"match":{"location":"com.stepDefinitionTestNG.Careers.i_scroll_to_curriculums_section()"},"name":"I scroll to curriculums section","result":{"status":"skipped"}},{"keyword":"And ","line":53,"match":{"location":"com.stepDefinitionTestNG.Careers.i_click_on_download_button()"},"name":"I click on Download button","result":{"duration":2012600,"status":"skipped"}},{"keyword":"And ","line":54,"match":{"location":"com.stepDefinitionTestNG.Careers.i_fill_the_form_using_data_from_to_download_the_list(java.lang.Integer,java.lang.Integer)","arguments":[{"val":"2","offset":32},{"val":"1","offset":34}]},"name":"I fill the form using data from 2 1 to download the list","result":{"status":"skipped"}},{"keyword":"And ","line":55,"match":{"location":"com.stepDefinitionTestNG.Careers.i_click_on_submit()"},"name":"I click on submit","result":{"duration":11598600,"status":"skipped"}},{"keyword":"Then ","line":56,"match":{"location":"com.stepDefinitionTestNG.Careers.full_course_list_is_downloaded()"},"name":"full course List is downloaded","result":{"status":"skipped"}}],"before":[{"match":{"location":"com.stepDefinitionTestNG.Hooks.beforeScenario(io.cucumber.java.Scenario)"},"result":{"duration":11516302500,"status":"passed"}}],"after":[{"match":{"location":"com.stepDefinitionTestNG.Hooks.afterScenario()"},"result":{"duration":23194474600,"status":"passed"}}],"tags":[{"name":"@TS_04"}]},{"start_timestamp":"2025-11-17T12:54:26.378Z","line":61,"id":"validate-careers-functionality-on-edureka;download-full-course-list;;3","type":"scenario","keyword":"Scenario Outline","name":"Download Full Course List","description":"","steps":[{"keyword":"Given ","line":47,"match":{"location":"com.stepDefinitionTestNG.Careers.i_launch_the_edureka_website()"},"name":"I Launch the Edureka website","result":{"duration":4094713100,"status":"passed"}},{"keyword":"When ","line":48,"match":{"location":"com.stepDefinitionTestNG.Careers.i_scroll_to_the_footer()"},"name":"I scroll to the footer","result":{"duration":1894125600,"status":"passed"}},{"keyword":"And ","line":49,"match":{"location":"com.stepDefinitionTestNG.Careers.i_click_on_the_target_link()"},"name":"I click on the target link","result":{"duration":23883632200,"status":"failed","error_message":"org.openqa.selenium.remote.UnreachableBrowserException: Error communicating with the remote browser. It may have died.\nBuild info: version: '4.34.0', revision: '707dcb4246*'\nSystem info: os.name: 'Windows 11', os.arch: 'amd64', os.version: '10.0', java.version: '23.0.2'\nDriver info: org.openqa.selenium.chrome.ChromeDriver\nCommand: [efb44dfe7232613e69144fb78efbba39, screenshot []]\nCapabilities {acceptInsecureCerts: false, browserName: chrome, browserVersion: 142.0.7444.163, chrome: {chromedriverVersion: 142.0.7444.162 (c076baf266c..., userDataDir: C:\\Users\\katshiri\\AppData\\L...}, fedcm:accounts: true, goog:chromeOptions: {debuggerAddress: localhost:52648}, goog:processID: 3860, networkConnectionEnabled: false, pageLoadStrategy: normal, platformName: windows, proxy: Proxy(), se:cdp: ws://localhost:52648/devtoo..., se:cdpVersion: 142.0.7444.163, setWindowRect: true, strictFileInteractability: false, timeouts: {implicit: 0, pageLoad: 300000, script: 30000}, unhandledPromptBehavior: dismiss and notify, webauthn:extension:credBlob: true, webauthn:extension:largeBlob: true, webauthn:extension:minPinLength: true, webauthn:extension:prf: true, webauthn:virtualAuthenticators: true}\nSession ID: efb44dfe7232613e69144fb78efbba39\r\n\tat org.openqa.selenium.remote.RemoteWebDriver.execute(RemoteWebDriver.java:571)\r\n\tat org.openqa.selenium.remote.RemoteWebDriver.execute(RemoteWebDriver.java:617)\r\n\tat org.openqa.selenium.remote.RemoteWebDriver.execute(RemoteWebDriver.java:621)\r\n\tat org.openqa.selenium.remote.RemoteWebDriver.getScreenshotAs(RemoteWebDriver.java:333)\r\n\tat com.setup.Reports.captureScreenshot(Reports.java:44)\r\n\tat com.setup.Reports.generateReport(Reports.java:23)\r\n\tat com.stepDefinitionTestNG.Careers.i_click_on_the_target_link(Careers.java:56)\r\n\tat ✽.I click on the target link(file:///C:/Sprint%20Implementation/Careers/./src/test/resources/Features/careers.feature:49)\r\nCaused by: java.util.concurrent.RejectedExecutionException: Task java.util.concurrent.FutureTask@3091f141[Not completed, task = java.util.concurrent.Executors$RunnableAdapter@15f206ac[Wrapped task = org.openqa.selenium.remote.http.jdk.JdkHttpClient$$Lambda/0x000001d581430f98@35518b92]] rejected from java.util.concurrent.ThreadPoolExecutor@418a9c80[Shutting down, pool size = 1, active threads = 1, queued tasks = 0, completed tasks = 199]\r\n\tat java.base/java.util.concurrent.ThreadPoolExecutor$AbortPolicy.rejectedExecution(ThreadPoolExecutor.java:2082)\r\n\tat java.base/java.util.concurrent.ThreadPoolExecutor.reject(ThreadPoolExecutor.java:841)\r\n\tat java.base/java.util.concurrent.ThreadPoolExecutor.execute(ThreadPoolExecutor.java:1377)\r\n\tat java.base/java.util.concurrent.AbstractExecutorService.submit(AbstractExecutorService.java:124)\r\n\tat org.openqa.selenium.remote.http.jdk.JdkHttpClient.executeAsync(JdkHttpClient.java:384)\r\n\tat org.openqa.selenium.remote.http.jdk.JdkHttpClient.execute(JdkHttpClient.java:413)\r\n\tat org.openqa.selenium.remote.HttpCommandExecutor.execute(HttpCommandExecutor.java:212)\r\n\tat org.openqa.selenium.remote.service.DriverCommandExecutor.invokeExecute(DriverCommandExecutor.java:216)\r\n\tat org.openqa.selenium.remote.service.DriverCommandExecutor.execute(DriverCommandExecutor.java:174)\r\n\tat org.openqa.selenium.remote.RemoteWebDriver.execute(RemoteWebDriver.java:544)\r\n\t... 7 more\r\n"}},{"keyword":"Then ","line":50,"match":{"location":"com.stepDefinitionTestNG.Careers.i_should_be_redirected_to_the_target_page()"},"name":"I should be redirected to the target page","result":{"status":"skipped"}},{"keyword":"And ","line":51,"match":{"location":"com.stepDefinitionTestNG.Careers.i_click_on_target1()"},"name":"I click on target1","result":{"duration":1000400,"status":"skipped"}},{"keyword":"And ","line":52,"match":{"location":"com.stepDefinitionTestNG.Careers.i_scroll_to_curriculums_section()"},"name":"I scroll to curriculums section","result":{"duration":1000200,"status":"skipped"}},{"keyword":"And ","line":53,"match":{"location":"com.stepDefinitionTestNG.Careers.i_click_on_download_button()"},"name":"I click on Download button","result":{"status":"skipped"}},{"keyword":"And ","line":54,"match":{"location":"com.stepDefinitionTestNG.Careers.i_fill_the_form_using_data_from_to_download_the_list(java.lang.Integer,java.lang.Integer)","arguments":[{"val":"2","offset":32},{"val":"2","offset":34}]},"name":"I fill the form using data from 2 2 to download the list","result":{"duration":1000600,"status":"skipped"}},{"keyword":"And ","line":55,"match":{"location":"com.stepDefinitionTestNG.Careers.i_click_on_submit()"},"name":"I click on submit","result":{"status":"skipped"}},{"keyword":"Then ","line":56,"match":{"location":"com.stepDefinitionTestNG.Careers.full_course_list_is_downloaded()"},"name":"full course List is downloaded","result":{"status":"skipped"}}],"before":[{"match":{"location":"com.stepDefinitionTestNG.Hooks.beforeScenario(io.cucumber.java.Scenario)"},"result":{"duration":12285108100,"status":"passed"}}],"after":[{"match":{"location":"com.stepDefinitionTestNG.Hooks.afterScenario()"},"result":{"duration":1002666300,"status":"passed"}}],"tags":[{"name":"@TS_04"}]},{"start_timestamp":"2025-11-17T12:54:26.382Z","line":66,"id":"validate-careers-functionality-on-edureka;verify-exploring-video-lectures","type":"scenario","keyword":"Scenario","name":"verify exploring video lectures","description":"","steps":[{"keyword":"Given ","line":68,"match":{"location":"com.stepDefinitionTestNG.Careers.i_launch_the_edureka_website()"},"name":"I Launch the Edureka website","result":{"duration":552736200,"status":"passed"}},{"keyword":"When ","line":69,"match":{"location":"com.stepDefinitionTestNG.Careers.i_scroll_to_the_footer()"},"name":"I scroll to the footer","result":{"duration":25342481700,"status":"failed","error_message":"org.openqa.selenium.remote.UnreachableBrowserException: Error communicating with the remote browser. It may have died.\nBuild info: version: '4.34.0', revision: '707dcb4246*'\nSystem info: os.name: 'Windows 11', os.arch: 'amd64', os.version: '10.0', java.version: '23.0.2'\nDriver info: org.openqa.selenium.chrome.ChromeDriver\nCommand: [efb44dfe7232613e69144fb78efbba39, screenshot []]\nCapabilities {acceptInsecureCerts: false, browserName: chrome, browserVersion: 142.0.7444.163, chrome: {chromedriverVersion: 142.0.7444.162 (c076baf266c..., userDataDir: C:\\Users\\katshiri\\AppData\\L...}, fedcm:accounts: true, goog:chromeOptions: {debuggerAddress: localhost:52648}, goog:processID: 3860, networkConnectionEnabled: false, pageLoadStrategy: normal, platformName: windows, proxy: Proxy(), se:cdp: ws://localhost:52648/devtoo..., se:cdpVersion: 142.0.7444.163, setWindowRect: true, strictFileInteractability: false, timeouts: {implicit: 0, pageLoad: 300000, script: 30000}, unhandledPromptBehavior: dismiss and notify, webauthn:extension:credBlob: true, webauthn:extension:largeBlob: true, webauthn:extension:minPinLength: true, webauthn:extension:prf: true, webauthn:virtualAuthenticators: true}\nSession ID: efb44dfe7232613e69144fb78efbba39\r\n\tat org.openqa.selenium.remote.RemoteWebDriver.execute(RemoteWebDriver.java:571)\r\n\tat org.openqa.selenium.remote.RemoteWebDriver.execute(RemoteWebDriver.java:617)\r\n\tat org.openqa.selenium.remote.RemoteWebDriver.execute(RemoteWebDriver.java:621)\r\n\tat org.openqa.selenium.remote.RemoteWebDriver.getScreenshotAs(RemoteWebDriver.java:333)\r\n\tat com.setup.Reports.captureScreenshot(Reports.java:44)\r\n\tat com.setup.Reports.generateReport(Reports.java:23)\r\n\tat com.stepDefinitionTestNG.Careers.i_scroll_to_the_footer(Careers.java:41)\r\n\tat ✽.I scroll to the footer(file:///C:/Sprint%20Implementation/Careers/./src/test/resources/Features/careers.feature:69)\r\nCaused by: java.io.UncheckedIOException: java.io.IOException: Task jdk.internal.net.http.common.SequentialScheduler$SchedulableTask@7e562163 rejected from java.util.concurrent.ThreadPoolExecutor@418a9c80[Shutting down, pool size = 4, active threads = 4, queued tasks = 0, completed tasks = 196]\r\n\tat org.openqa.selenium.remote.http.jdk.JdkHttpClient.execute0(JdkHttpClient.java:500)\r\n\tat org.openqa.selenium.remote.http.AddSeleniumUserAgent.lambda$apply$0(AddSeleniumUserAgent.java:42)\r\n\tat org.openqa.selenium.remote.http.Filter.lambda$andFinally$1(Filter.java:55)\r\n\tat org.openqa.selenium.remote.http.jdk.JdkHttpClient.lambda$executeAsync$2(JdkHttpClient.java:387)\r\n\tat java.base/java.util.concurrent.Executors$RunnableAdapter.call(Executors.java:572)\r\n\tat java.base/java.util.concurrent.FutureTask.run(FutureTask.java:317)\r\n\tat java.base/java.util.concurrent.ThreadPoolExecutor.runWorker(ThreadPoolExecutor.java:1144)\r\n\tat java.base/java.util.concurrent.ThreadPoolExecutor$Worker.run(ThreadPoolExecutor.java:642)\r\n\tat java.base/java.lang.Thread.run(Thread.java:1575)\r\nCaused by: java.io.IOException: Task jdk.internal.net.http.common.SequentialScheduler$SchedulableTask@7e562163 rejected from java.util.concurrent.ThreadPoolExecutor@418a9c80[Shutting down, pool size = 4, active threads = 4, queued tasks = 0, completed tasks = 196]\r\n\tat java.net.http/jdk.internal.net.http.HttpClientImpl.send(HttpClientImpl.java:973)\r\n\tat java.net.http/jdk.internal.net.http.HttpClientFacade.send(HttpClientFacade.java:133)\r\n\tat org.openqa.selenium.remote.http.jdk.JdkHttpClient.execute0(JdkHttpClient.java:459)\r\n\t... 8 more\r\nCaused by: java.util.concurrent.RejectedExecutionException: Task jdk.internal.net.http.common.SequentialScheduler$SchedulableTask@7e562163 rejected from java.util.concurrent.ThreadPoolExecutor@418a9c80[Shutting down, pool size = 4, active threads = 4, queued tasks = 0, completed tasks = 196]\r\n\tat java.base/java.util.concurrent.ThreadPoolExecutor$AbortPolicy.rejectedExecution(ThreadPoolExecutor.java:2082)\r\n\tat java.base/java.util.concurrent.ThreadPoolExecutor.reject(ThreadPoolExecutor.java:841)\r\n\tat java.base/java.util.concurrent.ThreadPoolExecutor.execute(ThreadPoolExecutor.java:1377)\r\n\tat java.net.http/jdk.internal.net.http.HttpClientImpl$DelegatingExecutor.ensureExecutedAsync(HttpClientImpl.java:184)\r\n\tat java.net.http/jdk.internal.net.http.HttpClientImpl$DelegatingExecutor.execute(HttpClientImpl.java:176)\r\n\tat java.net.http/jdk.internal.net.http.common.SequentialScheduler.runOrSchedule(SequentialScheduler.java:282)\r\n\tat java.net.http/jdk.internal.net.http.common.SequentialScheduler.runOrSchedule(SequentialScheduler.java:251)\r\n\tat java.net.http/jdk.internal.net.http.Http1AsyncReceiver.asyncReceive(Http1AsyncReceiver.java:468)\r\n\tat java.net.http/jdk.internal.net.http.Http1AsyncReceiver$Http1TubeSubscriber.onNext(Http1AsyncReceiver.java:589)\r\n\tat java.net.http/jdk.internal.net.http.Http1AsyncReceiver$Http1TubeSubscriber.onNext(Http1AsyncReceiver.java:546)\r\n\tat java.net.http/jdk.internal.net.http.SocketTube$InternalReadPublisher$InternalReadSubscription.read(SocketTube.java:865)\r\n\tat java.net.http/jdk.internal.net.http.SocketTube$SocketFlowTask.run(SocketTube.java:181)\r\n\tat java.net.http/jdk.internal.net.http.common.SequentialScheduler$SchedulableTask.run(SequentialScheduler.java:207)\r\n\tat java.net.http/jdk.internal.net.http.common.SequentialScheduler.runOrSchedule(SequentialScheduler.java:280)\r\n\tat java.net.http/jdk.internal.net.http.common.SequentialScheduler.runOrSchedule(SequentialScheduler.java:233)\r\n\tat java.net.http/jdk.internal.net.http.SocketTube$InternalReadPublisher$InternalReadSubscription.signalReadable(SocketTube.java:782)\r\n\tat java.net.http/jdk.internal.net.http.SocketTube$InternalReadPublisher$ReadEvent.signalEvent(SocketTube.java:965)\r\n\tat java.net.http/jdk.internal.net.http.SocketTube$SocketFlowEvent.handle(SocketTube.java:253)\r\n\tat java.net.http/jdk.internal.net.http.HttpClientImpl$SelectorManager.handleEvent(HttpClientImpl.java:1478)\r\n\tat java.net.http/jdk.internal.net.http.HttpClientImpl$SelectorManager.lambda$run$3(HttpClientImpl.java:1423)\r\n\tat java.base/java.util.ArrayList.forEach(ArrayList.java:1597)\r\n\tat java.net.http/jdk.internal.net.http.HttpClientImpl$SelectorManager.run(HttpClientImpl.java:1423)\r\n"}},{"keyword":"And ","line":70,"match":{"location":"com.stepDefinitionTestNG.Careers.i_click_on_the_target_link()"},"name":"I click on the target link","result":{"status":"skipped"}},{"keyword":"Then ","line":71,"match":{"location":"com.stepDefinitionTestNG.Careers.i_should_be_redirected_to_the_target_page()"},"name":"I should be redirected to the target page","result":{"duration":1000400,"status":"skipped"}},{"keyword":"And ","line":72,"match":{"location":"com.stepDefinitionTestNG.Careers.i_click_on_blog()"},"name":"I click on blog","result":{"status":"skipped"}},{"keyword":"And ","line":73,"match":{"location":"com.stepDefinitionTestNG.Careers.i_scroll_to_more_resources_section_to_find_target2()"},"name":"I scroll to More Resources section to find target2","result":{"status":"skipped"}},{"keyword":"And ","line":74,"match":{"location":"com.stepDefinitionTestNG.Careers.i_click_on_target2()"},"name":"I click on target2","result":{"status":"skipped"}},{"keyword":"And ","line":75,"match":{"location":"com.stepDefinitionTestNG.Careers.i_scroll_to_find_recently_added_videos()"},"name":"I scroll to find Recently Added Videos","result":{"duration":1000200,"status":"skipped"}},{"keyword":"When ","line":76,"match":{"location":"com.stepDefinitionTestNG.Careers.i_click_on_target3()"},"name":"I click on target3","result":{"duration":953600,"status":"skipped"}},{"keyword":"Then ","line":77,"match":{"location":"com.stepDefinitionTestNG.Careers.the_video_lectures_page_should_be_displayed()"},"name":"the video lectures page should be displayed","result":{"status":"skipped"}}],"before":[{"match":{"location":"com.stepDefinitionTestNG.Hooks.beforeScenario(io.cucumber.java.Scenario)"},"result":{"duration":16289442000,"status":"passed"}}],"after":[{"match":{"location":"com.stepDefinitionTestNG.Hooks.afterScenario()"},"result":{"duration":2523100,"status":"failed","error_message":"org.openqa.selenium.remote.UnreachableBrowserException: Error communicating with the remote browser. It may have died.\nBuild info: version: '4.34.0', revision: '707dcb4246*'\nSystem info: os.name: 'Windows 11', os.arch: 'amd64', os.version: '10.0', java.version: '23.0.2'\nDriver info: org.openqa.selenium.chrome.ChromeDriver\nCommand: [efb44dfe7232613e69144fb78efbba39, quit []]\nCapabilities {acceptInsecureCerts: false, browserName: chrome, browserVersion: 142.0.7444.163, chrome: {chromedriverVersion: 142.0.7444.162 (c076baf266c..., userDataDir: C:\\Users\\katshiri\\AppData\\L...}, fedcm:accounts: true, goog:chromeOptions: {debuggerAddress: localhost:52648}, goog:processID: 3860, networkConnectionEnabled: false, pageLoadStrategy: normal, platformName: windows, proxy: Proxy(), se:cdp: ws://localhost:52648/devtoo..., se:cdpVersion: 142.0.7444.163, setWindowRect: true, strictFileInteractability: false, timeouts: {implicit: 0, pageLoad: 300000, script: 30000}, unhandledPromptBehavior: dismiss and notify, webauthn:extension:credBlob: true, webauthn:extension:largeBlob: true, webauthn:extension:minPinLength: true, webauthn:extension:prf: true, webauthn:virtualAuthenticators: true}\nSession ID: efb44dfe7232613e69144fb78efbba39\r\n\tat org.openqa.selenium.remote.RemoteWebDriver.execute(RemoteWebDriver.java:571)\r\n\tat org.openqa.selenium.remote.RemoteWebDriver.execute(RemoteWebDriver.java:617)\r\n\tat org.openqa.selenium.remote.RemoteWebDriver.execute(RemoteWebDriver.java:621)\r\n\tat org.openqa.selenium.remote.RemoteWebDriver.quit(RemoteWebDriver.java:445)\r\n\tat org.openqa.selenium.chromium.ChromiumDriver.quit(ChromiumDriver.java:442)\r\n\tat com.setup.BaseSteps.closeBrowser(BaseSteps.java:49)\r\n\tat com.stepDefinitionTestNG.Hooks.afterScenario(Hooks.java:40)\r\nCaused by: java.util.concurrent.RejectedExecutionException: Task java.util.concurrent.CompletableFuture$AsyncSupply@2094bde1 rejected from java.util.concurrent.ThreadPoolExecutor@70267c66[Shutting down, pool size = 2, active threads = 2, queued tasks = 6, completed tasks = 4]\r\n\tat java.base/java.util.concurrent.ThreadPoolExecutor$AbortPolicy.rejectedExecution(ThreadPoolExecutor.java:2082)\r\n\tat java.base/java.util.concurrent.ThreadPoolExecutor.reject(ThreadPoolExecutor.java:841)\r\n\tat java.base/java.util.concurrent.ThreadPoolExecutor.execute(ThreadPoolExecutor.java:1377)\r\n\tat java.base/java.util.concurrent.CompletableFuture.asyncSupplyStage(CompletableFuture.java:1826)\r\n\tat java.base/java.util.concurrent.CompletableFuture.supplyAsync(CompletableFuture.java:2049)\r\n\tat org.openqa.selenium.remote.service.DriverCommandExecutor.execute(DriverCommandExecutor.java:123)\r\n\tat org.openqa.selenium.remote.RemoteWebDriver.execute(RemoteWebDriver.java:544)\r\n\t... 6 more\r\n"}}],"tags":[{"name":"@TS_05"}]},{"start_timestamp":"2025-11-17T12:54:26.379Z","line":94,"id":"validate-careers-functionality-on-edureka;submit-form-application-with-invalid-data;;2","type":"scenario","keyword":"Scenario","name":"Submit Form Application with Invalid Data","description":"","steps":[{"keyword":"Given ","line":82,"match":{"location":"com.stepDefinitionTestNG.Careers.i_launch_the_edureka_website()"},"name":"I Launch the Edureka website","result":{"duration":4364948100,"status":"passed"}},{"keyword":"When ","line":83,"match":{"location":"com.stepDefinitionTestNG.Careers.i_scroll_to_the_footer()"},"name":"I scroll to the footer","result":{"duration":2947423000,"status":"failed","error_message":"java.lang.RuntimeException: org.openqa.selenium.NoSuchElementException: no such element: element not found\n  (Session info: chrome=142.0.7444.163)\nFor documentation on this error, please visit: https://www.selenium.dev/documentation/webdriver/troubleshooting/errors#no-such-element-exception\nBuild info: version: '4.34.0', revision: '707dcb4246*'\nSystem info: os.name: 'Windows 11', os.arch: 'amd64', os.version: '10.0', java.version: '23.0.2'\nDriver info: org.openqa.selenium.chrome.ChromeDriver\nCommand: [76543f17f332bf8c8aa609e66daa0d8e, executeScript {args=[{element-6066-11e4-a52e-4f735466cecf=f.C1B9A18D438BB74D3F9B6C4B2CFAE36A.d.5BEC52BBF16ACD8359461EBD50944245.e.73}], script=arguments[0].scrollIntoView(true);}]\nCapabilities {acceptInsecureCerts: false, browserName: chrome, browserVersion: 142.0.7444.163, chrome: {chromedriverVersion: 142.0.7444.162 (c076baf266c..., userDataDir: C:\\Users\\katshiri\\AppData\\L...}, fedcm:accounts: true, goog:chromeOptions: {debuggerAddress: localhost:63354}, goog:processID: 20968, networkConnectionEnabled: false, pageLoadStrategy: normal, platformName: windows, proxy: Proxy(), se:cdp: ws://localhost:63354/devtoo..., se:cdpVersion: 142.0.7444.163, setWindowRect: true, strictFileInteractability: false, timeouts: {implicit: 0, pageLoad: 300000, script: 30000}, unhandledPromptBehavior: dismiss and notify, webauthn:extension:credBlob: true, webauthn:extension:largeBlob: true, webauthn:extension:minPinLength: true, webauthn:extension:prf: true, webauthn:virtualAuthenticators: true}\nSession ID: 76543f17f332bf8c8aa609e66daa0d8e\r\n\tat com.pages.BasePage.scrollToElement(BasePage.java:32)\r\n\tat com.pages.CareersPage.scrollToFooter(CareersPage.java:66)\r\n\tat com.stepDefinitionTestNG.Careers.i_scroll_to_the_footer(Careers.java:38)\r\n\tat ✽.I scroll to the footer(file:///C:/Sprint%20Implementation/Careers/./src/test/resources/Features/careers.feature:83)\r\nCaused by: org.openqa.selenium.NoSuchElementException: no such element: element not found\n  (Session info: chrome=142.0.7444.163)\nFor documentation on this error, please visit: https://www.selenium.dev/documentation/webdriver/troubleshooting/errors#no-such-element-exception\nBuild info: version: '4.34.0', revision: '707dcb4246*'\nSystem info: os.name: 'Windows 11', os.arch: 'amd64', os.version: '10.0', java.version: '23.0.2'\nDriver info: org.openqa.selenium.chrome.ChromeDriver\nCommand: [76543f17f332bf8c8aa609e66daa0d8e, executeScript {args=[{element-6066-11e4-a52e-4f735466cecf=f.C1B9A18D438BB74D3F9B6C4B2CFAE36A.d.5BEC52BBF16ACD8359461EBD50944245.e.73}], script=arguments[0].scrollIntoView(true);}]\nCapabilities {acceptInsecureCerts: false, browserName: chrome, browserVersion: 142.0.7444.163, chrome: {chromedriverVersion: 142.0.7444.162 (c076baf266c..., userDataDir: C:\\Users\\katshiri\\AppData\\L...}, fedcm:accounts: true, goog:chromeOptions: {debuggerAddress: localhost:63354}, goog:processID: 20968, networkConnectionEnabled: false, pageLoadStrategy: normal, platformName: windows, proxy: Proxy(), se:cdp: ws://localhost:63354/devtoo..., se:cdpVersion: 142.0.7444.163, setWindowRect: true, strictFileInteractability: false, timeouts: {implicit: 0, pageLoad: 300000, script: 30000}, unhandledPromptBehavior: dismiss and notify, webauthn:extension:credBlob: true, webauthn:extension:largeBlob: true, webauthn:extension:minPinLength: true, webauthn:extension:prf: true, webauthn:virtualAuthenticators: true}\nSession ID: 76543f17f332bf8c8aa609e66daa0d8e\r\n\tat java.base/jdk.internal.reflect.DirectConstructorHandleAccessor.newInstance(DirectConstructorHandleAccessor.java:62)\r\n\tat java.base/java.lang.reflect.Constructor.newInstanceWithCaller(Constructor.java:501)\r\n\tat java.base/java.lang.reflect.Constructor.newInstance(Constructor.java:485)\r\n\tat org.openqa.selenium.remote.ErrorCodec.decode(ErrorCodec.java:167)\r\n\tat org.openqa.selenium.remote.codec.w3c.W3CHttpResponseCodec.decode(W3CHttpResponseCodec.java:138)\r\n\tat org.openqa.selenium.remote.codec.w3c.W3CHttpResponseCodec.decode(W3CHttpResponseCodec.java:50)\r\n\tat org.openqa.selenium.remote.HttpCommandExecutor.execute(HttpCommandExecutor.java:215)\r\n\tat org.openqa.selenium.remote.service.DriverCommandExecutor.invokeExecute(DriverCommandExecutor.java:216)\r\n\tat org.openqa.selenium.remote.service.DriverCommandExecutor.execute(DriverCommandExecutor.java:174)\r\n\tat org.openqa.selenium.remote.RemoteWebDriver.execute(RemoteWebDriver.java:544)\r\n\tat org.openqa.selenium.remote.RemoteWebDriver.executeScript(RemoteWebDriver.java:475)\r\n\tat com.pages.BasePage.scrollToElement(BasePage.java:27)\r\n\t... 3 more\r\n"}},{"keyword":"And ","line":84,"match":{"location":"com.stepDefinitionTestNG.Careers.i_click_on_the_target_link()"},"name":"I click on the target link","result":{"duration":108972100,"status":"skipped"}},{"keyword":"Then ","line":85,"match":{"location":"com.stepDefinitionTestNG.Careers.i_should_be_redirected_to_the_target_page()"},"name":"I should be redirected to the target page","result":{"duration":2010300,"status":"skipped"}},{"keyword":"And ","line":86,"match":{"location":"com.stepDefinitionTestNG.Careers.i_click_on_target1()"},"name":"I click on target1","result":{"status":"skipped"}},{"keyword":"And ","line":87,"match":{"location":"com.stepDefinitionTestNG.Careers.i_click_on_form()"},"name":"I click on form","result":{"status":"skipped"}},{"keyword":"And ","line":88,"match":{"location":"com.stepDefinitionTestNG.Careers.i_fill_the_form_using_data_from(java.lang.Integer,java.lang.Integer)","arguments":[{"val":"3","offset":32},{"val":"1","offset":34}]},"name":"I fill the form using data from 3 1","result":{"status":"skipped"}},{"keyword":"And ","line":89,"match":{"location":"com.stepDefinitionTestNG.Careers.i_submit_the_form()"},"name":"I submit the form","result":{"status":"skipped"}},{"keyword":"Then ","line":90,"match":{"location":"com.stepDefinitionTestNG.Careers.it_should_show_me_an_error_for_filling_invalid_data()"},"name":"It should show me an error for filling invalid data","result":{"duration":2012000,"status":"skipped"}}],"before":[{"match":{"location":"com.stepDefinitionTestNG.Hooks.beforeScenario(io.cucumber.java.Scenario)"},"result":{"duration":12013866600,"status":"passed"}}],"after":[{"match":{"location":"com.stepDefinitionTestNG.Hooks.afterScenario()"},"result":{"duration":23743503100,"status":"passed"}}],"tags":[{"name":"@TS_06"}]}],"tags":[]}]