<?xml version="1.0" encoding="UTF-8"?>
<testng-results ignored="0" total="5" passed="5" failed="0" skipped="0">
  <reporter-output>
  </reporter-output>
  <suite started-at="2025-11-13T18:03:31 IST" name="Default suite" finished-at="2025-11-13T18:05:25 IST" duration-ms="113809">
    <groups>
      <group name="cucumber">
        <method signature="AbstractTestNGCucumberTests.runScenario(io.cucumber.testng.PickleWrapper,io.cucumber.testng.FeatureWrapper)[pri:0, instance:com.runner.RunnerTestNG@6a370f4]" name="runScenario" class="io.cucumber.testng.AbstractTestNGCucumberTests"/>
      </group> <!-- cucumber -->
    </groups>
    <test started-at="2025-11-13T18:03:31 IST" name="Default test" finished-at="2025-11-13T18:05:25 IST" duration-ms="113809">
      <class name="com.runner.RunnerTestNG">
        <test-method is-config="true" signature="setUpClass(org.testng.ITestContext)[pri:0, instance:com.runner.RunnerTestNG@6a370f4]" started-at="2025-11-13T18:03:32 IST" name="setUpClass" finished-at="2025-11-13T18:03:32 IST" duration-ms="931" status="PASS">
          <params>
            <param index="0">
              <value>
                <![CDATA[org.testng.TestRunner@4e4395c]]>
              </value>
            </param>
          </params>
          <reporter-output>
          </reporter-output>
        </test-method> <!-- setUpClass -->
        <test-method signature="runScenario(io.cucumber.testng.PickleWrapper,io.cucumber.testng.FeatureWrapper)[pri:0, instance:com.runner.RunnerTestNG@6a370f4]" started-at="2025-11-13T18:03:32 IST" name="runScenario" description="Runs Cucumber Scenarios" data-provider="scenarios" finished-at="2025-11-13T18:04:22 IST" duration-ms="49342" status="PASS">
          <params>
            <param index="0">
              <value>
                <![CDATA["Navigate to selected categories from homepage"]]>
              </value>
            </param>
            <param index="1">
              <value>
                <![CDATA["Verify Discover Top Categories and Brochure Download Functionality on Edureka website"]]>
              </value>
            </param>
          </params>
          <reporter-output>
          </reporter-output>
        </test-method> <!-- runScenario -->
        <test-method signature="runScenario(io.cucumber.testng.PickleWrapper,io.cucumber.testng.FeatureWrapper)[pri:0, instance:com.runner.RunnerTestNG@6a370f4]" started-at="2025-11-13T18:04:22 IST" name="runScenario" description="Runs Cucumber Scenarios" data-provider="scenarios" finished-at="2025-11-13T18:04:34 IST" duration-ms="11739" status="PASS">
          <params>
            <param index="0">
              <value>
                <![CDATA["Navigate to Selenium course under Software Testing"]]>
              </value>
            </param>
            <param index="1">
              <value>
                <![CDATA["Verify Discover Top Categories and Brochure Download Functionality on Edureka website"]]>
              </value>
            </param>
          </params>
          <reporter-output>
          </reporter-output>
        </test-method> <!-- runScenario -->
        <test-method signature="runScenario(io.cucumber.testng.PickleWrapper,io.cucumber.testng.FeatureWrapper)[pri:0, instance:com.runner.RunnerTestNG@6a370f4]" started-at="2025-11-13T18:04:34 IST" name="runScenario" description="Runs Cucumber Scenarios" data-provider="scenarios" finished-at="2025-11-13T18:04:47 IST" duration-ms="13763" status="PASS">
          <params>
            <param index="0">
              <value>
                <![CDATA["Navigate to category pages from Discover Top Categories"]]>
              </value>
            </param>
            <param index="1">
              <value>
                <![CDATA["Verify Discover Top Categories and Brochure Download Functionality on Edureka website"]]>
              </value>
            </param>
          </params>
          <reporter-output>
          </reporter-output>
        </test-method> <!-- runScenario -->
        <test-method signature="runScenario(io.cucumber.testng.PickleWrapper,io.cucumber.testng.FeatureWrapper)[pri:0, instance:com.runner.RunnerTestNG@6a370f4]" started-at="2025-11-13T18:04:47 IST" name="runScenario" description="Runs Cucumber Scenarios" data-provider="scenarios" finished-at="2025-11-13T18:05:07 IST" duration-ms="19820" status="PASS">
          <params>
            <param index="0">
              <value>
                <![CDATA["Download brochure for PGP in Generative AI and ML and fill details from Excel"]]>
              </value>
            </param>
            <param index="1">
              <value>
                <![CDATA["Verify Discover Top Categories and Brochure Download Functionality on Edureka website"]]>
              </value>
            </param>
          </params>
          <reporter-output>
          </reporter-output>
        </test-method> <!-- runScenario -->
        <test-method signature="runScenario(io.cucumber.testng.PickleWrapper,io.cucumber.testng.FeatureWrapper)[pri:0, instance:com.runner.RunnerTestNG@6a370f4]" started-at="2025-11-13T18:05:07 IST" name="runScenario" description="Runs Cucumber Scenarios" data-provider="scenarios" finished-at="2025-11-13T18:05:25 IST" duration-ms="18027" status="PASS">
          <params>
            <param index="0">
              <value>
                <![CDATA["Download brochure for PGP in Generative AI and ML and fill details from Excel"]]>
              </value>
            </param>
            <param index="1">
              <value>
                <![CDATA["Verify Discover Top Categories and Brochure Download Functionality on Edureka website"]]>
              </value>
            </param>
          </params>
          <reporter-output>
          </reporter-output>
        </test-method> <!-- runScenario -->
        <test-method is-config="true" signature="tearDownClass()[pri:0, instance:com.runner.RunnerTestNG@6a370f4]" started-at="2025-11-13T18:05:25 IST" name="tearDownClass" finished-at="2025-11-13T18:05:25 IST" duration-ms="126" status="PASS">
          <reporter-output>
          </reporter-output>
        </test-method> <!-- tearDownClass -->
      </class> <!-- com.runner.RunnerTestNG -->
    </test> <!-- Default test -->
  </suite> <!-- Default suite -->
</testng-results>
