<?xml version="1.0" encoding="UTF-8"?>
<testng-results ignored="0" total="1" passed="1" failed="0" skipped="0">
  <reporter-output>
  </reporter-output>
  <suite started-at="2025-11-11T23:00:55 IST" name="Default suite" finished-at="2025-11-11T23:01:19 IST" duration-ms="24120">
    <groups>
      <group name="cucumber">
        <method signature="AbstractTestNGCucumberTests.runScenario(io.cucumber.testng.PickleWrapper,io.cucumber.testng.FeatureWrapper)[pri:0, instance:com.runner.RunnerTestNG@6a370f4]" name="runScenario" class="io.cucumber.testng.AbstractTestNGCucumberTests"/>
      </group> <!-- cucumber -->
    </groups>
    <test started-at="2025-11-11T23:00:55 IST" name="Default test" finished-at="2025-11-11T23:01:19 IST" duration-ms="24120">
      <class name="com.runner.RunnerTestNG">
        <test-method is-config="true" signature="setUpClass(org.testng.ITestContext)[pri:0, instance:com.runner.RunnerTestNG@6a370f4]" started-at="2025-11-11T23:00:55 IST" name="setUpClass" finished-at="2025-11-11T23:00:56 IST" duration-ms="847" status="PASS">
          <params>
            <param index="0">
              <value>
                <![CDATA[org.testng.TestRunner@3724b43e]]>
              </value>
            </param>
          </params>
          <reporter-output>
          </reporter-output>
        </test-method> <!-- setUpClass -->
        <test-method signature="runScenario(io.cucumber.testng.PickleWrapper,io.cucumber.testng.FeatureWrapper)[pri:0, instance:com.runner.RunnerTestNG@6a370f4]" started-at="2025-11-11T23:00:56 IST" name="runScenario" description="Runs Cucumber Scenarios" data-provider="scenarios" finished-at="2025-11-11T23:01:19 IST" duration-ms="23169" status="PASS">
          <params>
            <param index="0">
              <value>
                <![CDATA["Navigate to selected categories from homepage"]]>
              </value>
            </param>
            <param index="1">
              <value>
                <![CDATA["Verify Discover Top Categories and Brochure Download Functionality on Edureka website"]]>
              </value>
            </param>
          </params>
          <reporter-output>
          </reporter-output>
        </test-method> <!-- runScenario -->
        <test-method is-config="true" signature="tearDownClass()[pri:0, instance:com.runner.RunnerTestNG@6a370f4]" started-at="2025-11-11T23:01:19 IST" name="tearDownClass" finished-at="2025-11-11T23:01:19 IST" duration-ms="43" status="PASS">
          <reporter-output>
          </reporter-output>
        </test-method> <!-- tearDownClass -->
      </class> <!-- com.runner.RunnerTestNG -->
    </test> <!-- Default test -->
  </suite> <!-- Default suite -->
</testng-results>
